#
# There is insufficient memory for the Java Runtime Environment to continue.
# Native memory allocation (mmap) failed to map 65536 bytes for Failed to commit metaspace.
# Possible reasons:
#   The system is out of physical RAM or swap space
#   The process is running with CompressedOops enabled, and the Java Heap may be blocking the growth of the native heap
# Possible solutions:
#   Reduce memory load on the system
#   Increase physical memory or swap space
#   Check if swap backing store is full
#   Decrease Java heap size (-Xmx/-Xms)
#   Decrease number of Java threads
#   Decrease Java thread stack sizes (-Xss)
#   Set larger code cache with -XX:ReservedCodeCacheSize=
#   JVM is running with Unscaled Compressed Oops mode in which the Java heap is
#     placed in the first 4GB address space. The Java Heap base address is the
#     maximum limit for the native heap growth. Please use -XX:HeapBaseMinAddress
#     to set the Java Heap base and to place the Java Heap above 4GB virtual address.
# This output file may be truncated or incomplete.
#
#  Out of Memory Error (virtualSpaceNode.cpp:110), pid=2316, tid=12172
#
# JRE version: Java(TM) SE Runtime Environment (17.0.2+8) (build 17.0.2+8-LTS-86)
# Java VM: Java HotSpot(TM) 64-Bit Server VM (17.0.2+8-LTS-86, mixed mode, sharing, tiered, compressed oops, compressed class ptrs, parallel gc, windows-amd64)
# No core dump will be written. Minidumps are not enabled by default on client versions of Windows
#

---------------  S U M M A R Y ------------

Command Line: --add-modules=ALL-SYSTEM --add-opens=java.base/java.util=ALL-UNNAMED --add-opens=java.base/java.lang=ALL-UNNAMED --add-opens=java.base/sun.nio.fs=ALL-UNNAMED -Declipse.application=org.eclipse.jdt.ls.core.id1 -Dosgi.bundles.defaultStartLevel=4 -Declipse.product=org.eclipse.jdt.ls.core.product -Djava.import.generatesMetadataFilesAtProjectRoot=false -Dfile.encoding=utf8 -DwatchParentProcess=false -XX:+UseParallelGC -XX:GCTimeRatio=4 -XX:AdaptiveSizePolicyWeight=90 -Dsun.zip.disableMemoryMapping=true -Xmx1G -Xms100m c:\Users\Woyi\.vscode\extensions\redhat.java-1.4.0\server\plugins\org.eclipse.equinox.launcher_1.6.400.v20210924-0641.jar -configuration c:\Users\Woyi\AppData\Roaming\Code\User\globalStorage\redhat.java\1.4.0\config_ss_win -data c:\Users\Woyi\AppData\Roaming\Code\User\workspaceStorage\72a52f48ab5fef7502c5d8c379e6b950\redhat.java\ss_ws

Host: Intel(R) Core(TM) i5-3427U CPU @ 1.80GHz, 4 cores, 3G,  Windows 10 , 64 bit Build 19041 (10.0.19041.1503)
Time: Thu Mar 10 22:53:17 2022 Malay Peninsula Standard Time elapsed time: 2.386166 seconds (0d 0h 0m 2s)

---------------  T H R E A D  ---------------

Current thread (0x0000029edb219bd0):  JavaThread "main" [_thread_in_vm, id=12172, stack(0x000000ec2cf00000,0x000000ec2d000000)]

Stack: [0x000000ec2cf00000,0x000000ec2d000000]
Native frames: (J=compiled Java code, j=interpreted, Vv=VM code, C=native code)
V  [jvm.dll+0x670baa]
V  [jvm.dll+0x7cfcb4]
V  [jvm.dll+0x7d145e]
V  [jvm.dll+0x7d1ac3]
V  [jvm.dll+0x242bc5]
V  [jvm.dll+0x7cbc5b]
V  [jvm.dll+0x616966]
V  [jvm.dll+0x6169ca]
V  [jvm.dll+0x6191da]
V  [jvm.dll+0x617306]
V  [jvm.dll+0x2385a0]
V  [jvm.dll+0x1e880d]
V  [jvm.dll+0x1de251]
V  [jvm.dll+0x537c30]
V  [jvm.dll+0x1eea37]
V  [jvm.dll+0x74a15b]
V  [jvm.dll+0x74b502]
V  [jvm.dll+0x40fd95]
C  [java.dll+0x1a55]

Java frames: (J=compiled Java code, j=interpreted, Vv=VM code)
j  java.lang.ClassLoader.findBootstrapClass(Ljava/lang/String;)Ljava/lang/Class;+0 java.base@17.0.2
J 643 c1 jdk.internal.loader.ClassLoaders$BootClassLoader.loadClassOrNull(Ljava/lang/String;Z)Ljava/lang/Class; java.base@17.0.2 (10 bytes) @ 0x0000029ee48e774c [0x0000029ee48e75e0+0x000000000000016c]
J 634 c1 jdk.internal.loader.BuiltinClassLoader.loadClassOrNull(Ljava/lang/String;Z)Ljava/lang/Class; java.base@17.0.2 (143 bytes) @ 0x0000029ee48e35ec [0x0000029ee48e2b40+0x0000000000000aac]
J 642 c1 jdk.internal.loader.BuiltinClassLoader.loadClass(Ljava/lang/String;Z)Ljava/lang/Class; java.base@17.0.2 (22 bytes) @ 0x0000029ee48e714c [0x0000029ee48e7040+0x000000000000010c]
J 769 c1 java.lang.ClassLoader.loadClass(Ljava/lang/String;Z)Ljava/lang/Class; java.base@17.0.2 (121 bytes) @ 0x0000029ee490ffc4 [0x0000029ee490fc40+0x0000000000000384]
J 641 c1 java.lang.ClassLoader.loadClass(Ljava/lang/String;)Ljava/lang/Class; java.base@17.0.2 (7 bytes) @ 0x0000029ee48e6d4c [0x0000029ee48e6c40+0x000000000000010c]
v  ~StubRoutines::call_stub
j  org.eclipse.osgi.internal.framework.EquinoxContainerAdaptor.<init>(Lorg/eclipse/osgi/internal/framework/EquinoxContainer;Lorg/eclipse/osgi/storage/Storage;Ljava/util/Map;)V+216
j  org.eclipse.osgi.storage.Storage.<init>(Lorg/eclipse/osgi/internal/framework/EquinoxContainer;[Ljava/lang/String;)V+668
j  org.eclipse.osgi.storage.Storage.createStorage(Lorg/eclipse/osgi/internal/framework/EquinoxContainer;)Lorg/eclipse/osgi/storage/Storage;+11
j  org.eclipse.osgi.internal.framework.EquinoxContainer.<init>(Ljava/util/Map;Lorg/osgi/framework/connect/ModuleConnector;)V+145
j  org.eclipse.osgi.launch.Equinox.<init>(Ljava/util/Map;Lorg/osgi/framework/connect/ModuleConnector;)V+10
j  org.eclipse.osgi.launch.Equinox.<init>(Ljava/util/Map;)V+3
j  org.eclipse.core.runtime.adaptor.EclipseStarter.startup([Ljava/lang/String;Ljava/lang/Runnable;)Lorg/osgi/framework/BundleContext;+28
j  org.eclipse.core.runtime.adaptor.EclipseStarter.run([Ljava/lang/String;Ljava/lang/Runnable;)Ljava/lang/Object;+21
v  ~StubRoutines::call_stub
j  jdk.internal.reflect.NativeMethodAccessorImpl.invoke0(Ljava/lang/reflect/Method;Ljava/lang/Object;[Ljava/lang/Object;)Ljava/lang/Object;+0 java.base@17.0.2
j  jdk.internal.reflect.NativeMethodAccessorImpl.invoke(Ljava/lang/Object;[Ljava/lang/Object;)Ljava/lang/Object;+133 java.base@17.0.2
j  jdk.internal.reflect.DelegatingMethodAccessorImpl.invoke(Ljava/lang/Object;[Ljava/lang/Object;)Ljava/lang/Object;+6 java.base@17.0.2
j  java.lang.reflect.Method.invoke(Ljava/lang/Object;[Ljava/lang/Object;)Ljava/lang/Object;+59 java.base@17.0.2
j  org.eclipse.equinox.launcher.Main.invokeFramework([Ljava/lang/String;[Ljava/net/URL;)V+201
j  org.eclipse.equinox.launcher.Main.basicRun([Ljava/lang/String;)V+159
j  org.eclipse.equinox.launcher.Main.run([Ljava/lang/String;)I+4
j  org.eclipse.equinox.launcher.Main.main([Ljava/lang/String;)V+10
v  ~StubRoutines::call_stub

---------------  P R O C E S S  ---------------

Threads class SMR info:
_java_thread_list=0x0000029ef77b9360, length=12, elements={
0x0000029edb219bd0, 0x0000029ef5aebe20, 0x0000029ef5aecd60, 0x0000029ef5afa570,
0x0000029ef5afb3e0, 0x0000029ef5afc250, 0x0000029ef5afde10, 0x0000029ef5b00bb0,
0x0000029ef5b01720, 0x0000029ef5b6f010, 0x0000029ef5b96710, 0x0000029ef75da6d0
}

Java Threads: ( => current thread )
=>0x0000029edb219bd0 JavaThread "main" [_thread_in_vm, id=12172, stack(0x000000ec2cf00000,0x000000ec2d000000)]
  0x0000029ef5aebe20 JavaThread "Reference Handler" daemon [_thread_blocked, id=3744, stack(0x000000ec2d200000,0x000000ec2d300000)]
  0x0000029ef5aecd60 JavaThread "Finalizer" daemon [_thread_blocked, id=2656, stack(0x000000ec2d300000,0x000000ec2d400000)]
  0x0000029ef5afa570 JavaThread "Signal Dispatcher" daemon [_thread_blocked, id=7348, stack(0x000000ec2d400000,0x000000ec2d500000)]
  0x0000029ef5afb3e0 JavaThread "Attach Listener" daemon [_thread_blocked, id=4460, stack(0x000000ec2d500000,0x000000ec2d600000)]
  0x0000029ef5afc250 JavaThread "Service Thread" daemon [_thread_blocked, id=7756, stack(0x000000ec2d600000,0x000000ec2d700000)]
  0x0000029ef5afde10 JavaThread "Monitor Deflation Thread" daemon [_thread_blocked, id=7148, stack(0x000000ec2d700000,0x000000ec2d800000)]
  0x0000029ef5b00bb0 JavaThread "C2 CompilerThread0" daemon [_thread_blocked, id=5608, stack(0x000000ec2d800000,0x000000ec2d900000)]
  0x0000029ef5b01720 JavaThread "C1 CompilerThread0" daemon [_thread_blocked, id=10920, stack(0x000000ec2d900000,0x000000ec2da00000)]
  0x0000029ef5b6f010 JavaThread "Sweeper thread" daemon [_thread_blocked, id=4780, stack(0x000000ec2da00000,0x000000ec2db00000)]
  0x0000029ef5b96710 JavaThread "Common-Cleaner" daemon [_thread_blocked, id=10424, stack(0x000000ec2db00000,0x000000ec2dc00000)]
  0x0000029ef75da6d0 JavaThread "Notification Thread" daemon [_thread_blocked, id=10064, stack(0x000000ec2dc00000,0x000000ec2dd00000)]

Other Threads:
  0x0000029edb2e83d0 VMThread "VM Thread" [stack: 0x000000ec2d100000,0x000000ec2d200000] [id=7796]
  0x0000029ef75dbbb0 WatcherThread [stack: 0x000000ec2dd00000,0x000000ec2de00000] [id=3536]
  0x0000029edb22f3c0 GCTaskThread "GC Thread#0" [stack: 0x000000ec2d000000,0x000000ec2d100000] [id=10180]

Threads with active compile tasks:

VM state: not at safepoint (normal execution)

VM Mutex/Monitor currently owned by a thread:  ([mutex/lock_event])
[0x0000029edb208f20] Metaspace_lock - owner thread: 0x0000029edb219bd0

Heap address: 0x00000000c0000000, size: 1024 MB, Compressed Oops mode: 32-bit

CDS archive(s) mapped at: [0x0000000800000000-0x0000000800bc0000-0x0000000800bc0000), size 12320768, SharedBaseAddress: 0x0000000800000000, ArchiveRelocationMode: 0.
Compressed class space mapped at: 0x0000000800c00000-0x0000000840c00000, reserved size: 1073741824
Narrow klass base: 0x0000000800000000, Narrow klass shift: 0, Narrow klass range: 0x100000000

GC Precious Log:
 CPUs: 4 total, 4 available
 Memory: 3959M
 Large Page Support: Disabled
 NUMA Support: Disabled
 Compressed Oops: Enabled (32-bit)
 Alignments: Space 512K, Generation 512K, Heap 2M
 Heap Min Capacity: 100M
 Heap Initial Capacity: 100M
 Heap Max Capacity: 1G
 Pre-touch: Disabled
 Parallel Workers: 4

Heap:
 PSYoungGen      total 29696K, used 15129K [0x00000000eab00000, 0x00000000ecc00000, 0x0000000100000000)
  eden space 25600K, 59% used [0x00000000eab00000,0x00000000eb9c66b8,0x00000000ec400000)
  from space 4096K, 0% used [0x00000000ec800000,0x00000000ec800000,0x00000000ecc00000)
  to   space 4096K, 0% used [0x00000000ec400000,0x00000000ec400000,0x00000000ec800000)
 ParOldGen       total 68608K, used 0K [0x00000000c0000000, 0x00000000c4300000, 0x00000000eab00000)
  object space 68608K, 0% used [0x00000000c0000000,0x00000000c0000000,0x00000000c4300000)
 Metaspace       used 4857K, committed 4992K, reserved 1056768K
  class space    used 470K, committed 576K, reserved 1048576K

Card table byte_map: [0x0000029ef3430000,0x0000029ef3640000] _byte_map_base: 0x0000029ef2e30000

Marking Bits: (ParMarkBitMap*) 0x00007ffaf9d443c0
 Begin Bits: [0x0000029ef37a0000, 0x0000029ef47a0000)
 End Bits:   [0x0000029ef47a0000, 0x0000029ef57a0000)

Polling page: 0x0000029edb2f0000

Metaspace:

Usage:
  Non-class:      4.28 MB used.
      Class:    470.47 KB used.
       Both:      4.74 MB used.

Virtual space:
  Non-class space:        8.00 MB reserved,       4.31 MB ( 54%) committed,  1 nodes.
      Class space:        1.00 GB reserved,     576.00 KB ( <1%) committed,  1 nodes.
             Both:        1.01 GB reserved,       4.88 MB ( <1%) committed. 

Chunk freelists:
   Non-Class:  2.88 MB
       Class:  3.48 MB
        Both:  6.36 MB

MaxMetaspaceSize: unlimited
CompressedClassSpaceSize: 1.00 GB
Initial GC threshold: 21.00 MB
Current GC threshold: 21.00 MB
CDS: on
MetaspaceReclaimPolicy: balanced
 - commit_granule_bytes: 65536.
 - commit_granule_words: 8192.
 - virtual_space_node_default_size: 1048576.
 - enlarge_chunks_in_place: 1.
 - new_chunks_are_fully_committed: 0.
 - uncommit_free_chunks: 1.
 - use_allocation_guard: 0.
 - handle_deallocations: 1.


Internal statistics:

num_allocs_failed_limit: 0.
num_arena_births: 36.
num_arena_deaths: 0.
num_vsnodes_births: 2.
num_vsnodes_deaths: 0.
num_space_committed: 78.
num_space_uncommitted: 0.
num_chunks_returned_to_freelist: 0.
num_chunks_taken_from_freelist: 92.
num_chunk_merges: 0.
num_chunk_splits: 65.
num_chunks_enlarged: 52.
num_purges: 0.
num_inconsistent_stats: 0.

CodeHeap 'non-profiled nmethods': size=120000Kb used=279Kb max_used=279Kb free=119720Kb
 bounds [0x0000029eebd10000, 0x0000029eebf80000, 0x0000029ef3240000]
CodeHeap 'profiled nmethods': size=120000Kb used=1328Kb max_used=1328Kb free=118671Kb
 bounds [0x0000029ee47e0000, 0x0000029ee4a50000, 0x0000029eebd10000]
CodeHeap 'non-nmethods': size=5760Kb used=1133Kb max_used=1151Kb free=4626Kb
 bounds [0x0000029ee4240000, 0x0000029ee44b0000, 0x0000029ee47e0000]
 total_blobs=1228 nmethods=805 adapters=338
 compilation: enabled
              stopped_count=0, restarted_count=0
 full_count=0

Compilation events (20 events):
Event: 2.314 Thread 0x0000029ef5b01720 nmethod 796 0x0000029ee4923390 code [0x0000029ee49235e0, 0x0000029ee49241c8]
Event: 2.322 Thread 0x0000029ef5b01720  797       3       java.lang.ref.Cleaner::register (25 bytes)
Event: 2.322 Thread 0x0000029ef5b01720 nmethod 797 0x0000029ee4924490 code [0x0000029ee4924680, 0x0000029ee4924b88]
Event: 2.322 Thread 0x0000029ef5b01720  798       3       jdk.internal.ref.CleanerImpl$PhantomCleanableRef::<init> (12 bytes)
Event: 2.323 Thread 0x0000029ef5b01720 nmethod 798 0x0000029ee4924d90 code [0x0000029ee4924f20, 0x0000029ee4925088]
Event: 2.323 Thread 0x0000029ef5b01720  799       3       java.util.zip.ZipUtils::CENSIZ (9 bytes)
Event: 2.323 Thread 0x0000029ef5b01720 nmethod 799 0x0000029ee4925110 code [0x0000029ee49252c0, 0x0000029ee4925598]
Event: 2.326 Thread 0x0000029ef5b01720  800       3       java.util.ArrayList::toArray (12 bytes)
Event: 2.326 Thread 0x0000029ef5b01720 nmethod 800 0x0000029ee4925710 code [0x0000029ee49258c0, 0x0000029ee4925aa8]
Event: 2.331 Thread 0x0000029ef5b00bb0 nmethod 793 0x0000029eebd55490 code [0x0000029eebd55620, 0x0000029eebd55a98]
Event: 2.368 Thread 0x0000029ef5b01720  801       3       java.util.zip.ZipFile$Source::getEntryNext (9 bytes)
Event: 2.368 Thread 0x0000029ef5b01720 nmethod 801 0x0000029ee4925b90 code [0x0000029ee4925d20, 0x0000029ee4925e58]
Event: 2.371 Thread 0x0000029ef5b01720  802       3       java.util.WeakHashMap::remove (131 bytes)
Event: 2.373 Thread 0x0000029ef5b01720 nmethod 802 0x0000029ee4925f10 code [0x0000029ee4926140, 0x0000029ee4926bf8]
Event: 2.375 Thread 0x0000029ef5b01720  803   !   3       java.util.concurrent.ConcurrentHashMap::computeIfAbsent (576 bytes)
Event: 2.379 Thread 0x0000029ef5b01720 nmethod 803 0x0000029ee4927010 code [0x0000029ee4927420, 0x0000029ee4929698]
Event: 2.379 Thread 0x0000029ef5b01720  804       3       sun.invoke.util.VerifyAccess::isClassAccessible (230 bytes)
Event: 2.381 Thread 0x0000029ef5b01720 nmethod 804 0x0000029ee492a710 code [0x0000029ee492aa20, 0x0000029ee492b918]
Event: 2.381 Thread 0x0000029ef5b01720  805       3       java.lang.invoke.MethodHandles$Lookup::lookupClassOrNull (17 bytes)
Event: 2.381 Thread 0x0000029ef5b01720 nmethod 805 0x0000029ee492bd10 code [0x0000029ee492bea0, 0x0000029ee492c038]

GC Heap History (0 events):
No events

Deoptimization events (20 events):
Event: 1.244 Thread 0x0000029edb219bd0 DEOPT PACKING pc=0x0000029ee488e500 sp=0x000000ec2cffd9f0
Event: 1.244 Thread 0x0000029edb219bd0 DEOPT UNPACKING pc=0x0000029ee4292843 sp=0x000000ec2cffce60 mode 0
Event: 1.244 Thread 0x0000029edb219bd0 DEOPT PACKING pc=0x0000029ee488e500 sp=0x000000ec2cffd9f0
Event: 1.244 Thread 0x0000029edb219bd0 DEOPT UNPACKING pc=0x0000029ee4292843 sp=0x000000ec2cffce60 mode 0
Event: 1.244 Thread 0x0000029edb219bd0 DEOPT PACKING pc=0x0000029ee488e500 sp=0x000000ec2cffd9f0
Event: 1.244 Thread 0x0000029edb219bd0 DEOPT UNPACKING pc=0x0000029ee4292843 sp=0x000000ec2cffce60 mode 0
Event: 1.245 Thread 0x0000029edb219bd0 DEOPT PACKING pc=0x0000029ee488e500 sp=0x000000ec2cffd9f0
Event: 1.245 Thread 0x0000029edb219bd0 DEOPT UNPACKING pc=0x0000029ee4292843 sp=0x000000ec2cffce60 mode 0
Event: 1.245 Thread 0x0000029edb219bd0 DEOPT PACKING pc=0x0000029ee488e500 sp=0x000000ec2cffd9f0
Event: 1.245 Thread 0x0000029edb219bd0 DEOPT UNPACKING pc=0x0000029ee4292843 sp=0x000000ec2cffce60 mode 0
Event: 1.245 Thread 0x0000029edb219bd0 DEOPT PACKING pc=0x0000029ee488e500 sp=0x000000ec2cffd9f0
Event: 1.245 Thread 0x0000029edb219bd0 DEOPT UNPACKING pc=0x0000029ee4292843 sp=0x000000ec2cffce60 mode 0
Event: 1.246 Thread 0x0000029edb219bd0 DEOPT PACKING pc=0x0000029ee488e500 sp=0x000000ec2cffd9f0
Event: 1.246 Thread 0x0000029edb219bd0 DEOPT UNPACKING pc=0x0000029ee4292843 sp=0x000000ec2cffce60 mode 0
Event: 1.566 Thread 0x0000029edb219bd0 Uncommon trap: trap_request=0xffffff45 fr.pc=0x0000029eebd31c60 relative=0x0000000000000a40
Event: 1.566 Thread 0x0000029edb219bd0 Uncommon trap: reason=unstable_if action=reinterpret pc=0x0000029eebd31c60 method=java.util.HashMap.hash(Ljava/lang/Object;)I @ 1 c2
Event: 1.566 Thread 0x0000029edb219bd0 DEOPT PACKING pc=0x0000029eebd31c60 sp=0x000000ec2cffe440
Event: 1.566 Thread 0x0000029edb219bd0 DEOPT UNPACKING pc=0x0000029ee42920a3 sp=0x000000ec2cffe3c0 mode 2
Event: 1.572 Thread 0x0000029edb219bd0 DEOPT PACKING pc=0x0000029ee487718c sp=0x000000ec2cffd640
Event: 1.572 Thread 0x0000029edb219bd0 DEOPT UNPACKING pc=0x0000029ee4292843 sp=0x000000ec2cffcad0 mode 0

Classes unloaded (0 events):
No events

Classes redefined (0 events):
No events

Internal exceptions (20 events):
Event: 0.782 Thread 0x0000029edb219bd0 Exception <a 'java/lang/ClassNotFoundException'{0x00000000eaf25a98}: sun/net/www/protocol/c/Handler> (0x00000000eaf25a98) 
thrown [t:\workspace\open\src\hotspot\share\classfile\systemDictionary.cpp, line 256]
Event: 0.795 Thread 0x0000029edb219bd0 Exception <a 'java/io/FileNotFoundException'{0x00000000eaf33fb8}> (0x00000000eaf33fb8) 
thrown [t:\workspace\open\src\hotspot\share\prims\jni.cpp, line 516]
Event: 0.796 Thread 0x0000029edb219bd0 Exception <a 'java/io/FileNotFoundException'{0x00000000eaf34c30}> (0x00000000eaf34c30) 
thrown [t:\workspace\open\src\hotspot\share\prims\jni.cpp, line 516]
Event: 0.796 Thread 0x0000029edb219bd0 Exception <a 'java/io/FileNotFoundException'{0x00000000eaf35888}> (0x00000000eaf35888) 
thrown [t:\workspace\open\src\hotspot\share\prims\jni.cpp, line 516]
Event: 0.797 Thread 0x0000029edb219bd0 Exception <a 'java/io/FileNotFoundException'{0x00000000eaf364d8}> (0x00000000eaf364d8) 
thrown [t:\workspace\open\src\hotspot\share\prims\jni.cpp, line 516]
Event: 0.815 Thread 0x0000029edb219bd0 Exception <a 'java/io/FileNotFoundException'{0x00000000eaf52388}> (0x00000000eaf52388) 
thrown [t:\workspace\open\src\hotspot\share\prims\jni.cpp, line 516]
Event: 1.406 Thread 0x0000029edb219bd0 Exception <a 'java/lang/ClassNotFoundException'{0x00000000eb5dea00}: sun/net/www/protocol/c/Handler> (0x00000000eb5dea00) 
thrown [t:\workspace\open\src\hotspot\share\classfile\systemDictionary.cpp, line 256]
Event: 1.406 Thread 0x0000029edb219bd0 Exception <a 'java/lang/ClassNotFoundException'{0x00000000eb5dfd20}: sun/net/www/protocol/o/Handler> (0x00000000eb5dfd20) 
thrown [t:\workspace\open\src\hotspot\share\classfile\systemDictionary.cpp, line 256]
Event: 1.407 Thread 0x0000029edb219bd0 Exception <a 'java/lang/ClassNotFoundException'{0x00000000eb5e0e70}: sun/net/www/protocol/c/Handler> (0x00000000eb5e0e70) 
thrown [t:\workspace\open\src\hotspot\share\classfile\systemDictionary.cpp, line 256]
Event: 1.428 Thread 0x0000029edb219bd0 Exception <a 'java/io/FileNotFoundException'{0x00000000eb5fa748}> (0x00000000eb5fa748) 
thrown [t:\workspace\open\src\hotspot\share\prims\jni.cpp, line 516]
Event: 1.566 Thread 0x0000029edb219bd0 Implicit null exception at 0x0000029eebd3125b to 0x0000029eebd31c48
Event: 1.743 Thread 0x0000029edb219bd0 Exception <a 'java/lang/NoSuchMethodError'{0x00000000eb7d0cb0}: 'int java.lang.invoke.DirectMethodHandle$Holder.invokeStaticInit(java.lang.Object, java.lang.Object, java.lang.Object, java.lang.Object)'> (0x00000000eb7d0cb0) 
thrown [t:\workspace\open\src\hotspot\share\interpreter\linkResolver.cpp, line 766]
Event: 1.747 Thread 0x0000029edb219bd0 Exception <a 'java/lang/NoSuchMethodError'{0x00000000eb7db320}: 'java.lang.Object java.lang.invoke.DirectMethodHandle$Holder.invokeInterface(java.lang.Object, java.lang.Object)'> (0x00000000eb7db320) 
thrown [t:\workspace\open\src\hotspot\share\interpreter\linkResolver.cpp, line 766]
Event: 1.748 Thread 0x0000029edb219bd0 Exception <a 'java/lang/IncompatibleClassChangeError'{0x00000000eb7deb18}: Found class java.lang.Object, but interface was expected> (0x00000000eb7deb18) 
thrown [t:\workspace\open\src\hotspot\share\interpreter\linkResolver.cpp, line 833]
Event: 1.749 Thread 0x0000029edb219bd0 Exception <a 'java/lang/NoSuchMethodError'{0x00000000eb7e1a38}: 'void java.lang.invoke.DirectMethodHandle$Holder.invokeStatic(java.lang.Object, java.lang.Object)'> (0x00000000eb7e1a38) 
thrown [t:\workspace\open\src\hotspot\share\interpreter\linkResolver.cpp, line 766]
Event: 1.750 Thread 0x0000029edb219bd0 Exception <a 'java/lang/NoSuchMethodError'{0x00000000eb7e5350}: 'void java.lang.invoke.DirectMethodHandle$Holder.invokeStaticInit(java.lang.Object, java.lang.Object)'> (0x00000000eb7e5350) 
thrown [t:\workspace\open\src\hotspot\share\interpreter\linkResolver.cpp, line 766]
Event: 1.752 Thread 0x0000029edb219bd0 Exception <a 'java/lang/NoSuchMethodError'{0x00000000eb7eaef0}: 'int java.lang.invoke.DirectMethodHandle$Holder.invokeStaticInit(java.lang.Object, java.lang.Object)'> (0x00000000eb7eaef0) 
thrown [t:\workspace\open\src\hotspot\share\interpreter\linkResolver.cpp, line 766]
Event: 1.810 Thread 0x0000029edb219bd0 Exception <a 'java/lang/NoSuchMethodError'{0x00000000eb83caa0}: 'java.lang.Object java.lang.invoke.DirectMethodHandle$Holder.invokeStaticInit(java.lang.Object, int, int, int, int)'> (0x00000000eb83caa0) 
thrown [t:\workspace\open\src\hotspot\share\interpreter\linkResolver.cpp, line 766]
Event: 2.216 Thread 0x0000029edb219bd0 Exception <a 'java/lang/NoSuchMethodError'{0x00000000eb8743d0}: 'java.lang.Object java.lang.invoke.DirectMethodHandle$Holder.invokeStaticInit(java.lang.Object, java.lang.Object, int, int, int, int)'> (0x00000000eb8743d0) 
thrown [t:\workspace\open\src\hotspot\share\interpreter\linkResolver.cpp, line 766]
Event: 2.294 Thread 0x0000029edb219bd0 Exception <a 'java/lang/NoSuchMethodError'{0x00000000eb8e9510}: 'void java.lang.invoke.DirectMethodHandle$Holder.invokeSpecial(java.lang.Object, java.lang.Object, java.lang.Object)'> (0x00000000eb8e9510) 
thrown [t:\workspace\open\src\hotspot\share\interpreter\linkResolver.cpp, line 766]

VM Operations (8 events):
Event: 0.339 Executing VM operation: HandshakeAllThreads
Event: 0.339 Executing VM operation: HandshakeAllThreads done
Event: 1.318 Executing VM operation: HandshakeAllThreads
Event: 1.318 Executing VM operation: HandshakeAllThreads done
Event: 1.318 Executing VM operation: Cleanup
Event: 1.318 Executing VM operation: Cleanup done
Event: 1.827 Executing VM operation: HandshakeAllThreads
Event: 1.827 Executing VM operation: HandshakeAllThreads done

Events (20 events):
Event: 2.315 loading class java/util/concurrent/BlockingQueue done
Event: 2.323 loading class java/util/concurrent/Callable
Event: 2.323 loading class java/util/concurrent/Callable done
Event: 2.379 loading class java/util/concurrent/atomic/AtomicReference
Event: 2.379 loading class java/util/concurrent/atomic/AtomicReference done
Event: 2.380 loading class java/util/concurrent/SynchronousQueue
Event: 2.380 loading class java/util/AbstractQueue
Event: 2.380 loading class java/util/AbstractQueue done
Event: 2.380 loading class java/util/concurrent/SynchronousQueue done
Event: 2.380 loading class java/util/concurrent/SynchronousQueue$TransferStack
Event: 2.380 loading class java/util/concurrent/SynchronousQueue$Transferer
Event: 2.380 loading class java/util/concurrent/SynchronousQueue$Transferer done
Event: 2.380 loading class java/util/concurrent/SynchronousQueue$TransferStack done
Event: 2.380 loading class java/util/concurrent/SynchronousQueue$TransferStack$SNode
Event: 2.381 loading class java/util/concurrent/ForkJoinPool$ManagedBlocker
Event: 2.381 loading class java/util/concurrent/ForkJoinPool$ManagedBlocker done
Event: 2.381 loading class java/util/concurrent/SynchronousQueue$TransferStack$SNode done
Event: 2.382 loading class java/util/concurrent/RejectedExecutionHandler
Event: 2.382 loading class java/util/concurrent/RejectedExecutionHandler done
Event: 2.382 loading class java/util/concurrent/LinkedBlockingQueue


Dynamic libraries:
0x00007ff602210000 - 0x00007ff602220000 	o:\Java\jdk-17.0.2\bin\java.exe
0x00007ffb3b010000 - 0x00007ffb3b205000 	C:\WINDOWS\SYSTEM32\ntdll.dll
0x00007ffb1bf20000 - 0x00007ffb1bf36000 	C:\Program Files\Avast Software\Avast\aswhook.dll
0x00007ffb3ae60000 - 0x00007ffb3af1e000 	C:\WINDOWS\System32\KERNEL32.DLL
0x00007ffb38b00000 - 0x00007ffb38dc8000 	C:\WINDOWS\System32\KERNELBASE.dll
0x00007ffb38720000 - 0x00007ffb38820000 	C:\WINDOWS\System32\ucrtbase.dll
0x00007ffb33fc0000 - 0x00007ffb33fd8000 	o:\Java\jdk-17.0.2\bin\jli.dll
0x00007ffb39970000 - 0x00007ffb39a1e000 	C:\WINDOWS\System32\ADVAPI32.dll
0x00007ffb3a5c0000 - 0x00007ffb3a65e000 	C:\WINDOWS\System32\msvcrt.dll
0x00007ffb39650000 - 0x00007ffb396ec000 	C:\WINDOWS\System32\sechost.dll
0x00007ffb39160000 - 0x00007ffb39285000 	C:\WINDOWS\System32\RPCRT4.dll
0x00007ffb39380000 - 0x00007ffb39520000 	C:\WINDOWS\System32\USER32.dll
0x00007ffb389e0000 - 0x00007ffb38a02000 	C:\WINDOWS\System32\win32u.dll
0x00007ffb39a50000 - 0x00007ffb39a7b000 	C:\WINDOWS\System32\GDI32.dll
0x00007ffb388d0000 - 0x00007ffb389dd000 	C:\WINDOWS\System32\gdi32full.dll
0x00007ffb38a10000 - 0x00007ffb38aad000 	C:\WINDOWS\System32\msvcp_win.dll
0x00007ffb32a60000 - 0x00007ffb32a7a000 	o:\Java\jdk-17.0.2\bin\VCRUNTIME140.dll
0x00007ffb2a3a0000 - 0x00007ffb2a63a000 	C:\WINDOWS\WinSxS\amd64_microsoft.windows.common-controls_6595b64144ccf1df_6.0.19041.1110_none_60b5254171f9507e\COMCTL32.dll
0x00007ffb31820000 - 0x00007ffb3182a000 	C:\WINDOWS\SYSTEM32\VERSION.dll
0x00007ffb392f0000 - 0x00007ffb39320000 	C:\WINDOWS\System32\IMM32.DLL
0x00007ffb32f20000 - 0x00007ffb32f2c000 	o:\Java\jdk-17.0.2\bin\vcruntime140_1.dll
0x00007ffb31e00000 - 0x00007ffb31e8d000 	o:\Java\jdk-17.0.2\bin\msvcp140.dll
0x00007ffaf9240000 - 0x00007ffaf9e01000 	o:\Java\jdk-17.0.2\bin\server\jvm.dll
0x00007ffb39960000 - 0x00007ffb39968000 	C:\WINDOWS\System32\PSAPI.DLL
0x00007ffb2a7a0000 - 0x00007ffb2a7a9000 	C:\WINDOWS\SYSTEM32\WSOCK32.dll
0x00007ffb39890000 - 0x00007ffb398fb000 	C:\WINDOWS\System32\WS2_32.dll
0x00007ffb32b00000 - 0x00007ffb32b27000 	C:\WINDOWS\SYSTEM32\WINMM.dll
0x00007ffb36610000 - 0x00007ffb36622000 	C:\WINDOWS\SYSTEM32\kernel.appcore.dll
0x00007ffb32e50000 - 0x00007ffb32e5a000 	o:\Java\jdk-17.0.2\bin\jimage.dll
0x00007ffb323a0000 - 0x00007ffb32584000 	C:\WINDOWS\SYSTEM32\DBGHELP.DLL
0x00007ffb30ca0000 - 0x00007ffb30ccc000 	C:\WINDOWS\SYSTEM32\dbgcore.DLL
0x00007ffb38dd0000 - 0x00007ffb38e52000 	C:\WINDOWS\System32\bcryptPrimitives.dll
0x00007ffb2b7a0000 - 0x00007ffb2b7c5000 	o:\Java\jdk-17.0.2\bin\java.dll
0x00007ffb12b40000 - 0x00007ffb12c16000 	o:\Java\jdk-17.0.2\bin\jsvml.dll
0x00007ffb3a710000 - 0x00007ffb3ae54000 	C:\WINDOWS\System32\SHELL32.dll
0x00007ffb36810000 - 0x00007ffb36fa4000 	C:\WINDOWS\SYSTEM32\windows.storage.dll
0x00007ffb39c30000 - 0x00007ffb39f85000 	C:\WINDOWS\System32\combase.dll
0x00007ffb38170000 - 0x00007ffb3819e000 	C:\WINDOWS\SYSTEM32\Wldp.dll
0x00007ffb3af20000 - 0x00007ffb3afcd000 	C:\WINDOWS\System32\SHCORE.dll
0x00007ffb39290000 - 0x00007ffb392e5000 	C:\WINDOWS\System32\shlwapi.dll
0x00007ffb38660000 - 0x00007ffb3867f000 	C:\WINDOWS\SYSTEM32\profapi.dll
0x00007ffb32a10000 - 0x00007ffb32a29000 	O:\Java\jdk-17.0.2\bin\net.dll
0x00007ffb29f40000 - 0x00007ffb2a04c000 	C:\WINDOWS\SYSTEM32\WINHTTP.dll
0x00007ffb37ed0000 - 0x00007ffb37f3a000 	C:\WINDOWS\system32\mswsock.dll
0x00007ffb2ee40000 - 0x00007ffb2ee56000 	O:\Java\jdk-17.0.2\bin\nio.dll
0x00007ffb2b5e0000 - 0x00007ffb2b5f8000 	O:\Java\jdk-17.0.2\bin\zip.dll
0x00007ffb380c0000 - 0x00007ffb380d8000 	C:\WINDOWS\SYSTEM32\CRYPTSP.dll
0x00007ffb377e0000 - 0x00007ffb37814000 	C:\WINDOWS\system32\rsaenh.dll
0x00007ffb39030000 - 0x00007ffb39057000 	C:\WINDOWS\System32\bcrypt.dll
0x00007ffb38620000 - 0x00007ffb3864e000 	C:\WINDOWS\SYSTEM32\USERENV.dll
0x00007ffb380e0000 - 0x00007ffb380ec000 	C:\WINDOWS\SYSTEM32\CRYPTBASE.dll
0x00007ffb37b70000 - 0x00007ffb37bab000 	C:\WINDOWS\SYSTEM32\IPHLPAPI.DLL
0x00007ffb39150000 - 0x00007ffb39158000 	C:\WINDOWS\System32\NSI.dll
0x00007ffb2f590000 - 0x00007ffb2f5a7000 	C:\WINDOWS\SYSTEM32\dhcpcsvc6.DLL
0x00007ffb30620000 - 0x00007ffb3063d000 	C:\WINDOWS\SYSTEM32\dhcpcsvc.DLL
0x00007ffb37bc0000 - 0x00007ffb37c8b000 	C:\WINDOWS\SYSTEM32\DNSAPI.dll

dbghelp: loaded successfully - version: 4.0.5 - missing functions: none
symbol engine: initialized successfully - sym options: 0x614 - pdb path: .;o:\Java\jdk-17.0.2\bin;C:\WINDOWS\SYSTEM32;C:\Program Files\Avast Software\Avast;C:\WINDOWS\WinSxS\amd64_microsoft.windows.common-controls_6595b64144ccf1df_6.0.19041.1110_none_60b5254171f9507e;o:\Java\jdk-17.0.2\bin\server

VM Arguments:
jvm_args: --add-modules=ALL-SYSTEM --add-opens=java.base/java.util=ALL-UNNAMED --add-opens=java.base/java.lang=ALL-UNNAMED --add-opens=java.base/sun.nio.fs=ALL-UNNAMED -Declipse.application=org.eclipse.jdt.ls.core.id1 -Dosgi.bundles.defaultStartLevel=4 -Declipse.product=org.eclipse.jdt.ls.core.product -Djava.import.generatesMetadataFilesAtProjectRoot=false -Dfile.encoding=utf8 -DwatchParentProcess=false -XX:+UseParallelGC -XX:GCTimeRatio=4 -XX:AdaptiveSizePolicyWeight=90 -Dsun.zip.disableMemoryMapping=true -Xmx1G -Xms100m 
java_command: c:\Users\Woyi\.vscode\extensions\redhat.java-1.4.0\server\plugins\org.eclipse.equinox.launcher_1.6.400.v20210924-0641.jar -configuration c:\Users\Woyi\AppData\Roaming\Code\User\globalStorage\redhat.java\1.4.0\config_ss_win -data c:\Users\Woyi\AppData\Roaming\Code\User\workspaceStorage\72a52f48ab5fef7502c5d8c379e6b950\redhat.java\ss_ws
java_class_path (initial): c:\Users\Woyi\.vscode\extensions\redhat.java-1.4.0\server\plugins\org.eclipse.equinox.launcher_1.6.400.v20210924-0641.jar
Launcher Type: SUN_STANDARD

[Global flags]
    uintx AdaptiveSizePolicyWeight                 = 90                                        {product} {command line}
     intx CICompilerCount                          = 3                                         {product} {ergonomic}
    uintx GCTimeRatio                              = 4                                         {product} {command line}
   size_t InitialHeapSize                          = 104857600                                 {product} {command line}
   size_t MaxHeapSize                              = 1073741824                                {product} {command line}
   size_t MaxNewSize                               = 357564416                                 {product} {ergonomic}
   size_t MinHeapDeltaBytes                        = 524288                                    {product} {ergonomic}
   size_t MinHeapSize                              = 104857600                                 {product} {command line}
   size_t NewSize                                  = 34603008                                  {product} {ergonomic}
    uintx NonNMethodCodeHeapSize                   = 5832780                                {pd product} {ergonomic}
    uintx NonProfiledCodeHeapSize                  = 122912730                              {pd product} {ergonomic}
   size_t OldSize                                  = 70254592                                  {product} {ergonomic}
    uintx ProfiledCodeHeapSize                     = 122912730                              {pd product} {ergonomic}
    uintx ReservedCodeCacheSize                    = 251658240                              {pd product} {ergonomic}
     bool SegmentedCodeCache                       = true                                      {product} {ergonomic}
   size_t SoftMaxHeapSize                          = 1073741824                             {manageable} {ergonomic}
     bool UseCompressedClassPointers               = true                           {product lp64_product} {ergonomic}
     bool UseCompressedOops                        = true                           {product lp64_product} {ergonomic}
     bool UseLargePagesIndividualAllocation        = false                                  {pd product} {ergonomic}
     bool UseParallelGC                            = true                                      {product} {command line}

Logging:
Log output configuration:
 #0: stdout all=warning uptime,level,tags
 #1: stderr all=off uptime,level,tags

Environment Variables:
JAVA_HOME=O:\Java\jdk-17.0.2
PATH=C:\Program Files\Common Files\Oracle\Java\javapath;C:\Program Files (x86)\Common Files\Oracle\Java\javapath;C:\Program Files (x86)\AdoptOpenJDK\jdk-8.0.232.09-hotspot\bin;C:\WINDOWS\system32;C:\WINDOWS;C:\WINDOWS\System32\Wbem;C:\WINDOWS\System32\WindowsPowerShell\v1.0\;C:\WINDOWS\System32\OpenSSH\;C:\Program Files (x86)\QuickTime Alternative\QTSystem;C:\Program Files\PuTTY\;C:\xampp\php;C:\ProgramData\ComposerSetup\bin;O:\nodejs\;O:\Git\Git\cmd;O:\Git\Git\mingw64\bin;O:\Git\Git\usr\bin;C:\Program Files (x86)\QuickTime Alternative\QTSystem\;C:\Program Files\Go\bin;C:\Program Files\apache-maven-3.8.4\bin;O:\Java\jdk-17.0.2;C:\Users\Woyi\AppData\Local\Programs\Python\Python39\Scripts\;C:\Users\Woyi\AppData\Local\Programs\Python\Python39\;C:\Users\Woyi\AppData\Local\Programs\Python\Python37-32\Scripts\;C:\Users\Woyi\AppData\Local\Programs\Python\Python37-32\;C:\Users\Woyi\AppData\Local\Microsoft\WindowsApps;C:\Users\Woyi\AppData\Local\Programs\Microsoft VS Code\bin;C:\Users\Woyi\AppData\Roaming\Composer\vendor\bin;C:\Users\Woyi\AppData\Roaming\npm;C:\Users\Woyi\Downloads\Compressed\sqlite3;C:\Users\Woyi\go\bin;O:\Java\jdk-17.0.2\bin;D:\New\Downloads\Programs\IntelliJ IDEA Community Edition 2019.2.4\bin;;
USERNAME=Woyi
OS=Windows_NT
PROCESSOR_IDENTIFIER=Intel64 Family 6 Model 58 Stepping 9, GenuineIntel



---------------  S Y S T E M  ---------------

OS:
 Windows 10 , 64 bit Build 19041 (10.0.19041.1503)
OS uptime: 0 days 6:49 hours

CPU: total 4 (initial active 4) (2 cores per cpu, 2 threads per core) family 6 model 58 stepping 9 microcode 0x21, cx8, cmov, fxsr, ht, mmx, sse, sse2, sse3, ssse3, sse4.1, sse4.2, popcnt, tsc, tscinvbit, avx, aes, erms, clmul, vzeroupper, clflush

Memory: 4k page, system-wide physical 3959M (510M free)
TotalPageFile size 5179M (AvailPageFile size 5M)
current process WorkingSet (physical memory assigned to process): 58M, peak: 58M
current process commit charge ("private bytes"): 188M, peak: 188M

vm_info: Java HotSpot(TM) 64-Bit Server VM (17.0.2+8-LTS-86) for windows-amd64 JRE (17.0.2+8-LTS-86), built on Dec  7 2021 21:51:03 by "mach5one" with MS VC++ 16.8 / 16.9 (VS2019)

END.
