#
# There is insufficient memory for the Java Runtime Environment to continue.
# Native memory allocation (mmap) failed to map 65536 bytes for Failed to commit metaspace.
# Possible reasons:
#   The system is out of physical RAM or swap space
#   The process is running with CompressedOops enabled, and the Java Heap may be blocking the growth of the native heap
# Possible solutions:
#   Reduce memory load on the system
#   Increase physical memory or swap space
#   Check if swap backing store is full
#   Decrease Java heap size (-Xmx/-Xms)
#   Decrease number of Java threads
#   Decrease Java thread stack sizes (-Xss)
#   Set larger code cache with -XX:ReservedCodeCacheSize=
#   JVM is running with Unscaled Compressed Oops mode in which the Java heap is
#     placed in the first 4GB address space. The Java Heap base address is the
#     maximum limit for the native heap growth. Please use -XX:HeapBaseMinAddress
#     to set the Java Heap base and to place the Java Heap above 4GB virtual address.
# This output file may be truncated or incomplete.
#
#  Out of Memory Error (virtualSpaceNode.cpp:110), pid=10112, tid=15148
#
# JRE version: Java(TM) SE Runtime Environment (17.0.2+8) (build 17.0.2+8-LTS-86)
# Java VM: Java HotSpot(TM) 64-Bit Server VM (17.0.2+8-LTS-86, mixed mode, emulated-client, sharing, tiered, compressed oops, compressed class ptrs, g1 gc, windows-amd64)
# No core dump will be written. Minidumps are not enabled by default on client versions of Windows
#

---------------  S U M M A R Y ------------

Command Line: -XX:TieredStopAtLevel=1 com.haimp02.pointofsales.PointofsalesApplication

Host: Intel(R) Core(TM) i5-3427U CPU @ 1.80GHz, 4 cores, 3G,  Windows 10 , 64 bit Build 19041 (10.0.19041.1503)
Time: Tue Mar  8 23:25:32 2022 Malay Peninsula Standard Time elapsed time: 7.056805 seconds (0d 0h 0m 7s)

---------------  T H R E A D  ---------------

Current thread (0x00000279c0f574b0):  JavaThread "restartedMain" [_thread_in_vm, id=15148, stack(0x000000b906000000,0x000000b906100000)]

Stack: [0x000000b906000000,0x000000b906100000]
Native frames: (J=compiled Java code, j=interpreted, Vv=VM code, C=native code)
V  [jvm.dll+0x670baa]
V  [jvm.dll+0x7cfcb4]
V  [jvm.dll+0x7d145e]
V  [jvm.dll+0x7d1ac3]
V  [jvm.dll+0x242bc5]
V  [jvm.dll+0x7cbc5b]
V  [jvm.dll+0x616966]
V  [jvm.dll+0x1be3ee]
V  [jvm.dll+0x6192a1]
V  [jvm.dll+0x617306]
V  [jvm.dll+0x621057]
V  [jvm.dll+0x1e7e2b]
V  [jvm.dll+0x1e8365]
V  [jvm.dll+0x1e8d9f]
V  [jvm.dll+0x1de251]
V  [jvm.dll+0x537c30]
V  [jvm.dll+0x74ad28]
V  [jvm.dll+0x74ae14]
V  [jvm.dll+0x408cc5]
V  [jvm.dll+0x40ed18]
C  [java.dll+0x17ec]

Java frames: (J=compiled Java code, j=interpreted, Vv=VM code)
J 909  java.lang.ClassLoader.defineClass1(Ljava/lang/ClassLoader;Ljava/lang/String;[BIILjava/security/ProtectionDomain;Ljava/lang/String;)Ljava/lang/Class; java.base@17.0.2 (0 bytes) @ 0x00000279b81f3663 [0x00000279b81f35a0+0x00000000000000c3]
J 695 c1 java.lang.ClassLoader.defineClass(Ljava/lang/String;[BIILjava/security/ProtectionDomain;)Ljava/lang/Class; java.base@17.0.2 (43 bytes) @ 0x00000279b81a4f5c [0x00000279b81a4e60+0x00000000000000fc]
J 684 c1 jdk.internal.loader.BuiltinClassLoader.defineClass(Ljava/lang/String;Ljdk/internal/loader/Resource;)Ljava/lang/Class; java.base@17.0.2 (121 bytes) @ 0x00000279b81a12e4 [0x00000279b81a0e20+0x00000000000004c4]
J 666 c1 jdk.internal.loader.BuiltinClassLoader.findClassOnClassPathOrNull(Ljava/lang/String;)Ljava/lang/Class; java.base@17.0.2 (64 bytes) @ 0x00000279b8198db4 [0x00000279b8198b00+0x00000000000002b4]
J 356 c1 jdk.internal.loader.BuiltinClassLoader.loadClassOrNull(Ljava/lang/String;Z)Ljava/lang/Class; java.base@17.0.2 (143 bytes) @ 0x00000279b8081ddc [0x00000279b8081980+0x000000000000045c]
J 543 c1 jdk.internal.loader.ClassLoaders$AppClassLoader.loadClass(Ljava/lang/String;Z)Ljava/lang/Class; java.base@17.0.2 (40 bytes) @ 0x00000279b81601a4 [0x00000279b8160060+0x0000000000000144]
J 530 c1 java.lang.ClassLoader.loadClass(Ljava/lang/String;)Ljava/lang/Class; java.base@17.0.2 (7 bytes) @ 0x00000279b815bbe4 [0x00000279b815bba0+0x0000000000000044]
v  ~StubRoutines::call_stub
j  net.bytebuddy.dynamic.DynamicType$Builder$AbstractBase$Adapter$MethodMatchAdapter.intercept(Lnet/bytebuddy/implementation/Implementation;)Lnet/bytebuddy/dynamic/DynamicType$Builder$MethodDefinition$ReceiverTypeDefinition;+1
j  org.hibernate.proxy.pojo.bytebuddy.ByteBuddyProxyHelper.lambda$proxyBuilder$0(Ljava/lang/Class;[Ljava/lang/Class;Lnet/bytebuddy/ByteBuddy;)Lnet/bytebuddy/dynamic/DynamicType$Builder;+90
j  org.hibernate.proxy.pojo.bytebuddy.ByteBuddyProxyHelper$$Lambda$763+0x00000008011868d8.apply(Ljava/lang/Object;)Ljava/lang/Object;+16
j  org.hibernate.bytecode.internal.bytebuddy.ByteBuddyState.lambda$load$0(Ljava/util/function/Function;Ljava/lang/Class;)Ljava/lang/Class;+6
j  org.hibernate.bytecode.internal.bytebuddy.ByteBuddyState$$Lambda$764+0x0000000801186b18.call()Ljava/lang/Object;+12
j  net.bytebuddy.TypeCache.findOrInsert(Ljava/lang/ClassLoader;Ljava/lang/Object;Ljava/util/concurrent/Callable;)Ljava/lang/Class;+20
j  net.bytebuddy.TypeCache.findOrInsert(Ljava/lang/ClassLoader;Ljava/lang/Object;Ljava/util/concurrent/Callable;Ljava/lang/Object;)Ljava/lang/Class;+26
j  org.hibernate.bytecode.internal.bytebuddy.ByteBuddyState.load(Ljava/lang/Class;Lnet/bytebuddy/TypeCache;Lnet/bytebuddy/TypeCache$SimpleKey;Ljava/util/function/Function;)Ljava/lang/Class;+16
j  org.hibernate.bytecode.internal.bytebuddy.ByteBuddyState.loadProxy(Ljava/lang/Class;Lnet/bytebuddy/TypeCache$SimpleKey;Ljava/util/function/Function;)Ljava/lang/Class;+8
j  org.hibernate.proxy.pojo.bytebuddy.ByteBuddyProxyHelper.buildProxy(Ljava/lang/Class;[Ljava/lang/Class;)Ljava/lang/Class;+52
j  org.hibernate.proxy.pojo.bytebuddy.ByteBuddyProxyFactory.postInstantiate(Ljava/lang/String;Ljava/lang/Class;Ljava/util/Set;Ljava/lang/reflect/Method;Ljava/lang/reflect/Method;Lorg/hibernate/type/CompositeType;)V+55
j  org.hibernate.tuple.entity.PojoEntityTuplizer.buildProxyFactory(Lorg/hibernate/mapping/PersistentClass;Lorg/hibernate/property/access/spi/Getter;Lorg/hibernate/property/access/spi/Setter;)Lorg/hibernate/proxy/ProxyFactory;+104
j  org.hibernate.tuple.entity.AbstractEntityTuplizer.<init>(Lorg/hibernate/tuple/entity/EntityMetamodel;Lorg/hibernate/mapping/PersistentClass;)V+198
j  org.hibernate.tuple.entity.PojoEntityTuplizer.<init>(Lorg/hibernate/tuple/entity/EntityMetamodel;Lorg/hibernate/mapping/PersistentClass;)V+3
v  ~StubRoutines::call_stub
J 1621  jdk.internal.reflect.NativeConstructorAccessorImpl.newInstance0(Ljava/lang/reflect/Constructor;[Ljava/lang/Object;)Ljava/lang/Object; java.base@17.0.2 (0 bytes) @ 0x00000279b82ea08e [0x00000279b82ea020+0x000000000000006e]
J 1620 c1 jdk.internal.reflect.NativeConstructorAccessorImpl.newInstance([Ljava/lang/Object;)Ljava/lang/Object; java.base@17.0.2 (122 bytes) @ 0x00000279b82ec1bc [0x00000279b82ebf00+0x00000000000002bc]
J 1619 c1 jdk.internal.reflect.DelegatingConstructorAccessorImpl.newInstance([Ljava/lang/Object;)Ljava/lang/Object; java.base@17.0.2 (9 bytes) @ 0x00000279b82e9d64 [0x00000279b82e9d20+0x0000000000000044]
J 1616 c1 java.lang.reflect.Constructor.newInstanceWithCaller([Ljava/lang/Object;ZLjava/lang/Class;)Ljava/lang/Object; java.base@17.0.2 (75 bytes) @ 0x00000279b82e722c [0x00000279b82e7160+0x00000000000000cc]
J 1638 c1 java.lang.reflect.Constructor.newInstance([Ljava/lang/Object;)Ljava/lang/Object; java.base@17.0.2 (34 bytes) @ 0x00000279b82f25cc [0x00000279b82f2540+0x000000000000008c]
j  org.hibernate.tuple.entity.EntityTuplizerFactory.constructTuplizer(Ljava/lang/Class;Lorg/hibernate/tuple/entity/EntityMetamodel;Lorg/hibernate/mapping/PersistentClass;)Lorg/hibernate/tuple/entity/EntityTuplizer;+70
j  org.hibernate.tuple.entity.EntityTuplizerFactory.constructDefaultTuplizer(Lorg/hibernate/EntityMode;Lorg/hibernate/tuple/entity/EntityMetamodel;Lorg/hibernate/mapping/PersistentClass;)Lorg/hibernate/tuple/entity/EntityTuplizer;+57
j  org.hibernate.tuple.entity.EntityMetamodel.<init>(Lorg/hibernate/mapping/PersistentClass;Lorg/hibernate/persister/entity/EntityPersister;Lorg/hibernate/persister/spi/PersisterCreationContext;)V+1814
j  org.hibernate.persister.entity.AbstractEntityPersister.<init>(Lorg/hibernate/mapping/PersistentClass;Lorg/hibernate/cache/spi/access/EntityDataAccess;Lorg/hibernate/cache/spi/access/NaturalIdDataAccess;Lorg/hibernate/persister/spi/PersisterCreationContext;)V+176
j  org.hibernate.persister.entity.SingleTableEntityPersister.<init>(Lorg/hibernate/mapping/PersistentClass;Lorg/hibernate/cache/spi/access/EntityDataAccess;Lorg/hibernate/cache/spi/access/NaturalIdDataAccess;Lorg/hibernate/persister/spi/PersisterCreationContext;)V+6
v  ~StubRoutines::call_stub
J 1621  jdk.internal.reflect.NativeConstructorAccessorImpl.newInstance0(Ljava/lang/reflect/Constructor;[Ljava/lang/Object;)Ljava/lang/Object; java.base@17.0.2 (0 bytes) @ 0x00000279b82ea08e [0x00000279b82ea020+0x000000000000006e]
J 1620 c1 jdk.internal.reflect.NativeConstructorAccessorImpl.newInstance([Ljava/lang/Object;)Ljava/lang/Object; java.base@17.0.2 (122 bytes) @ 0x00000279b82ec1bc [0x00000279b82ebf00+0x00000000000002bc]
J 1619 c1 jdk.internal.reflect.DelegatingConstructorAccessorImpl.newInstance([Ljava/lang/Object;)Ljava/lang/Object; java.base@17.0.2 (9 bytes) @ 0x00000279b82e9d64 [0x00000279b82e9d20+0x0000000000000044]
J 1616 c1 java.lang.reflect.Constructor.newInstanceWithCaller([Ljava/lang/Object;ZLjava/lang/Class;)Ljava/lang/Object; java.base@17.0.2 (75 bytes) @ 0x00000279b82e722c [0x00000279b82e7160+0x00000000000000cc]
J 1638 c1 java.lang.reflect.Constructor.newInstance([Ljava/lang/Object;)Ljava/lang/Object; java.base@17.0.2 (34 bytes) @ 0x00000279b82f25cc [0x00000279b82f2540+0x000000000000008c]
j  org.hibernate.persister.internal.PersisterFactoryImpl.createEntityPersister(Ljava/lang/Class;Lorg/hibernate/mapping/PersistentClass;Lorg/hibernate/cache/spi/access/EntityDataAccess;Lorg/hibernate/cache/spi/access/NaturalIdDataAccess;Lorg/hibernate/persister/spi/PersisterCreationContext;)Lorg/hibernate/persister/entity/EntityPersister;+33
j  org.hibernate.persister.internal.PersisterFactoryImpl.createEntityPersister(Lorg/hibernate/mapping/PersistentClass;Lorg/hibernate/cache/spi/access/EntityDataAccess;Lorg/hibernate/cache/spi/access/NaturalIdDataAccess;Lorg/hibernate/persister/spi/PersisterCreationContext;)Lorg/hibernate/persister/entity/EntityPersister;+41
j  org.hibernate.metamodel.internal.MetamodelImpl.initialize(Lorg/hibernate/boot/spi/MetadataImplementor;Lorg/hibernate/metamodel/internal/JpaMetaModelPopulationSetting;)V+148
j  org.hibernate.internal.SessionFactoryImpl.<init>(Lorg/hibernate/boot/spi/MetadataImplementor;Lorg/hibernate/boot/spi/SessionFactoryOptions;Lorg/hibernate/engine/query/spi/QueryPlanCache$QueryPlanCreator;)V+761
j  org.hibernate.boot.internal.SessionFactoryBuilderImpl.build()Lorg/hibernate/SessionFactory;+64
j  org.hibernate.jpa.boot.internal.EntityManagerFactoryBuilderImpl.build()Ljavax/persistence/EntityManagerFactory;+22
j  org.springframework.orm.jpa.vendor.SpringHibernateJpaPersistenceProvider.createContainerEntityManagerFactory(Ljavax/persistence/spi/PersistenceUnitInfo;Ljava/util/Map;)Ljavax/persistence/EntityManagerFactory;+55
j  org.springframework.orm.jpa.LocalContainerEntityManagerFactoryBean.createNativeEntityManagerFactory()Ljavax/persistence/EntityManagerFactory;+129
j  org.springframework.orm.jpa.AbstractEntityManagerFactoryBean.buildNativeEntityManagerFactory()Ljavax/persistence/EntityManagerFactory;+1
j  org.springframework.orm.jpa.AbstractEntityManagerFactoryBean.afterPropertiesSet()V+192
j  org.springframework.orm.jpa.LocalContainerEntityManagerFactoryBean.afterPropertiesSet()V+77
j  org.springframework.beans.factory.support.AbstractAutowireCapableBeanFactory.invokeInitMethods(Ljava/lang/String;Ljava/lang/Object;Lorg/springframework/beans/factory/support/RootBeanDefinition;)V+106
j  org.springframework.beans.factory.support.AbstractAutowireCapableBeanFactory.initializeBean(Ljava/lang/String;Ljava/lang/Object;Lorg/springframework/beans/factory/support/RootBeanDefinition;)Ljava/lang/Object;+59
j  org.springframework.beans.factory.support.AbstractAutowireCapableBeanFactory.doCreateBean(Ljava/lang/String;Lorg/springframework/beans/factory/support/RootBeanDefinition;[Ljava/lang/Object;)Ljava/lang/Object;+245
j  org.springframework.beans.factory.support.AbstractAutowireCapableBeanFactory.createBean(Ljava/lang/String;Lorg/springframework/beans/factory/support/RootBeanDefinition;[Ljava/lang/Object;)Ljava/lang/Object;+169
j  org.springframework.beans.factory.support.AbstractBeanFactory.lambda$doGetBean$0(Ljava/lang/String;Lorg/springframework/beans/factory/support/RootBeanDefinition;[Ljava/lang/Object;)Ljava/lang/Object;+4
j  org.springframework.beans.factory.support.AbstractBeanFactory$$Lambda$254+0x0000000800da5f40.getObject()Ljava/lang/Object;+16
j  org.springframework.beans.factory.support.DefaultSingletonBeanRegistry.getSingleton(Ljava/lang/String;Lorg/springframework/beans/factory/ObjectFactory;)Ljava/lang/Object;+132
J 2823 c1 org.springframework.beans.factory.support.AbstractBeanFactory.doGetBean(Ljava/lang/String;Ljava/lang/Class;[Ljava/lang/Object;Z)Ljava/lang/Object; (832 bytes) @ 0x00000279b84ed0d4 [0x00000279b84ecb00+0x00000000000005d4]
j  org.springframework.beans.factory.support.AbstractBeanFactory.getBean(Ljava/lang/String;)Ljava/lang/Object;+5
j  org.springframework.context.support.AbstractApplicationContext.getBean(Ljava/lang/String;)Ljava/lang/Object;+9
j  org.springframework.context.support.AbstractApplicationContext.finishBeanFactoryInitialization(Lorg/springframework/beans/factory/config/ConfigurableListableBeanFactory;)V+100
j  org.springframework.context.support.AbstractApplicationContext.refresh()V+86
j  org.springframework.boot.web.servlet.context.ServletWebServerApplicationContext.refresh()V+1
j  org.springframework.boot.SpringApplication.refresh(Lorg/springframework/context/ConfigurableApplicationContext;)V+1
j  org.springframework.boot.SpringApplication.refreshContext(Lorg/springframework/context/ConfigurableApplicationContext;)V+16
j  org.springframework.boot.SpringApplication.run([Ljava/lang/String;)Lorg/springframework/context/ConfigurableApplicationContext;+107
j  org.springframework.boot.SpringApplication.run([Ljava/lang/Class;[Ljava/lang/String;)Lorg/springframework/context/ConfigurableApplicationContext;+9
j  org.springframework.boot.SpringApplication.run(Ljava/lang/Class;[Ljava/lang/String;)Lorg/springframework/context/ConfigurableApplicationContext;+9
j  com.haimp02.pointofsales.PointofsalesApplication.main([Ljava/lang/String;)V+3
v  ~StubRoutines::call_stub
j  jdk.internal.reflect.NativeMethodAccessorImpl.invoke0(Ljava/lang/reflect/Method;Ljava/lang/Object;[Ljava/lang/Object;)Ljava/lang/Object;+0 java.base@17.0.2
j  jdk.internal.reflect.NativeMethodAccessorImpl.invoke(Ljava/lang/Object;[Ljava/lang/Object;)Ljava/lang/Object;+133 java.base@17.0.2
j  jdk.internal.reflect.DelegatingMethodAccessorImpl.invoke(Ljava/lang/Object;[Ljava/lang/Object;)Ljava/lang/Object;+6 java.base@17.0.2
j  java.lang.reflect.Method.invoke(Ljava/lang/Object;[Ljava/lang/Object;)Ljava/lang/Object;+59 java.base@17.0.2
j  org.springframework.boot.devtools.restart.RestartLauncher.run()V+42
v  ~StubRoutines::call_stub

---------------  P R O C E S S  ---------------

Threads class SMR info:
_java_thread_list=0x00000279c2444270, length=21, elements={
0x00000279aee3fe80, 0x00000279aeeed9e0, 0x00000279aeeee850, 0x00000279aef01640,
0x00000279aef047c0, 0x00000279aef06920, 0x00000279aef072d0, 0x00000279aef07d30,
0x00000279aef08ec0, 0x00000279c0827ba0, 0x00000279c0836af0, 0x00000279c083b400,
0x00000279c0c7ed70, 0x00000279c0f2d320, 0x00000279c0f574b0, 0x00000279c264d460,
0x00000279c2ae9030, 0x00000279c2ae9500, 0x00000279c28cda70, 0x00000279c09ffc60,
0x00000279c2be14b0
}

Java Threads: ( => current thread )
  0x00000279aee3fe80 JavaThread "main" [_thread_blocked, id=8964, stack(0x000000b904700000,0x000000b904800000)]
  0x00000279aeeed9e0 JavaThread "Reference Handler" daemon [_thread_blocked, id=10508, stack(0x000000b904e00000,0x000000b904f00000)]
  0x00000279aeeee850 JavaThread "Finalizer" daemon [_thread_blocked, id=8444, stack(0x000000b904f00000,0x000000b905000000)]
  0x00000279aef01640 JavaThread "Signal Dispatcher" daemon [_thread_blocked, id=10476, stack(0x000000b905000000,0x000000b905100000)]
  0x00000279aef047c0 JavaThread "Attach Listener" daemon [_thread_blocked, id=12636, stack(0x000000b905100000,0x000000b905200000)]
  0x00000279aef06920 JavaThread "Service Thread" daemon [_thread_blocked, id=14000, stack(0x000000b905200000,0x000000b905300000)]
  0x00000279aef072d0 JavaThread "Monitor Deflation Thread" daemon [_thread_blocked, id=7996, stack(0x000000b905300000,0x000000b905400000)]
  0x00000279aef07d30 JavaThread "C1 CompilerThread0" daemon [_thread_blocked, id=2952, stack(0x000000b905400000,0x000000b905500000)]
  0x00000279aef08ec0 JavaThread "Sweeper thread" daemon [_thread_blocked, id=5196, stack(0x000000b905500000,0x000000b905600000)]
  0x00000279c0827ba0 JavaThread "C1 CompilerThread1" daemon [_thread_blocked, id=9104, stack(0x000000b905600000,0x000000b905700000)]
  0x00000279c0836af0 JavaThread "Notification Thread" daemon [_thread_blocked, id=4744, stack(0x000000b905700000,0x000000b905800000)]
  0x00000279c083b400 JavaThread "Common-Cleaner" daemon [_thread_blocked, id=944, stack(0x000000b905900000,0x000000b905a00000)]
  0x00000279c0c7ed70 JavaThread "C1 CompilerThread2" daemon [_thread_blocked, id=13540, stack(0x000000b905a00000,0x000000b905b00000)]
  0x00000279c0f2d320 JavaThread "Thread-0" [_thread_blocked, id=12672, stack(0x000000b905f00000,0x000000b906000000)]
=>0x00000279c0f574b0 JavaThread "restartedMain" [_thread_in_vm, id=15148, stack(0x000000b906000000,0x000000b906100000)]
  0x00000279c264d460 JavaThread "Catalina-utility-1" [_thread_blocked, id=11024, stack(0x000000b906200000,0x000000b906300000)]
  0x00000279c2ae9030 JavaThread "Catalina-utility-2" [_thread_blocked, id=2152, stack(0x000000b906300000,0x000000b906400000)]
  0x00000279c2ae9500 JavaThread "container-0" [_thread_blocked, id=11248, stack(0x000000b906400000,0x000000b906500000)]
  0x00000279c28cda70 JavaThread "mysql-cj-abandoned-connection-cleanup" daemon [_thread_blocked, id=2224, stack(0x000000b906500000,0x000000b906600000)]
  0x00000279c09ffc60 JavaThread "HikariPool-1 housekeeper" daemon [_thread_blocked, id=1908, stack(0x000000b906700000,0x000000b906800000)]
  0x00000279c2be14b0 JavaThread "HikariPool-1 connection adder" daemon [_thread_blocked, id=15352, stack(0x000000b906800000,0x000000b906900000)]

Other Threads:
  0x00000279aeee5d70 VMThread "VM Thread" [stack: 0x000000b904d00000,0x000000b904e00000] [id=15336]
  0x00000279c083afd0 WatcherThread [stack: 0x000000b905800000,0x000000b905900000] [id=8992]
  0x00000279aee6d640 GCTaskThread "GC Thread#0" [stack: 0x000000b904800000,0x000000b904900000] [id=6068]
  0x00000279c0ee3460 GCTaskThread "GC Thread#1" [stack: 0x000000b905b00000,0x000000b905c00000] [id=10400]
  0x00000279c0ef97c0 GCTaskThread "GC Thread#2" [stack: 0x000000b905c00000,0x000000b905d00000] [id=14816]
  0x00000279c0ef9a70 GCTaskThread "GC Thread#3" [stack: 0x000000b905d00000,0x000000b905e00000] [id=13124]
  0x00000279aee76140 ConcurrentGCThread "G1 Main Marker" [stack: 0x000000b904900000,0x000000b904a00000] [id=10404]
  0x00000279aee76c20 ConcurrentGCThread "G1 Conc#0" [stack: 0x000000b904a00000,0x000000b904b00000] [id=10552]
  0x00000279aeeb3250 ConcurrentGCThread "G1 Refine#0" [stack: 0x000000b904b00000,0x000000b904c00000] [id=1056]
  0x00000279c0ea9c40 ConcurrentGCThread "G1 Refine#1" [stack: 0x000000b905e00000,0x000000b905f00000] [id=13104]
  0x00000279aeeb3c70 ConcurrentGCThread "G1 Service" [stack: 0x000000b904c00000,0x000000b904d00000] [id=13968]

Threads with active compile tasks:

VM state: not at safepoint (normal execution)

VM Mutex/Monitor currently owned by a thread:  ([mutex/lock_event])
[0x00000279aee381c0] Metaspace_lock - owner thread: 0x00000279c0f574b0

Heap address: 0x00000000c2200000, size: 990 MB, Compressed Oops mode: 32-bit

CDS archive(s) mapped at: [0x0000000800000000-0x0000000800bc0000-0x0000000800bc0000), size 12320768, SharedBaseAddress: 0x0000000800000000, ArchiveRelocationMode: 0.
Compressed class space mapped at: 0x0000000800c00000-0x0000000840c00000, reserved size: 1073741824
Narrow klass base: 0x0000000800000000, Narrow klass shift: 0, Narrow klass range: 0x100000000

GC Precious Log:
 CPUs: 4 total, 4 available
 Memory: 3959M
 Large Page Support: Disabled
 NUMA Support: Disabled
 Compressed Oops: Enabled (32-bit)
 Heap Region Size: 1M
 Heap Min Capacity: 8M
 Heap Initial Capacity: 62M
 Heap Max Capacity: 990M
 Pre-touch: Disabled
 Parallel Workers: 4
 Concurrent Workers: 1
 Concurrent Refinement Workers: 4
 Periodic GC: Disabled

Heap:
 garbage-first heap   total 58368K, used 31725K [0x00000000c2200000, 0x0000000100000000)
  region size 1024K, 16 young (16384K), 3 survivors (3072K)
 Metaspace       used 39271K, committed 39552K, reserved 1089536K
  class space    used 5593K, committed 5760K, reserved 1048576K

Heap Regions: E=young(eden), S=young(survivor), O=old, HS=humongous(starts), HC=humongous(continues), CS=collection set, F=free, OA=open archive, CA=closed archive, TAMS=top-at-mark-start (previous, next)
|   0|0x00000000c2200000, 0x00000000c2300000, 0x00000000c2300000|100%|HS|  |TAMS 0x00000000c2300000, 0x00000000c2200000| Complete 
|   1|0x00000000c2300000, 0x00000000c2400000, 0x00000000c2400000|100%| O|  |TAMS 0x00000000c2400000, 0x00000000c2300000| Untracked 
|   2|0x00000000c2400000, 0x00000000c2500000, 0x00000000c2500000|100%| O|  |TAMS 0x00000000c2500000, 0x00000000c2400000| Untracked 
|   3|0x00000000c2500000, 0x00000000c2600000, 0x00000000c2600000|100%| O|  |TAMS 0x00000000c2600000, 0x00000000c2500000| Untracked 
|   4|0x00000000c2600000, 0x00000000c2700000, 0x00000000c2700000|100%| O|  |TAMS 0x00000000c2700000, 0x00000000c2600000| Untracked 
|   5|0x00000000c2700000, 0x00000000c2800000, 0x00000000c2800000|100%| O|  |TAMS 0x00000000c2800000, 0x00000000c2700000| Untracked 
|   6|0x00000000c2800000, 0x00000000c2900000, 0x00000000c2900000|100%| O|  |TAMS 0x00000000c2900000, 0x00000000c2800000| Untracked 
|   7|0x00000000c2900000, 0x00000000c2a00000, 0x00000000c2a00000|100%| O|  |TAMS 0x00000000c2a00000, 0x00000000c2900000| Untracked 
|   8|0x00000000c2a00000, 0x00000000c2b00000, 0x00000000c2b00000|100%| O|  |TAMS 0x00000000c2b00000, 0x00000000c2a00000| Untracked 
|   9|0x00000000c2b00000, 0x00000000c2b6da00, 0x00000000c2c00000| 42%| O|  |TAMS 0x00000000c2b6da00, 0x00000000c2b00000| Untracked 
|  10|0x00000000c2c00000, 0x00000000c2d00000, 0x00000000c2d00000|100%| O|  |TAMS 0x00000000c2d00000, 0x00000000c2c00000| Untracked 
|  11|0x00000000c2d00000, 0x00000000c2e00000, 0x00000000c2e00000|100%| O|  |TAMS 0x00000000c2e00000, 0x00000000c2d00000| Untracked 
|  12|0x00000000c2e00000, 0x00000000c2f00000, 0x00000000c2f00000|100%| O|  |TAMS 0x00000000c2f00000, 0x00000000c2e00000| Untracked 
|  13|0x00000000c2f00000, 0x00000000c3000000, 0x00000000c3000000|100%| O|  |TAMS 0x00000000c3000000, 0x00000000c2f00000| Untracked 
|  14|0x00000000c3000000, 0x00000000c3100000, 0x00000000c3100000|100%| O|  |TAMS 0x00000000c3100000, 0x00000000c3000000| Untracked 
|  15|0x00000000c3100000, 0x00000000c3200000, 0x00000000c3200000|100%| O|  |TAMS 0x00000000c3200000, 0x00000000c3100000| Untracked 
|  16|0x00000000c3200000, 0x00000000c32b4800, 0x00000000c3300000| 70%| O|  |TAMS 0x00000000c32b4800, 0x00000000c3200000| Untracked 
|  17|0x00000000c3300000, 0x00000000c3300000, 0x00000000c3400000|  0%| F|  |TAMS 0x00000000c3300000, 0x00000000c3300000| Untracked 
|  18|0x00000000c3400000, 0x00000000c3400000, 0x00000000c3500000|  0%| F|  |TAMS 0x00000000c3400000, 0x00000000c3400000| Untracked 
|  19|0x00000000c3500000, 0x00000000c3500000, 0x00000000c3600000|  0%| F|  |TAMS 0x00000000c3500000, 0x00000000c3500000| Untracked 
|  20|0x00000000c3600000, 0x00000000c3600000, 0x00000000c3700000|  0%| F|  |TAMS 0x00000000c3600000, 0x00000000c3600000| Untracked 
|  21|0x00000000c3700000, 0x00000000c3700000, 0x00000000c3800000|  0%| F|  |TAMS 0x00000000c3700000, 0x00000000c3700000| Untracked 
|  22|0x00000000c3800000, 0x00000000c3800000, 0x00000000c3900000|  0%| F|  |TAMS 0x00000000c3800000, 0x00000000c3800000| Untracked 
|  23|0x00000000c3900000, 0x00000000c3900000, 0x00000000c3a00000|  0%| F|  |TAMS 0x00000000c3900000, 0x00000000c3900000| Untracked 
|  24|0x00000000c3a00000, 0x00000000c3a00000, 0x00000000c3b00000|  0%| F|  |TAMS 0x00000000c3a00000, 0x00000000c3a00000| Untracked 
|  25|0x00000000c3b00000, 0x00000000c3b00000, 0x00000000c3c00000|  0%| F|  |TAMS 0x00000000c3b00000, 0x00000000c3b00000| Untracked 
|  26|0x00000000c3c00000, 0x00000000c3c00000, 0x00000000c3d00000|  0%| F|  |TAMS 0x00000000c3c00000, 0x00000000c3c00000| Untracked 
|  27|0x00000000c3d00000, 0x00000000c3d00000, 0x00000000c3e00000|  0%| F|  |TAMS 0x00000000c3d00000, 0x00000000c3d00000| Untracked 
|  28|0x00000000c3e00000, 0x00000000c3e00000, 0x00000000c3f00000|  0%| F|  |TAMS 0x00000000c3e00000, 0x00000000c3e00000| Untracked 
|  29|0x00000000c3f00000, 0x00000000c3f00000, 0x00000000c4000000|  0%| F|  |TAMS 0x00000000c3f00000, 0x00000000c3f00000| Untracked 
|  30|0x00000000c4000000, 0x00000000c4000000, 0x00000000c4100000|  0%| F|  |TAMS 0x00000000c4000000, 0x00000000c4000000| Untracked 
|  31|0x00000000c4100000, 0x00000000c4100000, 0x00000000c4200000|  0%| F|  |TAMS 0x00000000c4100000, 0x00000000c4100000| Untracked 
|  32|0x00000000c4200000, 0x00000000c4200000, 0x00000000c4300000|  0%| F|  |TAMS 0x00000000c4200000, 0x00000000c4200000| Untracked 
|  33|0x00000000c4300000, 0x00000000c4300000, 0x00000000c4400000|  0%| F|  |TAMS 0x00000000c4300000, 0x00000000c4300000| Untracked 
|  34|0x00000000c4400000, 0x00000000c4400000, 0x00000000c4500000|  0%| F|  |TAMS 0x00000000c4400000, 0x00000000c4400000| Untracked 
|  35|0x00000000c4500000, 0x00000000c4500000, 0x00000000c4600000|  0%| F|  |TAMS 0x00000000c4500000, 0x00000000c4500000| Untracked 
|  36|0x00000000c4600000, 0x00000000c4600000, 0x00000000c4700000|  0%| F|  |TAMS 0x00000000c4600000, 0x00000000c4600000| Untracked 
|  37|0x00000000c4700000, 0x00000000c4700000, 0x00000000c4800000|  0%| F|  |TAMS 0x00000000c4700000, 0x00000000c4700000| Untracked 
|  38|0x00000000c4800000, 0x00000000c4800000, 0x00000000c4900000|  0%| F|  |TAMS 0x00000000c4800000, 0x00000000c4800000| Untracked 
|  39|0x00000000c4900000, 0x00000000c4900000, 0x00000000c4a00000|  0%| F|  |TAMS 0x00000000c4900000, 0x00000000c4900000| Untracked 
|  40|0x00000000c4a00000, 0x00000000c4a00000, 0x00000000c4b00000|  0%| F|  |TAMS 0x00000000c4a00000, 0x00000000c4a00000| Untracked 
|  41|0x00000000c4b00000, 0x00000000c4bde6a8, 0x00000000c4c00000| 86%| E|  |TAMS 0x00000000c4b00000, 0x00000000c4b00000| Complete 
|  42|0x00000000c4c00000, 0x00000000c4d00000, 0x00000000c4d00000|100%| E|CS|TAMS 0x00000000c4c00000, 0x00000000c4c00000| Complete 
|  43|0x00000000c4d00000, 0x00000000c4e00000, 0x00000000c4e00000|100%| E|CS|TAMS 0x00000000c4d00000, 0x00000000c4d00000| Complete 
|  44|0x00000000c4e00000, 0x00000000c4f00000, 0x00000000c4f00000|100%| E|CS|TAMS 0x00000000c4e00000, 0x00000000c4e00000| Complete 
|  45|0x00000000c4f00000, 0x00000000c4fd9560, 0x00000000c5000000| 84%| S|CS|TAMS 0x00000000c4f00000, 0x00000000c4f00000| Complete 
|  46|0x00000000c5000000, 0x00000000c5100000, 0x00000000c5100000|100%| S|CS|TAMS 0x00000000c5000000, 0x00000000c5000000| Complete 
|  47|0x00000000c5100000, 0x00000000c5200000, 0x00000000c5200000|100%| S|CS|TAMS 0x00000000c5100000, 0x00000000c5100000| Complete 
|  48|0x00000000c5200000, 0x00000000c5300000, 0x00000000c5300000|100%| E|CS|TAMS 0x00000000c5200000, 0x00000000c5200000| Complete 
|  49|0x00000000c5300000, 0x00000000c5400000, 0x00000000c5400000|100%| E|CS|TAMS 0x00000000c5300000, 0x00000000c5300000| Complete 
|  50|0x00000000c5400000, 0x00000000c5500000, 0x00000000c5500000|100%| E|CS|TAMS 0x00000000c5400000, 0x00000000c5400000| Complete 
|  51|0x00000000c5500000, 0x00000000c5600000, 0x00000000c5600000|100%| E|CS|TAMS 0x00000000c5500000, 0x00000000c5500000| Complete 
|  52|0x00000000c5600000, 0x00000000c5700000, 0x00000000c5700000|100%| E|CS|TAMS 0x00000000c5600000, 0x00000000c5600000| Complete 
|  53|0x00000000c5700000, 0x00000000c5800000, 0x00000000c5800000|100%| E|CS|TAMS 0x00000000c5700000, 0x00000000c5700000| Complete 
|  54|0x00000000c5800000, 0x00000000c5900000, 0x00000000c5900000|100%| E|CS|TAMS 0x00000000c5800000, 0x00000000c5800000| Complete 
|  60|0x00000000c5e00000, 0x00000000c5f00000, 0x00000000c5f00000|100%| E|CS|TAMS 0x00000000c5e00000, 0x00000000c5e00000| Complete 
|  61|0x00000000c5f00000, 0x00000000c6000000, 0x00000000c6000000|100%| E|CS|TAMS 0x00000000c5f00000, 0x00000000c5f00000| Complete 

Card table byte_map: [0x00000279bb4a0000,0x00000279bb690000] _byte_map_base: 0x00000279bae8f000

Marking Bits (Prev, Next): (CMBitMap*) 0x00000279aee6dc50, (CMBitMap*) 0x00000279aee6dc90
 Prev Bits: [0x00000279bb880000, 0x00000279bc7f8000)
 Next Bits: [0x00000279bc800000, 0x00000279bd778000)

Polling page: 0x00000279aec90000

Metaspace:

Usage:
  Non-class:     32.89 MB used.
      Class:      5.46 MB used.
       Both:     38.35 MB used.

Virtual space:
  Non-class space:       40.00 MB reserved,      33.00 MB ( 82%) committed,  5 nodes.
      Class space:        1.00 GB reserved,       5.62 MB ( <1%) committed,  1 nodes.
             Both:        1.04 GB reserved,      38.62 MB (  4%) committed. 

Chunk freelists:
   Non-Class:  2.80 MB
       Class:  2.39 MB
        Both:  5.19 MB

MaxMetaspaceSize: unlimited
CompressedClassSpaceSize: 1.00 GB
Initial GC threshold: 21.00 MB
Current GC threshold: 59.19 MB
CDS: on
MetaspaceReclaimPolicy: balanced
 - commit_granule_bytes: 65536.
 - commit_granule_words: 8192.
 - virtual_space_node_default_size: 1048576.
 - enlarge_chunks_in_place: 1.
 - new_chunks_are_fully_committed: 0.
 - uncommit_free_chunks: 1.
 - use_allocation_guard: 0.
 - handle_deallocations: 1.


Internal statistics:

num_allocs_failed_limit: 6.
num_arena_births: 364.
num_arena_deaths: 0.
num_vsnodes_births: 6.
num_vsnodes_deaths: 0.
num_space_committed: 618.
num_space_uncommitted: 0.
num_chunks_returned_to_freelist: 6.
num_chunks_taken_from_freelist: 1813.
num_chunk_merges: 6.
num_chunk_splits: 1287.
num_chunks_enlarged: 1004.
num_purges: 0.
num_inconsistent_stats: 0.

CodeCache: size=49152Kb used=8438Kb max_used=8438Kb free=40713Kb
 bounds [0x00000279b7e70000, 0x00000279b86b0000, 0x00000279bae70000]
 total_blobs=4441 nmethods=3876 adapters=490
 compilation: enabled
              stopped_count=0, restarted_count=0
 full_count=0

Compilation events (20 events):
Event: 6.819 Thread 0x00000279c0c7ed70 3867       1       java.util.ImmutableCollections$ListItr::<init> (25 bytes)
Event: 6.819 Thread 0x00000279c0c7ed70 nmethod 3867 0x00000279b86a6910 code [0x00000279b86a6aa0, 0x00000279b86a6bb8]
Event: 6.819 Thread 0x00000279aef07d30 nmethod 3866 0x00000279b86a6c10 code [0x00000279b86a6dc0, 0x00000279b86a6f88]
Event: 6.823 Thread 0x00000279c0827ba0 nmethod 3868 0x00000279b86a7010 code [0x00000279b86a73c0, 0x00000279b86a8458]
Event: 6.864 Thread 0x00000279c0827ba0 3869       1       org.hibernate.event.spi.EventType::ordinal (5 bytes)
Event: 6.864 Thread 0x00000279c0827ba0 nmethod 3869 0x00000279b86a9a10 code [0x00000279b86a9ba0, 0x00000279b86a9c78]
Event: 6.869 Thread 0x00000279aef07d30 3870       1       org.hibernate.event.service.internal.EventListenerRegistryImpl$Builder$$Lambda$750/0x000000080114fd68::apply (11 bytes)
Event: 6.869 Thread 0x00000279aef07d30 nmethod 3870 0x00000279b86a9d10 code [0x00000279b86a9ec0, 0x00000279b86aa078]
Event: 6.874 Thread 0x00000279aef07d30 3871       1       org.hibernate.event.service.internal.EventListenerRegistryImpl$Builder$$Lambda$753/0x000000080115d588::apply (11 bytes)
Event: 6.874 Thread 0x00000279aef07d30 nmethod 3871 0x00000279b86aa190 code [0x00000279b86aa340, 0x00000279b86aa4f8]
Event: 6.880 Thread 0x00000279c0827ba0 3872       1       java.lang.PublicMethods$Key::equals (50 bytes)
Event: 6.880 Thread 0x00000279c0827ba0 nmethod 3872 0x00000279b86aa610 code [0x00000279b86aa7c0, 0x00000279b86aa9a8]
Event: 6.932 Thread 0x00000279c0827ba0 3873       1       org.hibernate.service.spi.ServiceBinding::getService (5 bytes)
Event: 6.932 Thread 0x00000279c0827ba0 nmethod 3873 0x00000279b86ab090 code [0x00000279b86ab220, 0x00000279b86ab2f8]
Event: 6.979 Thread 0x00000279c0827ba0 3874       1       org.hibernate.mapping.PersistentClass::getEntityName (5 bytes)
Event: 6.979 Thread 0x00000279c0827ba0 nmethod 3874 0x00000279b86ac290 code [0x00000279b86ac420, 0x00000279b86ac4f8]
Event: 6.996 Thread 0x00000279c0827ba0 3875       1       org.apache.logging.log4j.message.AbstractMessageFactory::<init> (5 bytes)
Event: 6.996 Thread 0x00000279c0c7ed70 3876       1       org.apache.logging.log4j.spi.AbstractLogger::narrow (21 bytes)
Event: 6.997 Thread 0x00000279c0827ba0 nmethod 3875 0x00000279b86ac590 code [0x00000279b86ac720, 0x00000279b86ac7d8]
Event: 6.997 Thread 0x00000279c0c7ed70 nmethod 3876 0x00000279b86ac890 code [0x00000279b86aca40, 0x00000279b86acc28]

GC Heap History (18 events):
Event: 0.880 GC heap before
{Heap before GC invocations=0 (full 0):
 garbage-first heap   total 63488K, used 13312K [0x00000000c2200000, 0x0000000100000000)
  region size 1024K, 13 young (13312K), 0 survivors (0K)
 Metaspace       used 2643K, committed 2816K, reserved 1056768K
  class space    used 313K, committed 384K, reserved 1048576K
}
Event: 0.894 GC heap after
{Heap after GC invocations=1 (full 0):
 garbage-first heap   total 63488K, used 6272K [0x00000000c2200000, 0x0000000100000000)
  region size 1024K, 2 young (2048K), 2 survivors (2048K)
 Metaspace       used 2643K, committed 2816K, reserved 1056768K
  class space    used 313K, committed 384K, reserved 1048576K
}
Event: 1.370 GC heap before
{Heap before GC invocations=1 (full 0):
 garbage-first heap   total 63488K, used 15488K [0x00000000c2200000, 0x0000000100000000)
  region size 1024K, 11 young (11264K), 2 survivors (2048K)
 Metaspace       used 4570K, committed 4736K, reserved 1056768K
  class space    used 593K, committed 640K, reserved 1048576K
}
Event: 1.373 GC heap after
{Heap after GC invocations=2 (full 0):
 garbage-first heap   total 63488K, used 7087K [0x00000000c2200000, 0x0000000100000000)
  region size 1024K, 1 young (1024K), 1 survivors (1024K)
 Metaspace       used 4570K, committed 4736K, reserved 1056768K
  class space    used 593K, committed 640K, reserved 1048576K
}
Event: 1.962 GC heap before
{Heap before GC invocations=2 (full 0):
 garbage-first heap   total 63488K, used 25519K [0x00000000c2200000, 0x0000000100000000)
  region size 1024K, 20 young (20480K), 1 survivors (1024K)
 Metaspace       used 8779K, committed 8960K, reserved 1064960K
  class space    used 1204K, committed 1280K, reserved 1048576K
}
Event: 1.966 GC heap after
{Heap after GC invocations=3 (full 0):
 garbage-first heap   total 63488K, used 8396K [0x00000000c2200000, 0x0000000100000000)
  region size 1024K, 2 young (2048K), 2 survivors (2048K)
 Metaspace       used 8779K, committed 8960K, reserved 1064960K
  class space    used 1204K, committed 1280K, reserved 1048576K
}
Event: 2.600 GC heap before
{Heap before GC invocations=3 (full 0):
 garbage-first heap   total 63488K, used 36044K [0x00000000c2200000, 0x0000000100000000)
  region size 1024K, 30 young (30720K), 2 survivors (2048K)
 Metaspace       used 14326K, committed 14528K, reserved 1064960K
  class space    used 1921K, committed 2048K, reserved 1048576K
}
Event: 2.606 GC heap after
{Heap after GC invocations=4 (full 0):
 garbage-first heap   total 63488K, used 9955K [0x00000000c2200000, 0x0000000100000000)
  region size 1024K, 4 young (4096K), 4 survivors (4096K)
 Metaspace       used 14326K, committed 14528K, reserved 1064960K
  class space    used 1921K, committed 2048K, reserved 1048576K
}
Event: 3.566 GC heap before
{Heap before GC invocations=4 (full 0):
 garbage-first heap   total 63488K, used 41699K [0x00000000c2200000, 0x0000000100000000)
  region size 1024K, 36 young (36864K), 4 survivors (4096K)
 Metaspace       used 17169K, committed 17408K, reserved 1064960K
  class space    used 2377K, committed 2496K, reserved 1048576K
}
Event: 3.574 GC heap after
{Heap after GC invocations=5 (full 0):
 garbage-first heap   total 63488K, used 11875K [0x00000000c2200000, 0x0000000100000000)
  region size 1024K, 4 young (4096K), 4 survivors (4096K)
 Metaspace       used 17169K, committed 17408K, reserved 1064960K
  class space    used 2377K, committed 2496K, reserved 1048576K
}
Event: 4.437 GC heap before
{Heap before GC invocations=5 (full 0):
 garbage-first heap   total 63488K, used 38499K [0x00000000c2200000, 0x0000000100000000)
  region size 1024K, 31 young (31744K), 4 survivors (4096K)
 Metaspace       used 21264K, committed 21504K, reserved 1073152K
  class space    used 3034K, committed 3136K, reserved 1048576K
}
Event: 4.447 GC heap after
{Heap after GC invocations=6 (full 0):
 garbage-first heap   total 63488K, used 14388K [0x00000000c2200000, 0x0000000100000000)
  region size 1024K, 5 young (5120K), 5 survivors (5120K)
 Metaspace       used 21264K, committed 21504K, reserved 1073152K
  class space    used 3034K, committed 3136K, reserved 1048576K
}
Event: 5.417 GC heap before
{Heap before GC invocations=7 (full 0):
 garbage-first heap   total 58368K, used 43060K [0x00000000c2200000, 0x0000000100000000)
  region size 1024K, 34 young (34816K), 5 survivors (5120K)
 Metaspace       used 25944K, committed 26304K, reserved 1073152K
  class space    used 3641K, committed 3840K, reserved 1048576K
}
Event: 5.428 GC heap after
{Heap after GC invocations=8 (full 0):
 garbage-first heap   total 58368K, used 16972K [0x00000000c2200000, 0x0000000100000000)
  region size 1024K, 3 young (3072K), 3 survivors (3072K)
 Metaspace       used 25944K, committed 26304K, reserved 1073152K
  class space    used 3641K, committed 3840K, reserved 1048576K
}
Event: 6.305 GC heap before
{Heap before GC invocations=8 (full 0):
 garbage-first heap   total 58368K, used 41548K [0x00000000c2200000, 0x0000000100000000)
  region size 1024K, 28 young (28672K), 3 survivors (3072K)
 Metaspace       used 33430K, committed 33792K, reserved 1081344K
  class space    used 4724K, committed 4928K, reserved 1048576K
}
Event: 6.312 GC heap after
{Heap after GC invocations=9 (full 0):
 garbage-first heap   total 58368K, used 18722K [0x00000000c2200000, 0x0000000100000000)
  region size 1024K, 3 young (3072K), 3 survivors (3072K)
 Metaspace       used 33430K, committed 33792K, reserved 1081344K
  class space    used 4724K, committed 4928K, reserved 1048576K
}
Event: 6.619 GC heap before
{Heap before GC invocations=9 (full 0):
 garbage-first heap   total 58368K, used 25890K [0x00000000c2200000, 0x0000000100000000)
  region size 1024K, 12 young (12288K), 3 survivors (3072K)
 Metaspace       used 35751K, committed 36096K, reserved 1081344K
  class space    used 5101K, committed 5312K, reserved 1048576K
}
Event: 6.623 GC heap after
{Heap after GC invocations=10 (full 0):
 garbage-first heap   total 58368K, used 19437K [0x00000000c2200000, 0x0000000100000000)
  region size 1024K, 3 young (3072K), 3 survivors (3072K)
 Metaspace       used 35751K, committed 36096K, reserved 1081344K
  class space    used 5101K, committed 5312K, reserved 1048576K
}

Deoptimization events (16 events):
Event: 0.969 Thread 0x00000279aee3fe80 DEOPT PACKING pc=0x00000279b81b2e75 sp=0x000000b9047fd070
Event: 0.969 Thread 0x00000279aee3fe80 DEOPT UNPACKING pc=0x00000279b7ec2b43 sp=0x000000b9047fc4e0 mode 3
Event: 2.064 Thread 0x00000279c0f574b0 DEOPT PACKING pc=0x00000279b82f1599 sp=0x000000b9060fc970
Event: 2.064 Thread 0x00000279c0f574b0 DEOPT UNPACKING pc=0x00000279b7ec2b43 sp=0x000000b9060fbe50 mode 3
Event: 2.472 Thread 0x00000279c0f574b0 DEOPT PACKING pc=0x00000279b83507ad sp=0x000000b9060fdd10
Event: 2.472 Thread 0x00000279c0f574b0 DEOPT UNPACKING pc=0x00000279b7ec2b43 sp=0x000000b9060fd270 mode 3
Event: 3.444 Thread 0x00000279c0f574b0 DEOPT PACKING pc=0x00000279b834b124 sp=0x000000b9060fce40
Event: 3.444 Thread 0x00000279c0f574b0 DEOPT UNPACKING pc=0x00000279b7ec2b43 sp=0x000000b9060fc398 mode 0
Event: 3.871 Thread 0x00000279c0f574b0 DEOPT PACKING pc=0x00000279b852bc75 sp=0x000000b9060fc440
Event: 3.871 Thread 0x00000279c0f574b0 DEOPT UNPACKING pc=0x00000279b7ec2b43 sp=0x000000b9060fb8b0 mode 3
Event: 5.062 Thread 0x00000279c0f574b0 DEOPT PACKING pc=0x00000279b85f301d sp=0x000000b9060fbda0
Event: 5.062 Thread 0x00000279c0f574b0 DEOPT UNPACKING pc=0x00000279b7ec2b43 sp=0x000000b9060fb308 mode 3
Event: 6.353 Thread 0x00000279c0f574b0 DEOPT PACKING pc=0x00000279b8303c81 sp=0x000000b9060fcf60
Event: 6.353 Thread 0x00000279c0f574b0 DEOPT UNPACKING pc=0x00000279b7ec2b43 sp=0x000000b9060fc3f0 mode 3
Event: 6.353 Thread 0x00000279c09ffc60 DEOPT PACKING pc=0x00000279b82f7317 sp=0x000000b9067ff330
Event: 6.353 Thread 0x00000279c09ffc60 DEOPT UNPACKING pc=0x00000279b7ec2b43 sp=0x000000b9067fe788 mode 3

Classes unloaded (0 events):
No events

Classes redefined (0 events):
No events

Internal exceptions (20 events):
Event: 4.119 Thread 0x00000279c0f574b0 Exception <a 'java/lang/ClassNotFoundException'{0x00000000c4f7a3b0}: org/springframework/beans/factory/AwareCustomizer> (0x00000000c4f7a3b0) 
thrown [t:\workspace\open\src\hotspot\share\classfile\systemDictionary.cpp, line 256]
Event: 4.211 Thread 0x00000279c0f574b0 Exception <a 'java/lang/NoSuchMethodError'{0x00000000c4c15820}: 'java.lang.Object java.lang.invoke.DirectMethodHandle$Holder.invokeStatic(java.lang.Object, java.lang.Object, int)'> (0x00000000c4c15820) 
thrown [t:\workspace\open\src\hotspot\share\interpreter\linkResolver.cpp, line 766]
Event: 4.213 Thread 0x00000279c0f574b0 Exception <a 'java/lang/NoSuchMethodError'{0x00000000c4c211c0}: 'void java.lang.invoke.DelegatingMethodHandle$Holder.delegate(java.lang.Object, java.lang.Object, int, java.lang.Object)'> (0x00000000c4c211c0) 
thrown [t:\workspace\open\src\hotspot\share\interpreter\linkResolver.cpp, line 766]
Event: 4.299 Thread 0x00000279c0f574b0 Exception <a 'java/lang/NoSuchMethodError'{0x00000000c4a24760}: 'int java.lang.invoke.DirectMethodHandle$Holder.invokeSpecial(java.lang.Object, java.lang.Object, java.lang.Object, java.lang.Object, java.lang.Object)'> (0x00000000c4a24760) 
thrown [t:\workspace\open\src\hotspot\share\interpreter\linkResolver.cpp, line 766]
Event: 4.377 Thread 0x00000279c0f574b0 Exception <a 'java/lang/NoSuchMethodError'{0x00000000c48d66a0}: 'void java.lang.invoke.DirectMethodHandle$Holder.invokeInterface(java.lang.Object, java.lang.Object, int)'> (0x00000000c48d66a0) 
thrown [t:\workspace\open\src\hotspot\share\interpreter\linkResolver.cpp, line 766]
Event: 4.379 Thread 0x00000279c0f574b0 Exception <a 'java/lang/NoSuchMethodError'{0x00000000c48f0658}: 'int java.lang.invoke.DirectMethodHandle$Holder.invokeVirtual(java.lang.Object, java.lang.Object)'> (0x00000000c48f0658) 
thrown [t:\workspace\open\src\hotspot\share\interpreter\linkResolver.cpp, line 766]
Event: 4.383 Thread 0x00000279c0f574b0 Exception <a 'java/lang/IncompatibleClassChangeError'{0x00000000c4729fb8}: Found class java.lang.Object, but interface was expected> (0x00000000c4729fb8) 
thrown [t:\workspace\open\src\hotspot\share\interpreter\linkResolver.cpp, line 833]
Event: 4.384 Thread 0x00000279c0f574b0 Exception <a 'java/lang/NoSuchMethodError'{0x00000000c472f140}: 'void java.lang.invoke.DirectMethodHandle$Holder.invokeStatic(java.lang.Object, int, java.lang.Object)'> (0x00000000c472f140) 
thrown [t:\workspace\open\src\hotspot\share\interpreter\linkResolver.cpp, line 766]
Event: 4.388 Thread 0x00000279c0f574b0 Exception <a 'java/lang/NoSuchMethodError'{0x00000000c47647d0}: 'int java.lang.invoke.DirectMethodHandle$Holder.invokeSpecial(java.lang.Object, java.lang.Object, int)'> (0x00000000c47647d0) 
thrown [t:\workspace\open\src\hotspot\share\interpreter\linkResolver.cpp, line 766]
Event: 4.514 Thread 0x00000279c0f574b0 Exception <a 'java/lang/NoSuchMethodError'{0x00000000c58120f8}: 'java.lang.Object java.lang.invoke.DirectMethodHandle$Holder.invokeStaticInit(java.lang.Object, int, int, int, int)'> (0x00000000c58120f8) 
thrown [t:\workspace\open\src\hotspot\share\interpreter\linkResolver.cpp, line 766]
Event: 4.594 Thread 0x00000279c0f574b0 Exception <a 'java/lang/NoSuchMethodError'{0x00000000c584b110}: 'java.lang.Object java.lang.invoke.DirectMethodHandle$Holder.invokeStaticInit(java.lang.Object, java.lang.Object, int, int, int, int)'> (0x00000000c584b110) 
thrown [t:\workspace\open\src\hotspot\share\interpreter\linkResolver.cpp, line 766]
Event: 4.758 Thread 0x00000279c0f574b0 Exception <a 'sun/nio/fs/WindowsException'{0x00000000c51b0350}> (0x00000000c51b0350) 
thrown [t:\workspace\open\src\hotspot\share\prims\jni.cpp, line 516]
Event: 4.760 Thread 0x00000279c0f574b0 Exception <a 'sun/nio/fs/WindowsException'{0x00000000c51b5f18}> (0x00000000c51b5f18) 
thrown [t:\workspace\open\src\hotspot\share\prims\jni.cpp, line 516]
Event: 4.760 Thread 0x00000279c0f574b0 Exception <a 'sun/nio/fs/WindowsException'{0x00000000c51b65f0}> (0x00000000c51b65f0) 
thrown [t:\workspace\open\src\hotspot\share\prims\jni.cpp, line 516]
Event: 4.933 Thread 0x00000279c0f574b0 Exception <a 'java/io/FileNotFoundException'{0x00000000c4c7d5d0}> (0x00000000c4c7d5d0) 
thrown [t:\workspace\open\src\hotspot\share\prims\jni.cpp, line 516]
Event: 4.970 Thread 0x00000279c0f574b0 Exception <a 'java/lang/NoSuchMethodError'{0x00000000c4baa070}: 'int java.lang.invoke.DirectMethodHandle$Holder.invokeInterface(java.lang.Object, java.lang.Object, java.lang.Object, java.lang.Object)'> (0x00000000c4baa070) 
thrown [t:\workspace\open\src\hotspot\share\interpreter\linkResolver.cpp, line 766]
Event: 5.106 Thread 0x00000279c0f574b0 Exception <a 'java/lang/NoSuchMethodError'{0x00000000c4882c78}: static Lorg/springframework/security/web/csrf/DefaultCsrfToken;.<clinit>()V> (0x00000000c4882c78) 
thrown [t:\workspace\open\src\hotspot\share\prims\jni.cpp, line 1107]
Event: 5.115 Thread 0x00000279c0f574b0 Exception <a 'java/lang/NoSuchMethodError'{0x00000000c48b7f28}: static Lorg/springframework/security/authentication/AbstractAuthenticationToken;.<clinit>()V> (0x00000000c48b7f28) 
thrown [t:\workspace\open\src\hotspot\share\prims\jni.cpp, line 1107]
Event: 6.445 Thread 0x00000279c0f574b0 Exception <a 'java/lang/NoSuchMethodError'{0x00000000c575f9f8}: 'java.lang.Object java.lang.invoke.DirectMethodHandle$Holder.invokeStaticInit(java.lang.Object, java.lang.Object, java.lang.Object, java.lang.Object)'> (0x00000000c575f9f8) 
thrown [t:\workspace\open\src\hotspot\share\interpreter\linkResolver.cpp, line 766]
Event: 6.810 Thread 0x00000279c0f574b0 Exception <a 'java/lang/NoSuchMethodError'{0x00000000c56ed718}: 'java.lang.Object java.lang.invoke.DirectMethodHandle$Holder.newInvokeSpecial(java.lang.Object, java.lang.Object, int, java.lang.Object, java.lang.Object)'> (0x00000000c56ed718) 
thrown [t:\workspace\open\src\hotspot\share\interpreter\linkResolver.cpp, line 766]

VM Operations (20 events):
Event: 5.138 Executing VM operation: HandshakeAllThreads
Event: 5.139 Executing VM operation: HandshakeAllThreads done
Event: 5.214 Executing VM operation: HandshakeAllThreads
Event: 5.214 Executing VM operation: HandshakeAllThreads done
Event: 5.296 Executing VM operation: HandshakeAllThreads
Event: 5.296 Executing VM operation: HandshakeAllThreads done
Event: 5.417 Executing VM operation: G1CollectForAllocation
Event: 5.428 Executing VM operation: G1CollectForAllocation done
Event: 6.266 Executing VM operation: HandshakeAllThreads
Event: 6.266 Executing VM operation: HandshakeAllThreads done
Event: 6.305 Executing VM operation: G1CollectForAllocation
Event: 6.312 Executing VM operation: G1CollectForAllocation done
Event: 6.443 Executing VM operation: HandshakeAllThreads
Event: 6.443 Executing VM operation: HandshakeAllThreads done
Event: 6.619 Executing VM operation: CollectForMetadataAllocation
Event: 6.624 Executing VM operation: CollectForMetadataAllocation done
Event: 6.683 Executing VM operation: G1Concurrent
Event: 6.686 Executing VM operation: G1Concurrent done
Event: 6.713 Executing VM operation: G1Concurrent
Event: 6.713 Executing VM operation: G1Concurrent done

Events (20 events):
Event: 6.757 loading class java/lang/StrictMath
Event: 6.757 loading class java/lang/StrictMath done
Event: 6.757 loading class java/math/MutableBigInteger
Event: 6.759 loading class java/math/MutableBigInteger done
Event: 6.801 loading class javax/naming/RefAddr
Event: 6.801 loading class javax/naming/RefAddr done
Event: 6.801 loading class javax/naming/StringRefAddr
Event: 6.801 loading class javax/naming/StringRefAddr done
Event: 6.807 loading class java/io/InvalidObjectException
Event: 6.807 loading class java/io/InvalidObjectException done
Event: 6.836 loading class java/util/concurrent/CompletionStage
Event: 6.836 loading class java/util/concurrent/CompletionStage done
Event: 6.837 loading class java/util/concurrent/CompletableFuture
Event: 6.838 loading class java/util/concurrent/CompletableFuture done
Event: 6.838 loading class java/util/concurrent/CompletableFuture$AltResult
Event: 6.838 loading class java/util/concurrent/CompletableFuture$AltResult done
Event: 6.838 loading class java/util/concurrent/CompletableFuture$Completion
Event: 6.838 loading class java/util/concurrent/CompletableFuture$AsynchronousCompletionTask
Event: 6.838 loading class java/util/concurrent/CompletableFuture$AsynchronousCompletionTask done
Event: 6.839 loading class java/util/concurrent/CompletableFuture$Completion done


Dynamic libraries:
0x00007ff736730000 - 0x00007ff736740000 	O:\Java\jdk-17.0.2\bin\java.exe
0x00007ffd75db0000 - 0x00007ffd75fa5000 	C:\WINDOWS\SYSTEM32\ntdll.dll
0x00007ffd58bc0000 - 0x00007ffd58bd6000 	C:\Program Files\Avast Software\Avast\aswhook.dll
0x00007ffd74ff0000 - 0x00007ffd750ae000 	C:\WINDOWS\System32\KERNEL32.DLL
0x00007ffd736b0000 - 0x00007ffd73978000 	C:\WINDOWS\System32\KERNELBASE.dll
0x00007ffd73b70000 - 0x00007ffd73c70000 	C:\WINDOWS\System32\ucrtbase.dll
0x00007ffd64410000 - 0x00007ffd64428000 	O:\Java\jdk-17.0.2\bin\jli.dll
0x00007ffd752e0000 - 0x00007ffd7538e000 	C:\WINDOWS\System32\ADVAPI32.dll
0x00007ffd74060000 - 0x00007ffd740fe000 	C:\WINDOWS\System32\msvcrt.dll
0x00007ffd757f0000 - 0x00007ffd7588c000 	C:\WINDOWS\System32\sechost.dll
0x00007ffd75150000 - 0x00007ffd75275000 	C:\WINDOWS\System32\RPCRT4.dll
0x00007ffd64340000 - 0x00007ffd6435a000 	O:\Java\jdk-17.0.2\bin\VCRUNTIME140.dll
0x00007ffd74100000 - 0x00007ffd742a0000 	C:\WINDOWS\System32\USER32.dll
0x00007ffd73c70000 - 0x00007ffd73c92000 	C:\WINDOWS\System32\win32u.dll
0x00007ffd74fc0000 - 0x00007ffd74feb000 	C:\WINDOWS\System32\GDI32.dll
0x00007ffd73980000 - 0x00007ffd73a8d000 	C:\WINDOWS\System32\gdi32full.dll
0x00007ffd734c0000 - 0x00007ffd7355d000 	C:\WINDOWS\System32\msvcp_win.dll
0x00007ffd728c0000 - 0x00007ffd72b5a000 	C:\WINDOWS\WinSxS\amd64_microsoft.windows.common-controls_6595b64144ccf1df_6.0.19041.1110_none_60b5254171f9507e\COMCTL32.dll
0x00007ffd6dfc0000 - 0x00007ffd6dfca000 	C:\WINDOWS\SYSTEM32\VERSION.dll
0x00007ffd742a0000 - 0x00007ffd742d0000 	C:\WINDOWS\System32\IMM32.DLL
0x00007ffd6c950000 - 0x00007ffd6c95c000 	O:\Java\jdk-17.0.2\bin\vcruntime140_1.dll
0x00007ffd5ea10000 - 0x00007ffd5ea9d000 	O:\Java\jdk-17.0.2\bin\msvcp140.dll
0x00007ffd136f0000 - 0x00007ffd142b1000 	O:\Java\jdk-17.0.2\bin\server\jvm.dll
0x00007ffd74ba0000 - 0x00007ffd74ba8000 	C:\WINDOWS\System32\PSAPI.DLL
0x00007ffd63330000 - 0x00007ffd63339000 	C:\WINDOWS\SYSTEM32\WSOCK32.dll
0x00007ffd753b0000 - 0x00007ffd7541b000 	C:\WINDOWS\System32\WS2_32.dll
0x00007ffd6b3d0000 - 0x00007ffd6b3f7000 	C:\WINDOWS\SYSTEM32\WINMM.dll
0x00007ffd71720000 - 0x00007ffd71732000 	C:\WINDOWS\SYSTEM32\kernel.appcore.dll
0x00007ffd6c920000 - 0x00007ffd6c92a000 	O:\Java\jdk-17.0.2\bin\jimage.dll
0x00007ffd72f30000 - 0x00007ffd73114000 	C:\WINDOWS\SYSTEM32\DBGHELP.DLL
0x00007ffd72e30000 - 0x00007ffd72e5c000 	C:\WINDOWS\SYSTEM32\dbgcore.DLL
0x00007ffd735d0000 - 0x00007ffd73652000 	C:\WINDOWS\System32\bcryptPrimitives.dll
0x00007ffd63cc0000 - 0x00007ffd63ce5000 	O:\Java\jdk-17.0.2\bin\java.dll
0x00007ffd5e800000 - 0x00007ffd5e8d6000 	O:\Java\jdk-17.0.2\bin\jsvml.dll
0x00007ffd74330000 - 0x00007ffd74a74000 	C:\WINDOWS\System32\SHELL32.dll
0x00007ffd707d0000 - 0x00007ffd70f64000 	C:\WINDOWS\SYSTEM32\windows.storage.dll
0x00007ffd74c60000 - 0x00007ffd74fb5000 	C:\WINDOWS\System32\combase.dll
0x00007ffd72820000 - 0x00007ffd7284e000 	C:\WINDOWS\SYSTEM32\Wldp.dll
0x00007ffd74bb0000 - 0x00007ffd74c5d000 	C:\WINDOWS\System32\SHCORE.dll
0x00007ffd75280000 - 0x00007ffd752d5000 	C:\WINDOWS\System32\shlwapi.dll
0x00007ffd73400000 - 0x00007ffd7341f000 	C:\WINDOWS\SYSTEM32\profapi.dll
0x00007ffd64450000 - 0x00007ffd64469000 	O:\Java\jdk-17.0.2\bin\net.dll
0x00007ffd64720000 - 0x00007ffd6482c000 	C:\WINDOWS\SYSTEM32\WINHTTP.dll
0x00007ffd726f0000 - 0x00007ffd7275a000 	C:\WINDOWS\system32\mswsock.dll
0x00007ffd64430000 - 0x00007ffd64446000 	O:\Java\jdk-17.0.2\bin\nio.dll
0x00007ffd63bb0000 - 0x00007ffd63bc8000 	O:\Java\jdk-17.0.2\bin\zip.dll
0x00007ffd6c430000 - 0x00007ffd6c440000 	O:\Java\jdk-17.0.2\bin\verify.dll
0x00007ffd6dd70000 - 0x00007ffd6dd79000 	O:\Java\jdk-17.0.2\bin\management.dll
0x00007ffd64330000 - 0x00007ffd6433b000 	O:\Java\jdk-17.0.2\bin\management_ext.dll
0x00007ffd5cd40000 - 0x00007ffd5cd57000 	C:\WINDOWS\system32\napinsp.dll
0x00007ffd5cd20000 - 0x00007ffd5cd3b000 	C:\WINDOWS\system32\pnrpnsp.dll
0x00007ffd5cd00000 - 0x00007ffd5cd15000 	C:\WINDOWS\system32\wshbth.dll
0x00007ffd6dad0000 - 0x00007ffd6daed000 	C:\WINDOWS\system32\NLAapi.dll
0x00007ffd72270000 - 0x00007ffd722ab000 	C:\WINDOWS\SYSTEM32\IPHLPAPI.DLL
0x00007ffd722b0000 - 0x00007ffd7237b000 	C:\WINDOWS\SYSTEM32\DNSAPI.dll
0x00007ffd75420000 - 0x00007ffd75428000 	C:\WINDOWS\System32\NSI.dll
0x00007ffd5cc20000 - 0x00007ffd5cc32000 	C:\WINDOWS\System32\winrnr.dll
0x00007ffd63c50000 - 0x00007ffd63c5a000 	C:\Windows\System32\rasadhlp.dll
0x00007ffd64930000 - 0x00007ffd649af000 	C:\WINDOWS\System32\fwpuclnt.dll
0x00007ffd73a90000 - 0x00007ffd73ab7000 	C:\WINDOWS\System32\bcrypt.dll
0x00007ffd73240000 - 0x00007ffd73258000 	C:\WINDOWS\SYSTEM32\CRYPTSP.dll
0x00007ffd71f20000 - 0x00007ffd71f54000 	C:\WINDOWS\system32\rsaenh.dll
0x00007ffd73380000 - 0x00007ffd733ae000 	C:\WINDOWS\SYSTEM32\USERENV.dll
0x00007ffd727e0000 - 0x00007ffd727ec000 	C:\WINDOWS\SYSTEM32\CRYPTBASE.dll
0x00007ffd67c50000 - 0x00007ffd67c67000 	C:\WINDOWS\SYSTEM32\dhcpcsvc6.DLL
0x00007ffd67d20000 - 0x00007ffd67d3d000 	C:\WINDOWS\SYSTEM32\dhcpcsvc.DLL

dbghelp: loaded successfully - version: 4.0.5 - missing functions: none
symbol engine: initialized successfully - sym options: 0x614 - pdb path: .;O:\Java\jdk-17.0.2\bin;C:\WINDOWS\SYSTEM32;C:\Program Files\Avast Software\Avast;C:\WINDOWS\WinSxS\amd64_microsoft.windows.common-controls_6595b64144ccf1df_6.0.19041.1110_none_60b5254171f9507e;O:\Java\jdk-17.0.2\bin\server

VM Arguments:
jvm_args: -XX:TieredStopAtLevel=1 
java_command: com.haimp02.pointofsales.PointofsalesApplication
java_class_path (initial): O:\laragon\www\pointofsales\target\classes;C:\Users\Woyi\.m2\repository\org\aspectj\aspectjweaver\1.9.7\aspectjweaver-1.9.7.jar;C:\Users\Woyi\.m2\repository\com\zaxxer\HikariCP\4.0.3\HikariCP-4.0.3.jar;C:\Users\Woyi\.m2\repository\org\springframework\spring-jdbc\5.3.16\spring-jdbc-5.3.16.jar;C:\Users\Woyi\.m2\repository\jakarta\transaction\jakarta.transaction-api\1.3.3\jakarta.transaction-api-1.3.3.jar;C:\Users\Woyi\.m2\repository\jakarta\persistence\jakarta.persistence-api\2.2.3\jakarta.persistence-api-2.2.3.jar;C:\Users\Woyi\.m2\repository\org\hibernate\hibernate-core\5.6.5.Final\hibernate-core-5.6.5.Final.jar;C:\Users\Woyi\.m2\repository\org\jboss\logging\jboss-logging\3.4.3.Final\jboss-logging-3.4.3.Final.jar;C:\Users\Woyi\.m2\repository\net\bytebuddy\byte-buddy\1.12.8\byte-buddy-1.12.8.jar;C:\Users\Woyi\.m2\repository\antlr\antlr\2.7.7\antlr-2.7.7.jar;C:\Users\Woyi\.m2\repository\org\jboss\jandex\2.4.2.Final\jandex-2.4.2.Final.jar;C:\Users\Woyi\.m2\repository\com\fasterxml\classmate\1.5.1\classmate-1.5.1.jar;C:\Users\Woyi\.m2\repository\org\hibernate\common\hibernate-commons-annotations\5.1.2.Final\hibernate-commons-annotations-5.1.2.Final.jar;C:\Users\Woyi\.m2\repository\org\glassfish\jaxb\jaxb-runtime\2.3.6\jaxb-runtime-2.3.6.jar;C:\Users\Woyi\.m2\repository\org\glassfish\jaxb\txw2\2.3.6\txw2-2.3.6.jar;C:\Users\Woyi\.m2\repository\com\sun\istack\istack-commons-runtime\3.0.12\istack-commons-runtime-3.0.12.jar;C:\Users\Woyi\.m2\repository\com\sun\activation\jakarta.activation\1.2.2\jakarta.activation-1.2.2.jar;C:\Users\Woyi\.m2\repository\org\springframework\data\spring-data-jpa\2.7.0-M3\spring-data-jpa-2.7.0-M3.jar;C:\Users\Woyi\.m2\repository\org\springframework\data\spring-data-commons\2.7.0-M3\spring-data-commons-2.7.0-M3.jar;C:\Users\Woyi\.m2\repository\org\springframework\spring-orm\5.3.16\spring-orm-5.3.16.jar;C:\Users\Woyi\.m2\repository\org\springframework\spring-context\5.3.16\spring-context-5.3.16.jar;C:\Users\Woyi\.m2\re
Launcher Type: SUN_STANDARD

[Global flags]
     intx CICompilerCount                          = 3                                         {product} {ergonomic}
     uint ConcGCThreads                            = 1                                         {product} {ergonomic}
     uint G1ConcRefinementThreads                  = 4                                         {product} {ergonomic}
   size_t G1HeapRegionSize                         = 1048576                                   {product} {ergonomic}
    uintx GCDrainStackTargetSize                   = 64                                        {product} {ergonomic}
   size_t InitialHeapSize                          = 65011712                                  {product} {ergonomic}
   size_t MarkStackSize                            = 4194304                                   {product} {ergonomic}
   size_t MaxHeapSize                              = 1038090240                                {product} {ergonomic}
   size_t MaxNewSize                               = 622854144                                 {product} {ergonomic}
   size_t MinHeapDeltaBytes                        = 1048576                                   {product} {ergonomic}
   size_t MinHeapSize                              = 8388608                                   {product} {ergonomic}
    uintx NonProfiledCodeHeapSize                  = 0                                      {pd product} {ergonomic}
     bool ProfileInterpreter                       = false                                  {pd product} {command line}
    uintx ProfiledCodeHeapSize                     = 0                                      {pd product} {ergonomic}
   size_t SoftMaxHeapSize                          = 1038090240                             {manageable} {ergonomic}
     intx TieredStopAtLevel                        = 1                                         {product} {command line}
     bool UseCompressedClassPointers               = true                           {product lp64_product} {ergonomic}
     bool UseCompressedOops                        = true                           {product lp64_product} {ergonomic}
     bool UseG1GC                                  = true                                      {product} {ergonomic}
     bool UseLargePagesIndividualAllocation        = false                                  {pd product} {ergonomic}

Logging:
Log output configuration:
 #0: stdout all=warning uptime,level,tags
 #1: stderr all=off uptime,level,tags

Environment Variables:
JAVA_HOME=O:\Java\jdk-17.0.2
PATH=C:\Program Files\Common Files\Oracle\Java\javapath;C:\Program Files (x86)\Common Files\Oracle\Java\javapath;C:\Program Files (x86)\AdoptOpenJDK\jdk-8.0.232.09-hotspot\bin;C:\WINDOWS\system32;C:\WINDOWS;C:\WINDOWS\System32\Wbem;C:\WINDOWS\System32\WindowsPowerShell\v1.0\;C:\WINDOWS\System32\OpenSSH\;C:\Program Files (x86)\QuickTime Alternative\QTSystem;C:\Program Files\PuTTY\;C:\xampp\php;C:\ProgramData\ComposerSetup\bin;O:\nodejs\;O:\Git\Git\cmd;O:\Git\Git\mingw64\bin;O:\Git\Git\usr\bin;C:\Program Files (x86)\QuickTime Alternative\QTSystem\;C:\Program Files\Go\bin;C:\Program Files\apache-maven-3.8.4\bin;O:\Java\jdk-17.0.2;C:\Users\Woyi\AppData\Local\Programs\Python\Python39\Scripts\;C:\Users\Woyi\AppData\Local\Programs\Python\Python39\;C:\Users\Woyi\AppData\Local\Programs\Python\Python37-32\Scripts\;C:\Users\Woyi\AppData\Local\Programs\Python\Python37-32\;C:\Users\Woyi\AppData\Local\Microsoft\WindowsApps;C:\Users\Woyi\AppData\Local\Programs\Microsoft VS Code\bin;C:\Users\Woyi\AppData\Roaming\Composer\vendor\bin;C:\Users\Woyi\AppData\Roaming\npm;C:\Users\Woyi\Downloads\Compressed\sqlite3;C:\Users\Woyi\go\bin;O:\Java\jdk-17.0.2\bin;D:\New\Downloads\Programs\IntelliJ IDEA Community Edition 2019.2.4\bin;;
USERNAME=Woyi
LANG=en_US.UTF-8
OS=Windows_NT
PROCESSOR_IDENTIFIER=Intel64 Family 6 Model 58 Stepping 9, GenuineIntel



---------------  S Y S T E M  ---------------

OS:
 Windows 10 , 64 bit Build 19041 (10.0.19041.1503)
OS uptime: 0 days 8:42 hours

CPU: total 4 (initial active 4) (2 cores per cpu, 2 threads per core) family 6 model 58 stepping 9 microcode 0x21, cx8, cmov, fxsr, ht, mmx, sse, sse2, sse3, ssse3, sse4.1, sse4.2, popcnt, tsc, tscinvbit, avx, aes, erms, clmul, vzeroupper, clflush

Memory: 4k page, system-wide physical 3959M (723M free)
TotalPageFile size 6002M (AvailPageFile size 2M)
current process WorkingSet (physical memory assigned to process): 152M, peak: 152M
current process commit charge ("private bytes"): 191M, peak: 191M

vm_info: Java HotSpot(TM) 64-Bit Server VM (17.0.2+8-LTS-86) for windows-amd64 JRE (17.0.2+8-LTS-86), built on Dec  7 2021 21:51:03 by "mach5one" with MS VC++ 16.8 / 16.9 (VS2019)

END.
