#
# There is insufficient memory for the Java Runtime Environment to continue.
# Native memory allocation (malloc) failed to allocate 494416 bytes for Chunk::new
# Possible reasons:
#   The system is out of physical RAM or swap space
#   The process is running with CompressedOops enabled, and the Java Heap may be blocking the growth of the native heap
# Possible solutions:
#   Reduce memory load on the system
#   Increase physical memory or swap space
#   Check if swap backing store is full
#   Decrease Java heap size (-Xmx/-Xms)
#   Decrease number of Java threads
#   Decrease Java thread stack sizes (-Xss)
#   Set larger code cache with -XX:ReservedCodeCacheSize=
#   JVM is running with Unscaled Compressed Oops mode in which the Java heap is
#     placed in the first 4GB address space. The Java Heap base address is the
#     maximum limit for the native heap growth. Please use -XX:HeapBaseMinAddress
#     to set the Java Heap base and to place the Java Heap above 4GB virtual address.
# This output file may be truncated or incomplete.
#
#  Out of Memory Error (arena.cpp:189), pid=108, tid=8992
#
# JRE version: Java(TM) SE Runtime Environment (17.0.2+8) (build 17.0.2+8-LTS-86)
# Java VM: Java HotSpot(TM) 64-Bit Server VM (17.0.2+8-LTS-86, mixed mode, sharing, tiered, compressed oops, compressed class ptrs, parallel gc, windows-amd64)
# No core dump will be written. Minidumps are not enabled by default on client versions of Windows
#

---------------  S U M M A R Y ------------

Command Line: --add-modules=ALL-SYSTEM --add-opens=java.base/java.util=ALL-UNNAMED --add-opens=java.base/java.lang=ALL-UNNAMED --add-opens=java.base/sun.nio.fs=ALL-UNNAMED -Declipse.application=org.eclipse.jdt.ls.core.id1 -Dosgi.bundles.defaultStartLevel=4 -Declipse.product=org.eclipse.jdt.ls.core.product -Djava.import.generatesMetadataFilesAtProjectRoot=false -Dfile.encoding=utf8 -DwatchParentProcess=false -XX:+UseParallelGC -XX:GCTimeRatio=4 -XX:AdaptiveSizePolicyWeight=90 -Dsun.zip.disableMemoryMapping=true -Xmx1G -Xms100m -XX:+HeapDumpOnOutOfMemoryError -XX:HeapDumpPath=c:\Users\Woyi\AppData\Roaming\Code\User\workspaceStorage\72a52f48ab5fef7502c5d8c379e6b950\redhat.java c:\Users\Woyi\.vscode\extensions\redhat.java-1.4.0\server\plugins\org.eclipse.equinox.launcher_1.6.400.v20210924-0641.jar -configuration c:\Users\Woyi\AppData\Roaming\Code\User\globalStorage\redhat.java\1.4.0\config_win -data c:\Users\Woyi\AppData\Roaming\Code\User\workspaceStorage\72a52f48ab5fef7502c5d8c379e6b950\redhat.java\jdt_ws

Host: Intel(R) Core(TM) i5-3427U CPU @ 1.80GHz, 4 cores, 3G,  Windows 10 , 64 bit Build 19041 (10.0.19041.1503)
Time: Thu Mar 10 22:53:28 2022 Malay Peninsula Standard Time elapsed time: 5.413616 seconds (0d 0h 0m 5s)

---------------  T H R E A D  ---------------

Current thread (0x0000018fab1141e0):  JavaThread "C2 CompilerThread0" daemon [_thread_in_native, id=8992, stack(0x0000000ba0100000,0x0000000ba0200000)]


Current CompileTask:
C2:   5413 2940       4       java.io.BufferedInputStream::read1 (108 bytes)

Stack: [0x0000000ba0100000,0x0000000ba0200000]
Native frames: (J=compiled Java code, j=interpreted, Vv=VM code, C=native code)
V  [jvm.dll+0x670baa]
V  [jvm.dll+0x7cfcb4]
V  [jvm.dll+0x7d145e]
V  [jvm.dll+0x7d1ac3]
V  [jvm.dll+0x242bc5]
V  [jvm.dll+0xaa57b]
V  [jvm.dll+0xaab0c]
V  [jvm.dll+0x2a991f]
V  [jvm.dll+0x5792d9]
V  [jvm.dll+0x21de3d]
V  [jvm.dll+0x217679]
V  [jvm.dll+0x214fab]
V  [jvm.dll+0x1a1bbd]
V  [jvm.dll+0x224908]
V  [jvm.dll+0x222a6c]
V  [jvm.dll+0x7859bb]
V  [jvm.dll+0x77ff7a]
V  [jvm.dll+0x66fa35]
C  [ucrtbase.dll+0x21bb2]
C  [KERNEL32.DLL+0x17034]
C  [ntdll.dll+0x52651]


---------------  P R O C E S S  ---------------

Threads class SMR info:
_java_thread_list=0x0000018faf1623c0, length=24, elements={
0x0000018f90829a70, 0x0000018fab0fa760, 0x0000018fab0fcac0, 0x0000018fab10bc20,
0x0000018fab10c6e0, 0x0000018fab10f940, 0x0000018fab114c20, 0x0000018fab1141e0,
0x0000018fab142e20, 0x0000018fab143fb0, 0x0000018f908e9150, 0x0000018faccf49a0,
0x0000018fad4b5660, 0x0000018fad30adb0, 0x0000018fad4afab0, 0x0000018fad498f20,
0x0000018fad3fe720, 0x0000018fae8183a0, 0x0000018fad74fa90, 0x0000018fae8eba60,
0x0000018fad7e7850, 0x0000018fad7e81f0, 0x0000018fad7e6eb0, 0x0000018fad7e7380
}

Java Threads: ( => current thread )
  0x0000018f90829a70 JavaThread "main" [_thread_blocked, id=11768, stack(0x0000000b9f800000,0x0000000b9f900000)]
  0x0000018fab0fa760 JavaThread "Reference Handler" daemon [_thread_blocked, id=11276, stack(0x0000000b9fb00000,0x0000000b9fc00000)]
  0x0000018fab0fcac0 JavaThread "Finalizer" daemon [_thread_blocked, id=6488, stack(0x0000000b9fc00000,0x0000000b9fd00000)]
  0x0000018fab10bc20 JavaThread "Signal Dispatcher" daemon [_thread_blocked, id=1196, stack(0x0000000b9fd00000,0x0000000b9fe00000)]
  0x0000018fab10c6e0 JavaThread "Attach Listener" daemon [_thread_blocked, id=12096, stack(0x0000000b9fe00000,0x0000000b9ff00000)]
  0x0000018fab10f940 JavaThread "Service Thread" daemon [_thread_blocked, id=12680, stack(0x0000000b9ff00000,0x0000000ba0000000)]
  0x0000018fab114c20 JavaThread "Monitor Deflation Thread" daemon [_thread_blocked, id=3928, stack(0x0000000ba0000000,0x0000000ba0100000)]
=>0x0000018fab1141e0 JavaThread "C2 CompilerThread0" daemon [_thread_in_native, id=8992, stack(0x0000000ba0100000,0x0000000ba0200000)]
  0x0000018fab142e20 JavaThread "C1 CompilerThread0" daemon [_thread_blocked, id=540, stack(0x0000000ba0200000,0x0000000ba0300000)]
  0x0000018fab143fb0 JavaThread "Sweeper thread" daemon [_thread_blocked, id=3608, stack(0x0000000ba0300000,0x0000000ba0400000)]
  0x0000018f908e9150 JavaThread "Common-Cleaner" daemon [_thread_blocked, id=6592, stack(0x0000000ba0400000,0x0000000ba0500000)]
  0x0000018faccf49a0 JavaThread "Notification Thread" daemon [_thread_blocked, id=8932, stack(0x0000000ba0500000,0x0000000ba0600000)]
  0x0000018fad4b5660 JavaThread "Active Thread: Equinox Container: d77ca904-bbe4-429b-9a0c-45604e128044" [_thread_blocked, id=7400, stack(0x0000000ba0800000,0x0000000ba0900000)]
  0x0000018fad30adb0 JavaThread "Framework Event Dispatcher: Equinox Container: d77ca904-bbe4-429b-9a0c-45604e128044" daemon [_thread_blocked, id=12464, stack(0x0000000ba0700000,0x0000000ba0800000)]
  0x0000018fad4afab0 JavaThread "Start Level: Equinox Container: d77ca904-bbe4-429b-9a0c-45604e128044" daemon [_thread_in_Java, id=7768, stack(0x0000000ba0900000,0x0000000ba0a00000)]
  0x0000018fad498f20 JavaThread "SCR Component Actor" daemon [_thread_blocked, id=3628, stack(0x0000000ba0d00000,0x0000000ba0e00000)]
  0x0000018fad3fe720 JavaThread "Timer-0" [_thread_blocked, id=7308, stack(0x0000000ba0e00000,0x0000000ba0f00000)]
  0x0000018fae8183a0 JavaThread "Bundle File Closer" daemon [_thread_blocked, id=10000, stack(0x0000000ba1000000,0x0000000ba1100000)]
  0x0000018fad74fa90 JavaThread "Worker-JM" [_thread_blocked, id=5660, stack(0x0000000ba0f00000,0x0000000ba1000000)]
  0x0000018fae8eba60 JavaThread "C2 CompilerThread1" daemon [_thread_in_native, id=10320, stack(0x0000000ba1100000,0x0000000ba1200000)]
  0x0000018fad7e7850 JavaThread "Worker-0" [_thread_blocked, id=5640, stack(0x0000000ba1200000,0x0000000ba1300000)]
  0x0000018fad7e81f0 JavaThread "Worker-1: Refreshing workspace" [_thread_in_native, id=9944, stack(0x0000000ba1300000,0x0000000ba1400000)]
  0x0000018fad7e6eb0 JavaThread "Worker-2" [_thread_blocked, id=11880, stack(0x0000000ba1400000,0x0000000ba1500000)]
  0x0000018fad7e7380 JavaThread "Java indexing" daemon [_thread_blocked, id=9768, stack(0x0000000ba1500000,0x0000000ba1600000)]

Other Threads:
  0x0000018f908f7f60 VMThread "VM Thread" [stack: 0x0000000b9fa00000,0x0000000b9fb00000] [id=3936]
  0x0000018faccf4e70 WatcherThread [stack: 0x0000000ba0600000,0x0000000ba0700000] [id=11824]
  0x0000018f9083fff0 GCTaskThread "GC Thread#0" [stack: 0x0000000b9f900000,0x0000000b9fa00000] [id=1324]
  0x0000018fad06d260 GCTaskThread "GC Thread#1" [stack: 0x0000000ba0a00000,0x0000000ba0b00000] [id=11324]
  0x0000018fad4af3c0 GCTaskThread "GC Thread#2" [stack: 0x0000000ba0b00000,0x0000000ba0c00000] [id=2952]
  0x0000018fad484ca0 GCTaskThread "GC Thread#3" [stack: 0x0000000ba0c00000,0x0000000ba0d00000] [id=8292]

Threads with active compile tasks:
C2 CompilerThread0     5489 2940       4       java.io.BufferedInputStream::read1 (108 bytes)
C2 CompilerThread1     5489 2942  s    4       java.io.BufferedInputStream::read (113 bytes)

VM state: not at safepoint (normal execution)

VM Mutex/Monitor currently owned by a thread: None

Heap address: 0x00000000c0000000, size: 1024 MB, Compressed Oops mode: 32-bit

CDS archive(s) mapped at: [0x0000000800000000-0x0000000800bc0000-0x0000000800bc0000), size 12320768, SharedBaseAddress: 0x0000000800000000, ArchiveRelocationMode: 0.
Compressed class space mapped at: 0x0000000800c00000-0x0000000840c00000, reserved size: 1073741824
Narrow klass base: 0x0000000800000000, Narrow klass shift: 0, Narrow klass range: 0x100000000

GC Precious Log:
 CPUs: 4 total, 4 available
 Memory: 3959M
 Large Page Support: Disabled
 NUMA Support: Disabled
 Compressed Oops: Enabled (32-bit)
 Alignments: Space 512K, Generation 512K, Heap 2M
 Heap Min Capacity: 100M
 Heap Initial Capacity: 100M
 Heap Max Capacity: 1G
 Pre-touch: Disabled
 Parallel Workers: 4

Heap:
 PSYoungGen      total 29696K, used 11488K [0x00000000eab00000, 0x00000000ed000000, 0x0000000100000000)
  eden space 25600K, 44% used [0x00000000eab00000,0x00000000eb638360,0x00000000ec400000)
  from space 4096K, 0% used [0x00000000ec400000,0x00000000ec400000,0x00000000ec800000)
  to   space 6144K, 0% used [0x00000000eca00000,0x00000000eca00000,0x00000000ed000000)
 ParOldGen       total 68608K, used 12172K [0x00000000c0000000, 0x00000000c4300000, 0x00000000eab00000)
  object space 68608K, 17% used [0x00000000c0000000,0x00000000c0be32f8,0x00000000c4300000)
 Metaspace       used 23089K, committed 23616K, reserved 1073152K
  class space    used 2193K, committed 2368K, reserved 1048576K

Card table byte_map: [0x0000018fa8a40000,0x0000018fa8c50000] _byte_map_base: 0x0000018fa8440000

Marking Bits: (ParMarkBitMap*) 0x00007ffaf9d443c0
 Begin Bits: [0x0000018fa8db0000, 0x0000018fa9db0000)
 End Bits:   [0x0000018fa9db0000, 0x0000018faadb0000)

Polling page: 0x0000018f99830000

Metaspace:

Usage:
  Non-class:     20.41 MB used.
      Class:      2.14 MB used.
       Both:     22.55 MB used.

Virtual space:
  Non-class space:       24.00 MB reserved,      20.75 MB ( 86%) committed,  3 nodes.
      Class space:        1.00 GB reserved,       2.31 MB ( <1%) committed,  1 nodes.
             Both:        1.02 GB reserved,      23.06 MB (  2%) committed. 

Chunk freelists:
   Non-Class:  3.22 MB
       Class:  1.51 MB
        Both:  4.73 MB

MaxMetaspaceSize: unlimited
CompressedClassSpaceSize: 1.00 GB
Initial GC threshold: 21.00 MB
Current GC threshold: 35.00 MB
CDS: on
MetaspaceReclaimPolicy: balanced
 - commit_granule_bytes: 65536.
 - commit_granule_words: 8192.
 - virtual_space_node_default_size: 1048576.
 - enlarge_chunks_in_place: 1.
 - new_chunks_are_fully_committed: 0.
 - uncommit_free_chunks: 1.
 - use_allocation_guard: 0.
 - handle_deallocations: 1.


Internal statistics:

num_allocs_failed_limit: 3.
num_arena_births: 236.
num_arena_deaths: 0.
num_vsnodes_births: 4.
num_vsnodes_deaths: 0.
num_space_committed: 369.
num_space_uncommitted: 0.
num_chunks_returned_to_freelist: 3.
num_chunks_taken_from_freelist: 1026.
num_chunk_merges: 3.
num_chunk_splits: 690.
num_chunks_enlarged: 476.
num_purges: 0.
num_inconsistent_stats: 0.

CodeHeap 'non-profiled nmethods': size=120000Kb used=1210Kb max_used=1210Kb free=118789Kb
 bounds [0x0000018fa1320000, 0x0000018fa1590000, 0x0000018fa8850000]
CodeHeap 'profiled nmethods': size=120000Kb used=6210Kb max_used=6210Kb free=113789Kb
 bounds [0x0000018f99df0000, 0x0000018f9a410000, 0x0000018fa1320000]
CodeHeap 'non-nmethods': size=5760Kb used=1223Kb max_used=1267Kb free=4536Kb
 bounds [0x0000018f99850000, 0x0000018f99ac0000, 0x0000018f99df0000]
 total_blobs=3529 nmethods=2992 adapters=451
 compilation: enabled
              stopped_count=0, restarted_count=0
 full_count=0

Compilation events (20 events):
Event: 5.377 Thread 0x0000018fab142e20 nmethod 2968 0x0000018f9a3e3390 code [0x0000018f9a3e38e0, 0x0000018f9a3e6898]
Event: 5.377 Thread 0x0000018fab142e20 2967       3       java.io.ObjectInputStream$BlockDataInputStream::currentBlockRemaining (41 bytes)
Event: 5.377 Thread 0x0000018fab142e20 nmethod 2967 0x0000018f9a3e7f90 code [0x0000018f9a3e8140, 0x0000018f9a3e83e8]
Event: 5.377 Thread 0x0000018fab142e20 2966       3       java.lang.Math::min (46 bytes)
Event: 5.378 Thread 0x0000018fab142e20 nmethod 2966 0x0000018f9a3e8510 code [0x0000018f9a3e86c0, 0x0000018f9a3e8a18]
Event: 5.378 Thread 0x0000018fab142e20 2970       3       java.io.ObjectInputStream$FieldValues::defaultSetFieldValues (39 bytes)
Event: 5.378 Thread 0x0000018fab142e20 nmethod 2970 0x0000018f9a3e8a90 code [0x0000018f9a3e8c60, 0x0000018f9a3e8ff8]
Event: 5.378 Thread 0x0000018fab142e20 2964   !   3       java.io.ObjectInputStream::readOrdinaryObject (379 bytes)
Event: 5.383 Thread 0x0000018fab142e20 nmethod 2964 0x0000018f9a3e9210 code [0x0000018f9a3e9700, 0x0000018f9a3eb758]
Event: 5.383 Thread 0x0000018fab142e20 2969       1       java.io.SerialCallbackContext::getDesc (5 bytes)
Event: 5.383 Thread 0x0000018fab142e20 nmethod 2969 0x0000018fa1449d90 code [0x0000018fa1449f20, 0x0000018fa1449ff8]
Event: 5.383 Thread 0x0000018fab142e20 2973   !   3       java.io.ObjectInputStream$BlockDataInputStream::readBlockHeader (249 bytes)
Event: 5.385 Thread 0x0000018fab142e20 nmethod 2973 0x0000018f9a3ec410 code [0x0000018f9a3ec7c0, 0x0000018f9a3edd18]
Event: 5.386 Thread 0x0000018fab142e20 2971       1       java.io.ObjectStreamField::getOffset (5 bytes)
Event: 5.386 Thread 0x0000018fab142e20 nmethod 2971 0x0000018fa144a090 code [0x0000018fa144a220, 0x0000018fa144a2f8]
Event: 5.388 Thread 0x0000018fab142e20 2974       3       java.io.ObjectStreamField::getSignature (39 bytes)
Event: 5.389 Thread 0x0000018fab142e20 nmethod 2974 0x0000018f9a3ee890 code [0x0000018f9a3eeaa0, 0x0000018f9a3eef28]
Event: 5.391 Thread 0x0000018fab142e20 2975       3       java.io.ObjectStreamField::getTypeCode (9 bytes)
Event: 5.392 Thread 0x0000018fab142e20 nmethod 2975 0x0000018f9a3ef110 code [0x0000018f9a3ef320, 0x0000018f9a3ef928]
Event: 5.405 Thread 0x0000018fab142e20 2977       3       java.util.regex.Pattern::sequence (647 bytes)

GC Heap History (12 events):
Event: 1.573 GC heap before
{Heap before GC invocations=1 (full 0):
 PSYoungGen      total 29696K, used 25600K [0x00000000eab00000, 0x00000000ecc00000, 0x0000000100000000)
  eden space 25600K, 100% used [0x00000000eab00000,0x00000000ec400000,0x00000000ec400000)
  from space 4096K, 0% used [0x00000000ec800000,0x00000000ec800000,0x00000000ecc00000)
  to   space 4096K, 0% used [0x00000000ec400000,0x00000000ec400000,0x00000000ec800000)
 ParOldGen       total 68608K, used 0K [0x00000000c0000000, 0x00000000c4300000, 0x00000000eab00000)
  object space 68608K, 0% used [0x00000000c0000000,0x00000000c0000000,0x00000000c4300000)
 Metaspace       used 6850K, committed 7040K, reserved 1056768K
  class space    used 669K, committed 768K, reserved 1048576K
}
Event: 1.581 GC heap after
{Heap after GC invocations=1 (full 0):
 PSYoungGen      total 29696K, used 4072K [0x00000000eab00000, 0x00000000ecc00000, 0x0000000100000000)
  eden space 25600K, 0% used [0x00000000eab00000,0x00000000eab00000,0x00000000ec400000)
  from space 4096K, 99% used [0x00000000ec400000,0x00000000ec7fa2f8,0x00000000ec800000)
  to   space 4096K, 0% used [0x00000000ec800000,0x00000000ec800000,0x00000000ecc00000)
 ParOldGen       total 68608K, used 768K [0x00000000c0000000, 0x00000000c4300000, 0x00000000eab00000)
  object space 68608K, 1% used [0x00000000c0000000,0x00000000c00c0020,0x00000000c4300000)
 Metaspace       used 6850K, committed 7040K, reserved 1056768K
  class space    used 669K, committed 768K, reserved 1048576K
}
Event: 3.414 GC heap before
{Heap before GC invocations=2 (full 0):
 PSYoungGen      total 29696K, used 29672K [0x00000000eab00000, 0x00000000ecc00000, 0x0000000100000000)
  eden space 25600K, 100% used [0x00000000eab00000,0x00000000ec400000,0x00000000ec400000)
  from space 4096K, 99% used [0x00000000ec400000,0x00000000ec7fa2f8,0x00000000ec800000)
  to   space 4096K, 0% used [0x00000000ec800000,0x00000000ec800000,0x00000000ecc00000)
 ParOldGen       total 68608K, used 768K [0x00000000c0000000, 0x00000000c4300000, 0x00000000eab00000)
  object space 68608K, 1% used [0x00000000c0000000,0x00000000c00c0020,0x00000000c4300000)
 Metaspace       used 12766K, committed 13120K, reserved 1064960K
  class space    used 1254K, committed 1408K, reserved 1048576K
}
Event: 3.427 GC heap after
{Heap after GC invocations=2 (full 0):
 PSYoungGen      total 29696K, used 4075K [0x00000000eab00000, 0x00000000ecc00000, 0x0000000100000000)
  eden space 25600K, 0% used [0x00000000eab00000,0x00000000eab00000,0x00000000ec400000)
  from space 4096K, 99% used [0x00000000ec800000,0x00000000ecbfaff8,0x00000000ecc00000)
  to   space 4096K, 0% used [0x00000000ec400000,0x00000000ec400000,0x00000000ec800000)
 ParOldGen       total 68608K, used 6422K [0x00000000c0000000, 0x00000000c4300000, 0x00000000eab00000)
  object space 68608K, 9% used [0x00000000c0000000,0x00000000c0645b70,0x00000000c4300000)
 Metaspace       used 12766K, committed 13120K, reserved 1064960K
  class space    used 1254K, committed 1408K, reserved 1048576K
}
Event: 3.504 GC heap before
{Heap before GC invocations=3 (full 0):
 PSYoungGen      total 29696K, used 29675K [0x00000000eab00000, 0x00000000ecc00000, 0x0000000100000000)
  eden space 25600K, 100% used [0x00000000eab00000,0x00000000ec400000,0x00000000ec400000)
  from space 4096K, 99% used [0x00000000ec800000,0x00000000ecbfaff8,0x00000000ecc00000)
  to   space 4096K, 0% used [0x00000000ec400000,0x00000000ec400000,0x00000000ec800000)
 ParOldGen       total 68608K, used 6422K [0x00000000c0000000, 0x00000000c4300000, 0x00000000eab00000)
  object space 68608K, 9% used [0x00000000c0000000,0x00000000c0645b70,0x00000000c4300000)
 Metaspace       used 12770K, committed 13120K, reserved 1064960K
  class space    used 1254K, committed 1408K, reserved 1048576K
}
Event: 3.514 GC heap after
{Heap after GC invocations=3 (full 0):
 PSYoungGen      total 29696K, used 4075K [0x00000000eab00000, 0x00000000ecc00000, 0x0000000100000000)
  eden space 25600K, 0% used [0x00000000eab00000,0x00000000eab00000,0x00000000ec400000)
  from space 4096K, 99% used [0x00000000ec400000,0x00000000ec7faff8,0x00000000ec800000)
  to   space 4096K, 0% used [0x00000000ec800000,0x00000000ec800000,0x00000000ecc00000)
 ParOldGen       total 68608K, used 12049K [0x00000000c0000000, 0x00000000c4300000, 0x00000000eab00000)
  object space 68608K, 17% used [0x00000000c0000000,0x00000000c0bc4630,0x00000000c4300000)
 Metaspace       used 12770K, committed 13120K, reserved 1064960K
  class space    used 1254K, committed 1408K, reserved 1048576K
}
Event: 4.293 GC heap before
{Heap before GC invocations=4 (full 0):
 PSYoungGen      total 29696K, used 29601K [0x00000000eab00000, 0x00000000ecc00000, 0x0000000100000000)
  eden space 25600K, 99% used [0x00000000eab00000,0x00000000ec3ed628,0x00000000ec400000)
  from space 4096K, 99% used [0x00000000ec400000,0x00000000ec7faff8,0x00000000ec800000)
  to   space 4096K, 0% used [0x00000000ec800000,0x00000000ec800000,0x00000000ecc00000)
 ParOldGen       total 68608K, used 12049K [0x00000000c0000000, 0x00000000c4300000, 0x00000000eab00000)
  object space 68608K, 17% used [0x00000000c0000000,0x00000000c0bc4630,0x00000000c4300000)
 Metaspace       used 17873K, committed 18240K, reserved 1073152K
  class space    used 1676K, committed 1792K, reserved 1048576K
}
Event: 4.300 GC heap after
{Heap after GC invocations=4 (full 0):
 PSYoungGen      total 29696K, used 4095K [0x00000000eab00000, 0x00000000ecc00000, 0x0000000100000000)
  eden space 25600K, 0% used [0x00000000eab00000,0x00000000eab00000,0x00000000ec400000)
  from space 4096K, 99% used [0x00000000ec800000,0x00000000ecbffea8,0x00000000ecc00000)
  to   space 4096K, 0% used [0x00000000ec400000,0x00000000ec400000,0x00000000ec800000)
 ParOldGen       total 68608K, used 14957K [0x00000000c0000000, 0x00000000c4300000, 0x00000000eab00000)
  object space 68608K, 21% used [0x00000000c0000000,0x00000000c0e9b438,0x00000000c4300000)
 Metaspace       used 17873K, committed 18240K, reserved 1073152K
  class space    used 1676K, committed 1792K, reserved 1048576K
}
Event: 4.765 GC heap before
{Heap before GC invocations=5 (full 0):
 PSYoungGen      total 29696K, used 22155K [0x00000000eab00000, 0x00000000ecc00000, 0x0000000100000000)
  eden space 25600K, 70% used [0x00000000eab00000,0x00000000ebca3078,0x00000000ec400000)
  from space 4096K, 99% used [0x00000000ec800000,0x00000000ecbffea8,0x00000000ecc00000)
  to   space 4096K, 0% used [0x00000000ec400000,0x00000000ec400000,0x00000000ec800000)
 ParOldGen       total 68608K, used 14957K [0x00000000c0000000, 0x00000000c4300000, 0x00000000eab00000)
  object space 68608K, 21% used [0x00000000c0000000,0x00000000c0e9b438,0x00000000c4300000)
 Metaspace       used 21048K, committed 21504K, reserved 1073152K
  class space    used 1943K, committed 2048K, reserved 1048576K
}
Event: 4.771 GC heap after
{Heap after GC invocations=5 (full 0):
 PSYoungGen      total 29696K, used 4075K [0x00000000eab00000, 0x00000000ed000000, 0x0000000100000000)
  eden space 25600K, 0% used [0x00000000eab00000,0x00000000eab00000,0x00000000ec400000)
  from space 4096K, 99% used [0x00000000ec400000,0x00000000ec7faff8,0x00000000ec800000)
  to   space 6144K, 0% used [0x00000000eca00000,0x00000000eca00000,0x00000000ed000000)
 ParOldGen       total 68608K, used 16024K [0x00000000c0000000, 0x00000000c4300000, 0x00000000eab00000)
  object space 68608K, 23% used [0x00000000c0000000,0x00000000c0fa6350,0x00000000c4300000)
 Metaspace       used 21048K, committed 21504K, reserved 1073152K
  class space    used 1943K, committed 2048K, reserved 1048576K
}
Event: 4.771 GC heap before
{Heap before GC invocations=6 (full 1):
 PSYoungGen      total 29696K, used 4075K [0x00000000eab00000, 0x00000000ed000000, 0x0000000100000000)
  eden space 25600K, 0% used [0x00000000eab00000,0x00000000eab00000,0x00000000ec400000)
  from space 4096K, 99% used [0x00000000ec400000,0x00000000ec7faff8,0x00000000ec800000)
  to   space 6144K, 0% used [0x00000000eca00000,0x00000000eca00000,0x00000000ed000000)
 ParOldGen       total 68608K, used 16024K [0x00000000c0000000, 0x00000000c4300000, 0x00000000eab00000)
  object space 68608K, 23% used [0x00000000c0000000,0x00000000c0fa6350,0x00000000c4300000)
 Metaspace       used 21048K, committed 21504K, reserved 1073152K
  class space    used 1943K, committed 2048K, reserved 1048576K
}
Event: 4.800 GC heap after
{Heap after GC invocations=6 (full 1):
 PSYoungGen      total 29696K, used 0K [0x00000000eab00000, 0x00000000ed000000, 0x0000000100000000)
  eden space 25600K, 0% used [0x00000000eab00000,0x00000000eab00000,0x00000000ec400000)
  from space 4096K, 0% used [0x00000000ec400000,0x00000000ec400000,0x00000000ec800000)
  to   space 6144K, 0% used [0x00000000eca00000,0x00000000eca00000,0x00000000ed000000)
 ParOldGen       total 68608K, used 12172K [0x00000000c0000000, 0x00000000c4300000, 0x00000000eab00000)
  object space 68608K, 17% used [0x00000000c0000000,0x00000000c0be32f8,0x00000000c4300000)
 Metaspace       used 21048K, committed 21504K, reserved 1073152K
  class space    used 1943K, committed 2048K, reserved 1048576K
}

Deoptimization events (20 events):
Event: 4.950 Thread 0x0000018fad4afab0 Uncommon trap: trap_request=0xffffff45 fr.pc=0x0000018fa1341078 relative=0x00000000000000f8
Event: 4.950 Thread 0x0000018fad4afab0 Uncommon trap: reason=unstable_if action=reinterpret pc=0x0000018fa1341078 method=java.lang.StringCoding.hasNegatives([BII)Z @ 12 c2
Event: 4.950 Thread 0x0000018fad4afab0 DEOPT PACKING pc=0x0000018fa1341078 sp=0x0000000ba09f82f0
Event: 4.950 Thread 0x0000018fad4afab0 DEOPT UNPACKING pc=0x0000018f998a20a3 sp=0x0000000ba09f8280 mode 2
Event: 4.965 Thread 0x0000018fad4afab0 DEOPT PACKING pc=0x0000018f9a381856 sp=0x0000000ba09f8300
Event: 4.965 Thread 0x0000018fad4afab0 DEOPT UNPACKING pc=0x0000018f998a2843 sp=0x0000000ba09f7788 mode 0
Event: 4.980 Thread 0x0000018fad4afab0 Uncommon trap: trap_request=0xffffff45 fr.pc=0x0000018fa1353604 relative=0x00000000000020e4
Event: 4.980 Thread 0x0000018fad4afab0 Uncommon trap: reason=unstable_if action=reinterpret pc=0x0000018fa1353604 method=java.util.jar.Manifest$FastInputStream.peek()B @ 23 c2
Event: 4.980 Thread 0x0000018fad4afab0 DEOPT PACKING pc=0x0000018fa1353604 sp=0x0000000ba09f8420
Event: 4.980 Thread 0x0000018fad4afab0 DEOPT UNPACKING pc=0x0000018f998a20a3 sp=0x0000000ba09f83b8 mode 2
Event: 4.987 Thread 0x0000018fad4afab0 DEOPT PACKING pc=0x0000018f9a381856 sp=0x0000000ba09f82a0
Event: 4.987 Thread 0x0000018fad4afab0 DEOPT UNPACKING pc=0x0000018f998a2843 sp=0x0000000ba09f7728 mode 0
Event: 5.010 Thread 0x0000018fad4afab0 Uncommon trap: trap_request=0xffffff45 fr.pc=0x0000018fa1383838 relative=0x0000000000000098
Event: 5.010 Thread 0x0000018fad4afab0 Uncommon trap: reason=unstable_if action=reinterpret pc=0x0000018fa1383838 method=java.util.jar.Manifest$FastInputStream.peek()B @ 23 c2
Event: 5.010 Thread 0x0000018fad4afab0 DEOPT PACKING pc=0x0000018fa1383838 sp=0x0000000ba09f8320
Event: 5.010 Thread 0x0000018fad4afab0 DEOPT UNPACKING pc=0x0000018f998a20a3 sp=0x0000000ba09f82b0 mode 2
Event: 5.022 Thread 0x0000018fad4afab0 DEOPT PACKING pc=0x0000018f9a381856 sp=0x0000000ba09f8220
Event: 5.022 Thread 0x0000018fad4afab0 DEOPT UNPACKING pc=0x0000018f998a2843 sp=0x0000000ba09f76a8 mode 0
Event: 5.098 Thread 0x0000018fad7e81f0 DEOPT PACKING pc=0x0000018f9a09c55c sp=0x0000000ba13fe730
Event: 5.098 Thread 0x0000018fad7e81f0 DEOPT UNPACKING pc=0x0000018f998a2843 sp=0x0000000ba13fdcb0 mode 0

Classes unloaded (0 events):
No events

Classes redefined (0 events):
No events

Internal exceptions (20 events):
Event: 0.921 Thread 0x0000018f90829a70 Exception <a 'java/lang/NoSuchMethodError'{0x00000000eb848b80}: 'java.lang.Object java.lang.invoke.DirectMethodHandle$Holder.invokeStaticInit(java.lang.Object, int, int, int, int)'> (0x00000000eb848b80) 
thrown [t:\workspace\open\src\hotspot\share\interpreter\linkResolver.cpp, line 766]
Event: 0.999 Thread 0x0000018f90829a70 Exception <a 'java/lang/NoSuchMethodError'{0x00000000eb880a58}: 'java.lang.Object java.lang.invoke.DirectMethodHandle$Holder.invokeStaticInit(java.lang.Object, java.lang.Object, int, int, int, int)'> (0x00000000eb880a58) 
thrown [t:\workspace\open\src\hotspot\share\interpreter\linkResolver.cpp, line 766]
Event: 1.046 Thread 0x0000018f90829a70 Exception <a 'java/lang/NoSuchMethodError'{0x00000000eb912a78}: 'void java.lang.invoke.DirectMethodHandle$Holder.invokeSpecial(java.lang.Object, java.lang.Object, java.lang.Object)'> (0x00000000eb912a78) 
thrown [t:\workspace\open\src\hotspot\share\interpreter\linkResolver.cpp, line 766]
Event: 1.310 Thread 0x0000018f90829a70 Exception <a 'java/lang/NoSuchMethodError'{0x00000000ebfddef8}: 'java.lang.Object java.lang.invoke.DirectMethodHandle$Holder.newInvokeSpecial(java.lang.Object, int, java.lang.Object)'> (0x00000000ebfddef8) 
thrown [t:\workspace\open\src\hotspot\share\interpreter\linkResolver.cpp, line 766]
Event: 1.561 Thread 0x0000018f90829a70 Exception <a 'java/lang/UnsatisfiedLinkError'{0x00000000ec32a328}: 'void org.eclipse.equinox.launcher.JNIBridge._update_splash()'> (0x00000000ec32a328) 
thrown [t:\workspace\open\src\hotspot\share\prims\nativeLookup.cpp, line 543]
Event: 1.622 Thread 0x0000018fad4afab0 Exception <a 'java/lang/NoSuchMethodError'{0x00000000eac1d240}: 'java.lang.Object java.lang.invoke.DirectMethodHandle$Holder.invokeStaticInit(java.lang.Object)'> (0x00000000eac1d240) 
thrown [t:\workspace\open\src\hotspot\share\interpreter\linkResolver.cpp, line 766]
Event: 1.843 Thread 0x0000018fad4afab0 Exception <a 'java/io/FileNotFoundException'{0x00000000eafb6180}> (0x00000000eafb6180) 
thrown [t:\workspace\open\src\hotspot\share\prims\jni.cpp, line 516]
Event: 3.012 Thread 0x0000018fad4afab0 Exception <a 'java/lang/NoSuchMethodError'{0x00000000ebe20b08}: 'void java.lang.invoke.DirectMethodHandle$Holder.invokeInterface(java.lang.Object, java.lang.Object, java.lang.Object)'> (0x00000000ebe20b08) 
thrown [t:\workspace\open\src\hotspot\share\interpreter\linkResolver.cpp, line 766]
Event: 3.172 Thread 0x0000018fad4afab0 Exception <a 'java/lang/NoSuchMethodError'{0x00000000ebfa7b70}: 'java.lang.Object java.lang.invoke.Invokers$Holder.invokeExact_MT(java.lang.Object, java.lang.Object, java.lang.Object, java.lang.Object, java.lang.Object, java.lang.Object)'> (0x00000000ebfa7b70) 
thrown [t:\workspace\open\src\hotspot\share\interpreter\linkResolver.cpp, line 766]
Event: 3.206 Thread 0x0000018fad4afab0 Exception <a 'java/io/FileNotFoundException'{0x00000000ebfecd18}> (0x00000000ebfecd18) 
thrown [t:\workspace\open\src\hotspot\share\prims\jni.cpp, line 516]
Event: 4.033 Thread 0x0000018fad4afab0 Exception <a 'java/lang/NoSuchMethodError'{0x00000000ebb33230}: 'int java.lang.invoke.DirectMethodHandle$Holder.invokeStaticInit(java.lang.Object, java.lang.Object, java.lang.Object)'> (0x00000000ebb33230) 
thrown [t:\workspace\open\src\hotspot\share\interpreter\linkResolver.cpp, line 766]
Event: 4.049 Thread 0x0000018fad4afab0 Exception <a 'java/lang/IncompatibleClassChangeError'{0x00000000ebb75c88}: Found class java.lang.Object, but interface was expected> (0x00000000ebb75c88) 
thrown [t:\workspace\open\src\hotspot\share\interpreter\linkResolver.cpp, line 833]
Event: 4.156 Thread 0x0000018fad4afab0 Exception <a 'java/io/FileNotFoundException'{0x00000000ebe331a0}> (0x00000000ebe331a0) 
thrown [t:\workspace\open\src\hotspot\share\prims\jni.cpp, line 516]
Event: 4.156 Thread 0x0000018fad4afab0 Exception <a 'java/io/FileNotFoundException'{0x00000000ebe342d8}> (0x00000000ebe342d8) 
thrown [t:\workspace\open\src\hotspot\share\prims\jni.cpp, line 516]
Event: 4.157 Thread 0x0000018fad4afab0 Exception <a 'java/io/FileNotFoundException'{0x00000000ebe35418}> (0x00000000ebe35418) 
thrown [t:\workspace\open\src\hotspot\share\prims\jni.cpp, line 516]
Event: 4.465 Thread 0x0000018fad4afab0 Exception <a 'java/lang/ClassNotFoundException'{0x00000000eb77e088}: com/sun/org/apache/xerces/internal/impl/msg/spi/DOMMessagesProvider> (0x00000000eb77e088) 
thrown [t:\workspace\open\src\hotspot\share\classfile\systemDictionary.cpp, line 256]
Event: 4.472 Thread 0x0000018fad4afab0 Exception <a 'java/lang/ClassNotFoundException'{0x00000000eb792328}: com/sun/org/apache/xerces/internal/impl/msg/spi/XMLSerializerMessagesProvider> (0x00000000eb792328) 
thrown [t:\workspace\open\src\hotspot\share\classfile\systemDictionary.cpp, line 256]
Event: 4.473 Thread 0x0000018fad4afab0 Exception <a 'java/lang/ClassNotFoundException'{0x00000000eb79d320}: com/sun/org/apache/xerces/internal/impl/msg/spi/XMLMessagesProvider> (0x00000000eb79d320) 
thrown [t:\workspace\open\src\hotspot\share\classfile\systemDictionary.cpp, line 256]
Event: 4.709 Thread 0x0000018fad4afab0 Exception <a 'java/lang/ClassNotFoundException'{0x00000000ebb9a938}: com/sun/org/apache/xml/internal/serializer/spi/XMLEntitiesProvider> (0x00000000ebb9a938) 
thrown [t:\workspace\open\src\hotspot\share\classfile\systemDictionary.cpp, line 256]
Event: 5.270 Thread 0x0000018fad4afab0 Exception <a 'java/lang/NoSuchMethodError'{0x00000000eb2a4e08}: 'void java.lang.invoke.DirectMethodHandle$Holder.invokeSpecial(java.lang.Object, java.lang.Object, java.lang.Object, int)'> (0x00000000eb2a4e08) 
thrown [t:\workspace\open\src\hotspot\share\interpreter\linkResolver.cpp, line 766]

VM Operations (20 events):
Event: 3.414 Executing VM operation: ParallelGCFailedAllocation
Event: 3.428 Executing VM operation: ParallelGCFailedAllocation done
Event: 3.504 Executing VM operation: ParallelGCFailedAllocation
Event: 3.514 Executing VM operation: ParallelGCFailedAllocation done
Event: 4.293 Executing VM operation: ParallelGCFailedAllocation
Event: 4.300 Executing VM operation: ParallelGCFailedAllocation done
Event: 4.447 Executing VM operation: HandshakeAllThreads
Event: 4.447 Executing VM operation: HandshakeAllThreads done
Event: 4.575 Executing VM operation: HandshakeAllThreads
Event: 4.575 Executing VM operation: HandshakeAllThreads done
Event: 4.584 Executing VM operation: HandshakeAllThreads
Event: 4.584 Executing VM operation: HandshakeAllThreads done
Event: 4.708 Executing VM operation: HandshakeAllThreads
Event: 4.708 Executing VM operation: HandshakeAllThreads done
Event: 4.711 Executing VM operation: HandshakeAllThreads
Event: 4.712 Executing VM operation: HandshakeAllThreads done
Event: 4.765 Executing VM operation: CollectForMetadataAllocation
Event: 4.800 Executing VM operation: CollectForMetadataAllocation done
Event: 4.812 Executing VM operation: HandshakeAllThreads
Event: 4.812 Executing VM operation: HandshakeAllThreads done

Events (20 events):
Event: 5.290 loading class jdk/internal/reflect/SerializationConstructorAccessorImpl
Event: 5.290 loading class jdk/internal/reflect/SerializationConstructorAccessorImpl done
Event: 5.293 loading class java/io/ObjectStreamClass$FieldReflectorKey
Event: 5.293 loading class java/io/ObjectStreamClass$FieldReflectorKey done
Event: 5.293 loading class java/io/ObjectStreamClass$FieldReflector
Event: 5.293 loading class java/io/ObjectStreamClass$FieldReflector done
Event: 5.297 loading class java/io/ObjectStreamClass$ClassDataSlot
Event: 5.297 loading class java/io/ObjectStreamClass$ClassDataSlot done
Event: 5.297 loading class java/io/ObjectInputStream$FieldValues
Event: 5.297 loading class java/io/ObjectInputStream$GetField
Event: 5.297 loading class java/io/ObjectInputStream$GetField done
Event: 5.297 loading class java/io/ObjectInputStream$FieldValues done
Event: 5.310 loading class java/io/SerialCallbackContext
Event: 5.310 loading class java/io/SerialCallbackContext done
Event: 5.310 loading class java/util/HashMap$UnsafeHolder
Event: 5.310 loading class java/util/HashMap$UnsafeHolder done
Event: 5.387 loading class java/io/FilenameFilter
Event: 5.387 loading class java/io/FilenameFilter done
Event: 5.388 loading class java/io/FileFilter
Event: 5.388 loading class java/io/FileFilter done


Dynamic libraries:
0x00007ff602210000 - 0x00007ff602220000 	o:\Java\jdk-17.0.2\bin\java.exe
0x00007ffb3b010000 - 0x00007ffb3b205000 	C:\WINDOWS\SYSTEM32\ntdll.dll
0x00007ffb1bf20000 - 0x00007ffb1bf36000 	C:\Program Files\Avast Software\Avast\aswhook.dll
0x00007ffb3ae60000 - 0x00007ffb3af1e000 	C:\WINDOWS\System32\KERNEL32.DLL
0x00007ffb38b00000 - 0x00007ffb38dc8000 	C:\WINDOWS\System32\KERNELBASE.dll
0x00007ffb38720000 - 0x00007ffb38820000 	C:\WINDOWS\System32\ucrtbase.dll
0x00007ffb33fc0000 - 0x00007ffb33fd8000 	o:\Java\jdk-17.0.2\bin\jli.dll
0x00007ffb32a60000 - 0x00007ffb32a7a000 	o:\Java\jdk-17.0.2\bin\VCRUNTIME140.dll
0x00007ffb39970000 - 0x00007ffb39a1e000 	C:\WINDOWS\System32\ADVAPI32.dll
0x00007ffb3a5c0000 - 0x00007ffb3a65e000 	C:\WINDOWS\System32\msvcrt.dll
0x00007ffb39650000 - 0x00007ffb396ec000 	C:\WINDOWS\System32\sechost.dll
0x00007ffb39160000 - 0x00007ffb39285000 	C:\WINDOWS\System32\RPCRT4.dll
0x00007ffb39380000 - 0x00007ffb39520000 	C:\WINDOWS\System32\USER32.dll
0x00007ffb389e0000 - 0x00007ffb38a02000 	C:\WINDOWS\System32\win32u.dll
0x00007ffb2a3a0000 - 0x00007ffb2a63a000 	C:\WINDOWS\WinSxS\amd64_microsoft.windows.common-controls_6595b64144ccf1df_6.0.19041.1110_none_60b5254171f9507e\COMCTL32.dll
0x00007ffb39a50000 - 0x00007ffb39a7b000 	C:\WINDOWS\System32\GDI32.dll
0x00007ffb388d0000 - 0x00007ffb389dd000 	C:\WINDOWS\System32\gdi32full.dll
0x00007ffb38a10000 - 0x00007ffb38aad000 	C:\WINDOWS\System32\msvcp_win.dll
0x00007ffb31820000 - 0x00007ffb3182a000 	C:\WINDOWS\SYSTEM32\VERSION.dll
0x00007ffb392f0000 - 0x00007ffb39320000 	C:\WINDOWS\System32\IMM32.DLL
0x00007ffb32f20000 - 0x00007ffb32f2c000 	o:\Java\jdk-17.0.2\bin\vcruntime140_1.dll
0x00007ffb31e00000 - 0x00007ffb31e8d000 	o:\Java\jdk-17.0.2\bin\msvcp140.dll
0x00007ffaf9240000 - 0x00007ffaf9e01000 	o:\Java\jdk-17.0.2\bin\server\jvm.dll
0x00007ffb39960000 - 0x00007ffb39968000 	C:\WINDOWS\System32\PSAPI.DLL
0x00007ffb2a7a0000 - 0x00007ffb2a7a9000 	C:\WINDOWS\SYSTEM32\WSOCK32.dll
0x00007ffb32b00000 - 0x00007ffb32b27000 	C:\WINDOWS\SYSTEM32\WINMM.dll
0x00007ffb39890000 - 0x00007ffb398fb000 	C:\WINDOWS\System32\WS2_32.dll
0x00007ffb36610000 - 0x00007ffb36622000 	C:\WINDOWS\SYSTEM32\kernel.appcore.dll
0x00007ffb32e50000 - 0x00007ffb32e5a000 	o:\Java\jdk-17.0.2\bin\jimage.dll
0x00007ffb323a0000 - 0x00007ffb32584000 	C:\WINDOWS\SYSTEM32\DBGHELP.DLL
0x00007ffb30ca0000 - 0x00007ffb30ccc000 	C:\WINDOWS\SYSTEM32\dbgcore.DLL
0x00007ffb38dd0000 - 0x00007ffb38e52000 	C:\WINDOWS\System32\bcryptPrimitives.dll
0x00007ffb2b7a0000 - 0x00007ffb2b7c5000 	o:\Java\jdk-17.0.2\bin\java.dll
0x00007ffb12b40000 - 0x00007ffb12c16000 	o:\Java\jdk-17.0.2\bin\jsvml.dll
0x00007ffb3a710000 - 0x00007ffb3ae54000 	C:\WINDOWS\System32\SHELL32.dll
0x00007ffb36810000 - 0x00007ffb36fa4000 	C:\WINDOWS\SYSTEM32\windows.storage.dll
0x00007ffb39c30000 - 0x00007ffb39f85000 	C:\WINDOWS\System32\combase.dll
0x00007ffb38170000 - 0x00007ffb3819e000 	C:\WINDOWS\SYSTEM32\Wldp.dll
0x00007ffb3af20000 - 0x00007ffb3afcd000 	C:\WINDOWS\System32\SHCORE.dll
0x00007ffb39290000 - 0x00007ffb392e5000 	C:\WINDOWS\System32\shlwapi.dll
0x00007ffb38660000 - 0x00007ffb3867f000 	C:\WINDOWS\SYSTEM32\profapi.dll
0x00007ffb32a10000 - 0x00007ffb32a29000 	O:\Java\jdk-17.0.2\bin\net.dll
0x00007ffb29f40000 - 0x00007ffb2a04c000 	C:\WINDOWS\SYSTEM32\WINHTTP.dll
0x00007ffb37ed0000 - 0x00007ffb37f3a000 	C:\WINDOWS\system32\mswsock.dll
0x00007ffb2ee40000 - 0x00007ffb2ee56000 	O:\Java\jdk-17.0.2\bin\nio.dll
0x00007ffb2b5e0000 - 0x00007ffb2b5f8000 	O:\Java\jdk-17.0.2\bin\zip.dll
0x00007ffb380c0000 - 0x00007ffb380d8000 	C:\WINDOWS\SYSTEM32\CRYPTSP.dll
0x00007ffb377e0000 - 0x00007ffb37814000 	C:\WINDOWS\system32\rsaenh.dll
0x00007ffb39030000 - 0x00007ffb39057000 	C:\WINDOWS\System32\bcrypt.dll
0x00007ffb38620000 - 0x00007ffb3864e000 	C:\WINDOWS\SYSTEM32\USERENV.dll
0x00007ffb380e0000 - 0x00007ffb380ec000 	C:\WINDOWS\SYSTEM32\CRYPTBASE.dll
0x00007ffb37b70000 - 0x00007ffb37bab000 	C:\WINDOWS\SYSTEM32\IPHLPAPI.DLL
0x00007ffb39150000 - 0x00007ffb39158000 	C:\WINDOWS\System32\NSI.dll
0x00007ffb2f590000 - 0x00007ffb2f5a7000 	C:\WINDOWS\SYSTEM32\dhcpcsvc6.DLL
0x00007ffb30620000 - 0x00007ffb3063d000 	C:\WINDOWS\SYSTEM32\dhcpcsvc.DLL
0x00007ffb37bc0000 - 0x00007ffb37c8b000 	C:\WINDOWS\SYSTEM32\DNSAPI.dll
0x00007ffb249e0000 - 0x00007ffb24a1e000 	C:\Users\Woyi\AppData\Roaming\Code\User\globalStorage\redhat.java\1.4.0\config_win\org.eclipse.equinox.launcher\org.eclipse.equinox.launcher.win32.win32.x86_64_1.2.400.v20211117-0650\eclipse_11602.dll
0x00007ffb39520000 - 0x00007ffb3964a000 	C:\WINDOWS\System32\ole32.dll
0x00007ffb32d90000 - 0x00007ffb32da0000 	o:\Java\jdk-17.0.2\bin\verify.dll

dbghelp: loaded successfully - version: 4.0.5 - missing functions: none
symbol engine: initialized successfully - sym options: 0x614 - pdb path: .;o:\Java\jdk-17.0.2\bin;C:\WINDOWS\SYSTEM32;C:\Program Files\Avast Software\Avast;C:\WINDOWS\WinSxS\amd64_microsoft.windows.common-controls_6595b64144ccf1df_6.0.19041.1110_none_60b5254171f9507e;o:\Java\jdk-17.0.2\bin\server;C:\Users\Woyi\AppData\Roaming\Code\User\globalStorage\redhat.java\1.4.0\config_win\org.eclipse.equinox.launcher\org.eclipse.equinox.launcher.win32.win32.x86_64_1.2.400.v20211117-0650

VM Arguments:
jvm_args: --add-modules=ALL-SYSTEM --add-opens=java.base/java.util=ALL-UNNAMED --add-opens=java.base/java.lang=ALL-UNNAMED --add-opens=java.base/sun.nio.fs=ALL-UNNAMED -Declipse.application=org.eclipse.jdt.ls.core.id1 -Dosgi.bundles.defaultStartLevel=4 -Declipse.product=org.eclipse.jdt.ls.core.product -Djava.import.generatesMetadataFilesAtProjectRoot=false -Dfile.encoding=utf8 -DwatchParentProcess=false -XX:+UseParallelGC -XX:GCTimeRatio=4 -XX:AdaptiveSizePolicyWeight=90 -Dsun.zip.disableMemoryMapping=true -Xmx1G -Xms100m -XX:+HeapDumpOnOutOfMemoryError -XX:HeapDumpPath=c:\Users\Woyi\AppData\Roaming\Code\User\workspaceStorage\72a52f48ab5fef7502c5d8c379e6b950\redhat.java 
java_command: c:\Users\Woyi\.vscode\extensions\redhat.java-1.4.0\server\plugins\org.eclipse.equinox.launcher_1.6.400.v20210924-0641.jar -configuration c:\Users\Woyi\AppData\Roaming\Code\User\globalStorage\redhat.java\1.4.0\config_win -data c:\Users\Woyi\AppData\Roaming\Code\User\workspaceStorage\72a52f48ab5fef7502c5d8c379e6b950\redhat.java\jdt_ws
java_class_path (initial): c:\Users\Woyi\.vscode\extensions\redhat.java-1.4.0\server\plugins\org.eclipse.equinox.launcher_1.6.400.v20210924-0641.jar
Launcher Type: SUN_STANDARD

[Global flags]
    uintx AdaptiveSizePolicyWeight                 = 90                                        {product} {command line}
     intx CICompilerCount                          = 3                                         {product} {ergonomic}
    uintx GCTimeRatio                              = 4                                         {product} {command line}
     bool HeapDumpOnOutOfMemoryError               = true                                   {manageable} {command line}
    ccstr HeapDumpPath                             = c:\Users\Woyi\AppData\Roaming\Code\User\workspaceStorage\72a52f48ab5fef7502c5d8c379e6b950\redhat.java         {manageable} {command line}
   size_t InitialHeapSize                          = 104857600                                 {product} {command line}
   size_t MaxHeapSize                              = 1073741824                                {product} {command line}
   size_t MaxNewSize                               = 357564416                                 {product} {ergonomic}
   size_t MinHeapDeltaBytes                        = 524288                                    {product} {ergonomic}
   size_t MinHeapSize                              = 104857600                                 {product} {command line}
   size_t NewSize                                  = 34603008                                  {product} {ergonomic}
    uintx NonNMethodCodeHeapSize                   = 5832780                                {pd product} {ergonomic}
    uintx NonProfiledCodeHeapSize                  = 122912730                              {pd product} {ergonomic}
   size_t OldSize                                  = 70254592                                  {product} {ergonomic}
    uintx ProfiledCodeHeapSize                     = 122912730                              {pd product} {ergonomic}
    uintx ReservedCodeCacheSize                    = 251658240                              {pd product} {ergonomic}
     bool SegmentedCodeCache                       = true                                      {product} {ergonomic}
   size_t SoftMaxHeapSize                          = 1073741824                             {manageable} {ergonomic}
     bool UseCompressedClassPointers               = true                           {product lp64_product} {ergonomic}
     bool UseCompressedOops                        = true                           {product lp64_product} {ergonomic}
     bool UseLargePagesIndividualAllocation        = false                                  {pd product} {ergonomic}
     bool UseParallelGC                            = true                                      {product} {command line}

Logging:
Log output configuration:
 #0: stdout all=warning uptime,level,tags
 #1: stderr all=off uptime,level,tags

Environment Variables:
JAVA_HOME=O:\Java\jdk-17.0.2
PATH=C:\Program Files\Common Files\Oracle\Java\javapath;C:\Program Files (x86)\Common Files\Oracle\Java\javapath;C:\Program Files (x86)\AdoptOpenJDK\jdk-8.0.232.09-hotspot\bin;C:\WINDOWS\system32;C:\WINDOWS;C:\WINDOWS\System32\Wbem;C:\WINDOWS\System32\WindowsPowerShell\v1.0\;C:\WINDOWS\System32\OpenSSH\;C:\Program Files (x86)\QuickTime Alternative\QTSystem;C:\Program Files\PuTTY\;C:\xampp\php;C:\ProgramData\ComposerSetup\bin;O:\nodejs\;O:\Git\Git\cmd;O:\Git\Git\mingw64\bin;O:\Git\Git\usr\bin;C:\Program Files (x86)\QuickTime Alternative\QTSystem\;C:\Program Files\Go\bin;C:\Program Files\apache-maven-3.8.4\bin;O:\Java\jdk-17.0.2;C:\Users\Woyi\AppData\Local\Programs\Python\Python39\Scripts\;C:\Users\Woyi\AppData\Local\Programs\Python\Python39\;C:\Users\Woyi\AppData\Local\Programs\Python\Python37-32\Scripts\;C:\Users\Woyi\AppData\Local\Programs\Python\Python37-32\;C:\Users\Woyi\AppData\Local\Microsoft\WindowsApps;C:\Users\Woyi\AppData\Local\Programs\Microsoft VS Code\bin;C:\Users\Woyi\AppData\Roaming\Composer\vendor\bin;C:\Users\Woyi\AppData\Roaming\npm;C:\Users\Woyi\Downloads\Compressed\sqlite3;C:\Users\Woyi\go\bin;O:\Java\jdk-17.0.2\bin;D:\New\Downloads\Programs\IntelliJ IDEA Community Edition 2019.2.4\bin;;
USERNAME=Woyi
OS=Windows_NT
PROCESSOR_IDENTIFIER=Intel64 Family 6 Model 58 Stepping 9, GenuineIntel



---------------  S Y S T E M  ---------------

OS:
 Windows 10 , 64 bit Build 19041 (10.0.19041.1503)
OS uptime: 0 days 6:49 hours

CPU: total 4 (initial active 4) (2 cores per cpu, 2 threads per core) family 6 model 58 stepping 9 microcode 0x21, cx8, cmov, fxsr, ht, mmx, sse, sse2, sse3, ssse3, sse4.1, sse4.2, popcnt, tsc, tscinvbit, avx, aes, erms, clmul, vzeroupper, clflush

Memory: 4k page, system-wide physical 3959M (472M free)
TotalPageFile size 5179M (AvailPageFile size 8M)
current process WorkingSet (physical memory assigned to process): 142M, peak: 142M
current process commit charge ("private bytes"): 238M, peak: 238M

vm_info: Java HotSpot(TM) 64-Bit Server VM (17.0.2+8-LTS-86) for windows-amd64 JRE (17.0.2+8-LTS-86), built on Dec  7 2021 21:51:03 by "mach5one" with MS VC++ 16.8 / 16.9 (VS2019)

END.
