#
# There is insufficient memory for the Java Runtime Environment to continue.
# Native memory allocation (mmap) failed to map 65536 bytes for Failed to commit metaspace.
# Possible reasons:
#   The system is out of physical RAM or swap space
#   The process is running with CompressedOops enabled, and the Java Heap may be blocking the growth of the native heap
# Possible solutions:
#   Reduce memory load on the system
#   Increase physical memory or swap space
#   Check if swap backing store is full
#   Decrease Java heap size (-Xmx/-Xms)
#   Decrease number of Java threads
#   Decrease Java thread stack sizes (-Xss)
#   Set larger code cache with -XX:ReservedCodeCacheSize=
#   JVM is running with Unscaled Compressed Oops mode in which the Java heap is
#     placed in the first 4GB address space. The Java Heap base address is the
#     maximum limit for the native heap growth. Please use -XX:HeapBaseMinAddress
#     to set the Java Heap base and to place the Java Heap above 4GB virtual address.
# This output file may be truncated or incomplete.
#
#  Out of Memory Error (virtualSpaceNode.cpp:110), pid=11288, tid=7268
#
# JRE version: Java(TM) SE Runtime Environment (17.0.2+8) (build 17.0.2+8-LTS-86)
# Java VM: Java HotSpot(TM) 64-Bit Server VM (17.0.2+8-LTS-86, mixed mode, sharing, tiered, compressed oops, compressed class ptrs, parallel gc, windows-amd64)
# No core dump will be written. Minidumps are not enabled by default on client versions of Windows
#

---------------  S U M M A R Y ------------

Command Line: --add-modules=ALL-SYSTEM --add-opens=java.base/java.util=ALL-UNNAMED --add-opens=java.base/java.lang=ALL-UNNAMED --add-opens=java.base/sun.nio.fs=ALL-UNNAMED -Declipse.application=org.eclipse.jdt.ls.core.id1 -Dosgi.bundles.defaultStartLevel=4 -Declipse.product=org.eclipse.jdt.ls.core.product -Djava.import.generatesMetadataFilesAtProjectRoot=false -Dfile.encoding=utf8 -DwatchParentProcess=false -XX:+UseParallelGC -XX:GCTimeRatio=4 -XX:AdaptiveSizePolicyWeight=90 -Dsun.zip.disableMemoryMapping=true -Xmx1G -Xms100m -XX:+HeapDumpOnOutOfMemoryError -XX:HeapDumpPath=c:\Users\Woyi\AppData\Roaming\Code\User\workspaceStorage\72a52f48ab5fef7502c5d8c379e6b950\redhat.java c:\Users\Woyi\.vscode\extensions\redhat.java-1.4.0\server\plugins\org.eclipse.equinox.launcher_1.6.400.v20210924-0641.jar -configuration c:\Users\Woyi\AppData\Roaming\Code\User\globalStorage\redhat.java\1.4.0\config_win -data c:\Users\Woyi\AppData\Roaming\Code\User\workspaceStorage\72a52f48ab5fef7502c5d8c379e6b950\redhat.java\jdt_ws

Host: Intel(R) Core(TM) i5-3427U CPU @ 1.80GHz, 4 cores, 3G,  Windows 10 , 64 bit Build 19041 (10.0.19041.1503)
Time: Thu Mar 10 22:53:22 2022 Malay Peninsula Standard Time elapsed time: 4.724528 seconds (0d 0h 0m 4s)

---------------  T H R E A D  ---------------

Current thread (0x000001b8b738d020):  JavaThread "Start Level: Equinox Container: 61f95f80-3c01-49e1-8b9b-b73cf9ab91af" daemon [_thread_in_vm, id=7268, stack(0x000000ac26e00000,0x000000ac26f00000)]

Stack: [0x000000ac26e00000,0x000000ac26f00000]
Native frames: (J=compiled Java code, j=interpreted, Vv=VM code, C=native code)
V  [jvm.dll+0x670baa]
V  [jvm.dll+0x7cfcb4]
V  [jvm.dll+0x7d145e]
V  [jvm.dll+0x7d1ac3]
V  [jvm.dll+0x242bc5]
V  [jvm.dll+0x7cbc5b]
V  [jvm.dll+0x616966]
V  [jvm.dll+0x1be3ee]
V  [jvm.dll+0x6192a1]
V  [jvm.dll+0x617306]
V  [jvm.dll+0x238556]
V  [jvm.dll+0x1e880d]
V  [jvm.dll+0x1de251]
V  [jvm.dll+0x537c30]
V  [jvm.dll+0x74ad28]
V  [jvm.dll+0x74ae14]
V  [jvm.dll+0x408cc5]
V  [jvm.dll+0x40ed18]
C  [java.dll+0x17ec]

Java frames: (J=compiled Java code, j=interpreted, Vv=VM code)
J 1051  java.lang.ClassLoader.defineClass1(Ljava/lang/ClassLoader;Ljava/lang/String;[BIILjava/security/ProtectionDomain;Ljava/lang/String;)Ljava/lang/Class; java.base@17.0.2 (0 bytes) @ 0x000001b8abd39be3 [0x000001b8abd39b20+0x00000000000000c3]
J 1459 c1 java.lang.ClassLoader.defineClass(Ljava/lang/String;[BIILjava/security/ProtectionDomain;)Ljava/lang/Class; java.base@17.0.2 (43 bytes) @ 0x000001b8a4a4fe5c [0x000001b8a4a4fb00+0x000000000000035c]
J 2165 c1 org.eclipse.osgi.internal.loader.ModuleClassLoader.defineClass(Ljava/lang/String;[BLorg/eclipse/osgi/internal/loader/classpath/ClasspathEntry;)Lorg/eclipse/osgi/internal/loader/ModuleClassLoader$DefineClassResult; (138 bytes) @ 0x000001b8a4c3661c [0x000001b8a4c363c0+0x000000000000025c]
J 2095 c1 org.eclipse.osgi.internal.loader.classpath.ClasspathManager.defineClass(Ljava/lang/String;[BLorg/eclipse/osgi/internal/loader/classpath/ClasspathEntry;Lorg/eclipse/osgi/storage/bundlefile/BundleEntry;Ljava/util/List;)Ljava/lang/Class; (636 bytes) @ 0x000001b8a4bfbbdc [0x000001b8a4bfa0e0+0x0000000000001afc]
J 1546 c1 org.eclipse.osgi.internal.loader.classpath.ClasspathManager.findClassImpl(Ljava/lang/String;Lorg/eclipse/osgi/internal/loader/classpath/ClasspathEntry;Ljava/util/List;)Ljava/lang/Class; (308 bytes) @ 0x000001b8a4a9365c [0x000001b8a4a90840+0x0000000000002e1c]
J 1545 c1 org.eclipse.osgi.internal.loader.classpath.ClasspathManager.findLocalClassImpl(Ljava/lang/String;[Lorg/eclipse/osgi/internal/loader/classpath/ClasspathEntry;Ljava/util/List;)Ljava/lang/Class; (55 bytes) @ 0x000001b8a4a8fccc [0x000001b8a4a8fb40+0x000000000000018c]
J 2080 c1 org.eclipse.osgi.internal.loader.classpath.ClasspathManager.findLocalClassImpl(Ljava/lang/String;Ljava/util/List;)Ljava/lang/Class; (132 bytes) @ 0x000001b8a4bf4684 [0x000001b8a4bf4140+0x0000000000000544]
J 1527 c1 org.eclipse.osgi.internal.loader.classpath.ClasspathManager.findLocalClass(Ljava/lang/String;)Ljava/lang/Class; (210 bytes) @ 0x000001b8a4a881bc [0x000001b8a4a874a0+0x0000000000000d1c]
J 1525 c1 org.eclipse.osgi.internal.loader.BundleLoader.findLocalClass(Ljava/lang/String;)Ljava/lang/Class; (152 bytes) @ 0x000001b8a4a8558c [0x000001b8a4a84d20+0x000000000000086c]
J 1986 c1 org.eclipse.osgi.internal.loader.sources.SingleSourcePackage.loadClass(Ljava/lang/String;)Ljava/lang/Class; (9 bytes) @ 0x000001b8a4bb56c4 [0x000001b8a4bb55c0+0x0000000000000104]
J 1450 c1 org.eclipse.osgi.internal.loader.BundleLoader.findClass0(Ljava/lang/String;Z)Ljava/lang/Class; (461 bytes) @ 0x000001b8a4a478c4 [0x000001b8a4a45220+0x00000000000026a4]
J 1449 c1 org.eclipse.osgi.internal.loader.BundleLoader.findClass(Ljava/lang/String;)Ljava/lang/Class; (7 bytes) @ 0x000001b8a4a4491c [0x000001b8a4a448a0+0x000000000000007c]
J 1493 c1 org.eclipse.osgi.internal.loader.ModuleClassLoader.loadClass(Ljava/lang/String;Z)Ljava/lang/Class; (20 bytes) @ 0x000001b8a4a6fd04 [0x000001b8a4a6fbe0+0x0000000000000124]
J 647 c1 java.lang.ClassLoader.loadClass(Ljava/lang/String;)Ljava/lang/Class; java.base@17.0.2 (7 bytes) @ 0x000001b8a48bc94c [0x000001b8a48bc840+0x000000000000010c]
v  ~StubRoutines::call_stub
j  org.eclipse.jdt.ls.core.internal.preferences.PreferenceManager.initialize()V+125
j  org.eclipse.jdt.ls.core.internal.preferences.PreferenceManager.<init>()V+40
j  org.eclipse.jdt.ls.core.internal.preferences.StandardPreferenceManager.<init>()V+1
j  org.eclipse.jdt.ls.core.internal.JavaLanguageServerPlugin.start(Lorg/osgi/framework/BundleContext;)V+131
j  org.eclipse.osgi.internal.framework.BundleContextImpl$2.run()Ljava/lang/Void;+23
j  org.eclipse.osgi.internal.framework.BundleContextImpl$2.run()Ljava/lang/Object;+1
J 1016 c1 java.security.AccessController.executePrivileged(Ljava/security/PrivilegedExceptionAction;Ljava/security/AccessControlContext;Ljava/lang/Class;)Ljava/lang/Object; java.base@17.0.2 (65 bytes) @ 0x000001b8a49613bc [0x000001b8a4961260+0x000000000000015c]
j  java.security.AccessController.doPrivileged(Ljava/security/PrivilegedExceptionAction;)Ljava/lang/Object;+9 java.base@17.0.2
j  org.eclipse.osgi.internal.framework.BundleContextImpl.startActivator(Lorg/osgi/framework/BundleActivator;)V+9
j  org.eclipse.osgi.internal.framework.BundleContextImpl.start()V+134
j  org.eclipse.osgi.internal.framework.EquinoxBundle.startWorker0()V+35
j  org.eclipse.osgi.internal.framework.EquinoxBundle$EquinoxModule.startWorker()V+4
j  org.eclipse.osgi.container.Module.doStart([Lorg/eclipse/osgi/container/Module$StartOptions;)Lorg/eclipse/osgi/container/ModuleContainerAdaptor$ModuleEvent;+190
j  org.eclipse.osgi.container.Module.start([Lorg/eclipse/osgi/container/Module$StartOptions;)V+460
j  org.eclipse.osgi.container.ModuleContainer$ContainerStartLevel$2.run()V+71
j  org.eclipse.osgi.internal.framework.EquinoxContainerAdaptor$1$1.execute(Ljava/lang/Runnable;)V+1
j  org.eclipse.osgi.container.ModuleContainer$ContainerStartLevel.incStartLevel(ILjava/util/List;Z)V+192
j  org.eclipse.osgi.container.ModuleContainer$ContainerStartLevel.incStartLevel(ILjava/util/List;Ljava/util/List;Ljava/util/List;Ljava/util/List;)V+19
j  org.eclipse.osgi.container.ModuleContainer$ContainerStartLevel.doContainerStartLevel(Lorg/eclipse/osgi/container/Module;I[Lorg/osgi/framework/FrameworkListener;)V+349
j  org.eclipse.osgi.container.ModuleContainer$ContainerStartLevel.dispatchEvent(Lorg/eclipse/osgi/container/Module;[Lorg/osgi/framework/FrameworkListener;ILjava/lang/Integer;)V+32
j  org.eclipse.osgi.container.ModuleContainer$ContainerStartLevel.dispatchEvent(Ljava/lang/Object;Ljava/lang/Object;ILjava/lang/Object;)V+15
j  org.eclipse.osgi.framework.eventmgr.EventManager.dispatchEvent(Ljava/util/Set;Lorg/eclipse/osgi/framework/eventmgr/EventDispatcher;ILjava/lang/Object;)V+48
j  org.eclipse.osgi.framework.eventmgr.EventManager$EventThread.run()V+26
v  ~StubRoutines::call_stub

---------------  P R O C E S S  ---------------

Threads class SMR info:
_java_thread_list=0x000001b8b8a33c30, length=24, elements={
0x000001b89a7ce9f0, 0x000001b8b533d2c0, 0x000001b8b533ef50, 0x000001b8b534f1a0,
0x000001b8b534fd50, 0x000001b8b5350900, 0x000001b8b53514b0, 0x000001b8b5354250,
0x000001b8b53bbab0, 0x000001b8b53bc0c0, 0x000001b8b6d40000, 0x000001b8b6dbdbd0,
0x000001b8b7314970, 0x000001b8b75f0cf0, 0x000001b8b738d020, 0x000001b8b7654480,
0x000001b8b75ec9b0, 0x000001b8b7804490, 0x000001b8b78fe800, 0x000001b8b8a8c920,
0x000001b8b8a8d790, 0x000001b8b8a8c450, 0x000001b8b8bcbaf0, 0x000001b8b8a8b5e0
}

Java Threads: ( => current thread )
  0x000001b89a7ce9f0 JavaThread "main" [_thread_blocked, id=2840, stack(0x000000ac25d00000,0x000000ac25e00000)]
  0x000001b8b533d2c0 JavaThread "Reference Handler" daemon [_thread_blocked, id=1416, stack(0x000000ac26000000,0x000000ac26100000)]
  0x000001b8b533ef50 JavaThread "Finalizer" daemon [_thread_blocked, id=6228, stack(0x000000ac26100000,0x000000ac26200000)]
  0x000001b8b534f1a0 JavaThread "Signal Dispatcher" daemon [_thread_blocked, id=2164, stack(0x000000ac26200000,0x000000ac26300000)]
  0x000001b8b534fd50 JavaThread "Attach Listener" daemon [_thread_blocked, id=12600, stack(0x000000ac26300000,0x000000ac26400000)]
  0x000001b8b5350900 JavaThread "Service Thread" daemon [_thread_blocked, id=2876, stack(0x000000ac26400000,0x000000ac26500000)]
  0x000001b8b53514b0 JavaThread "Monitor Deflation Thread" daemon [_thread_blocked, id=6504, stack(0x000000ac26500000,0x000000ac26600000)]
  0x000001b8b5354250 JavaThread "C2 CompilerThread0" daemon [_thread_in_native, id=8064, stack(0x000000ac26600000,0x000000ac26700000)]
  0x000001b8b53bbab0 JavaThread "C1 CompilerThread0" daemon [_thread_blocked, id=12232, stack(0x000000ac26700000,0x000000ac26800000)]
  0x000001b8b53bc0c0 JavaThread "Sweeper thread" daemon [_thread_blocked, id=11192, stack(0x000000ac26800000,0x000000ac26900000)]
  0x000001b8b6d40000 JavaThread "Common-Cleaner" daemon [_thread_blocked, id=10856, stack(0x000000ac26900000,0x000000ac26a00000)]
  0x000001b8b6dbdbd0 JavaThread "Notification Thread" daemon [_thread_blocked, id=3736, stack(0x000000ac26a00000,0x000000ac26b00000)]
  0x000001b8b7314970 JavaThread "Active Thread: Equinox Container: 61f95f80-3c01-49e1-8b9b-b73cf9ab91af" [_thread_blocked, id=11572, stack(0x000000ac26d00000,0x000000ac26e00000)]
  0x000001b8b75f0cf0 JavaThread "Framework Event Dispatcher: Equinox Container: 61f95f80-3c01-49e1-8b9b-b73cf9ab91af" daemon [_thread_blocked, id=8052, stack(0x000000ac26c00000,0x000000ac26d00000)]
=>0x000001b8b738d020 JavaThread "Start Level: Equinox Container: 61f95f80-3c01-49e1-8b9b-b73cf9ab91af" daemon [_thread_in_vm, id=7268, stack(0x000000ac26e00000,0x000000ac26f00000)]
  0x000001b8b7654480 JavaThread "SCR Component Actor" daemon [_thread_blocked, id=12616, stack(0x000000ac27200000,0x000000ac27300000)]
  0x000001b8b75ec9b0 JavaThread "Timer-0" [_thread_blocked, id=11724, stack(0x000000ac27300000,0x000000ac27400000)]
  0x000001b8b7804490 JavaThread "Bundle File Closer" daemon [_thread_blocked, id=9380, stack(0x000000ac27500000,0x000000ac27600000)]
  0x000001b8b78fe800 JavaThread "Worker-JM" [_thread_blocked, id=10896, stack(0x000000ac27600000,0x000000ac27700000)]
  0x000001b8b8a8c920 JavaThread "Worker-0" [_thread_blocked, id=1696, stack(0x000000ac27700000,0x000000ac27800000)]
  0x000001b8b8a8d790 JavaThread "Worker-1: Refreshing workspace" [_thread_in_native, id=10388, stack(0x000000ac27800000,0x000000ac27900000)]
  0x000001b8b8a8c450 JavaThread "Worker-2" [_thread_blocked, id=11484, stack(0x000000ac27900000,0x000000ac27a00000)]
  0x000001b8b8bcbaf0 JavaThread "C2 CompilerThread1" daemon [_thread_blocked, id=2812, stack(0x000000ac27400000,0x000000ac27500000)]
  0x000001b8b8a8b5e0 JavaThread "Java indexing" daemon [_thread_blocked, id=13236, stack(0x000000ac27a00000,0x000000ac27b00000)]

Other Threads:
  0x000001b89ca89d30 VMThread "VM Thread" [stack: 0x000000ac25f00000,0x000000ac26000000] [id=9980]
  0x000001b8b6deb490 WatcherThread [stack: 0x000000ac26b00000,0x000000ac26c00000] [id=5484]
  0x000001b89c9d7e50 GCTaskThread "GC Thread#0" [stack: 0x000000ac25e00000,0x000000ac25f00000] [id=5172]
  0x000001b8b73fb430 GCTaskThread "GC Thread#1" [stack: 0x000000ac26f00000,0x000000ac27000000] [id=1680]
  0x000001b8b706f080 GCTaskThread "GC Thread#2" [stack: 0x000000ac27000000,0x000000ac27100000] [id=2996]
  0x000001b8b738dba0 GCTaskThread "GC Thread#3" [stack: 0x000000ac27100000,0x000000ac27200000] [id=9504]

Threads with active compile tasks:

VM state: not at safepoint (normal execution)

VM Mutex/Monitor currently owned by a thread:  ([mutex/lock_event])
[0x000001b89a6ec5a0] Metaspace_lock - owner thread: 0x000001b8b738d020

Heap address: 0x00000000c0000000, size: 1024 MB, Compressed Oops mode: 32-bit

CDS archive(s) mapped at: [0x0000000800000000-0x0000000800bc0000-0x0000000800bc0000), size 12320768, SharedBaseAddress: 0x0000000800000000, ArchiveRelocationMode: 0.
Compressed class space mapped at: 0x0000000800c00000-0x0000000840c00000, reserved size: 1073741824
Narrow klass base: 0x0000000800000000, Narrow klass shift: 0, Narrow klass range: 0x100000000

GC Precious Log:
 CPUs: 4 total, 4 available
 Memory: 3959M
 Large Page Support: Disabled
 NUMA Support: Disabled
 Compressed Oops: Enabled (32-bit)
 Alignments: Space 512K, Generation 512K, Heap 2M
 Heap Min Capacity: 100M
 Heap Initial Capacity: 100M
 Heap Max Capacity: 1G
 Pre-touch: Disabled
 Parallel Workers: 4

Heap:
 PSYoungGen      total 29696K, used 22660K [0x00000000eab00000, 0x00000000ecc00000, 0x0000000100000000)
  eden space 25600K, 72% used [0x00000000eab00000,0x00000000ebd21bf0,0x00000000ec400000)
  from space 4096K, 99% used [0x00000000ec800000,0x00000000ecbff7a0,0x00000000ecc00000)
  to   space 4096K, 0% used [0x00000000ec400000,0x00000000ec400000,0x00000000ec800000)
 ParOldGen       total 68608K, used 14937K [0x00000000c0000000, 0x00000000c4300000, 0x00000000eab00000)
  object space 68608K, 21% used [0x00000000c0000000,0x00000000c0e96578,0x00000000c4300000)
 Metaspace       used 20652K, committed 20992K, reserved 1073152K
  class space    used 1877K, committed 2048K, reserved 1048576K

Card table byte_map: [0x000001b89c370000,0x000001b89c580000] _byte_map_base: 0x000001b89bd70000

Marking Bits: (ParMarkBitMap*) 0x00007ffaf9d443c0
 Begin Bits: [0x000001b8b3210000, 0x000001b8b4210000)
 End Bits:   [0x000001b8b4210000, 0x000001b8b5210000)

Polling page: 0x000001b89a900000

Metaspace:

Usage:
  Non-class:     18.34 MB used.
      Class:      1.83 MB used.
       Both:     20.17 MB used.

Virtual space:
  Non-class space:       24.00 MB reserved,      18.50 MB ( 77%) committed,  3 nodes.
      Class space:        1.00 GB reserved,       2.00 MB ( <1%) committed,  1 nodes.
             Both:        1.02 GB reserved,      20.50 MB (  2%) committed. 

Chunk freelists:
   Non-Class:  560.00 KB
       Class:  2.03 MB
        Both:  2.58 MB

MaxMetaspaceSize: unlimited
CompressedClassSpaceSize: 1.00 GB
Initial GC threshold: 21.00 MB
Current GC threshold: 21.00 MB
CDS: on
MetaspaceReclaimPolicy: balanced
 - commit_granule_bytes: 65536.
 - commit_granule_words: 8192.
 - virtual_space_node_default_size: 1048576.
 - enlarge_chunks_in_place: 1.
 - new_chunks_are_fully_committed: 0.
 - uncommit_free_chunks: 1.
 - use_allocation_guard: 0.
 - handle_deallocations: 1.


Internal statistics:

num_allocs_failed_limit: 0.
num_arena_births: 152.
num_arena_deaths: 0.
num_vsnodes_births: 4.
num_vsnodes_deaths: 0.
num_space_committed: 328.
num_space_uncommitted: 0.
num_chunks_returned_to_freelist: 0.
num_chunks_taken_from_freelist: 821.
num_chunk_merges: 0.
num_chunk_splits: 570.
num_chunks_enlarged: 419.
num_purges: 0.
num_inconsistent_stats: 0.

CodeHeap 'non-profiled nmethods': size=120000Kb used=1006Kb max_used=1006Kb free=118993Kb
 bounds [0x000001b8abce0000, 0x000001b8abf50000, 0x000001b8b3210000]
CodeHeap 'profiled nmethods': size=120000Kb used=5631Kb max_used=5631Kb free=114368Kb
 bounds [0x000001b8a47b0000, 0x000001b8a4d30000, 0x000001b8abce0000]
CodeHeap 'non-nmethods': size=5760Kb used=1221Kb max_used=1254Kb free=4539Kb
 bounds [0x000001b8a4210000, 0x000001b8a4480000, 0x000001b8a47b0000]
 total_blobs=3251 nmethods=2717 adapters=448
 compilation: enabled
              stopped_count=0, restarted_count=0
 full_count=0

Compilation events (20 events):
Event: 4.713 Thread 0x000001b8b53bbab0 nmethod 2691 0x000001b8abdd5890 code [0x000001b8abdd5a20, 0x000001b8abdd5af8]
Event: 4.713 Thread 0x000001b8b53bbab0 2692       1       java.util.Hashtable$Entry::getValue (5 bytes)
Event: 4.713 Thread 0x000001b8b53bbab0 nmethod 2692 0x000001b8abdd5b90 code [0x000001b8abdd5d20, 0x000001b8abdd5df8]
Event: 4.713 Thread 0x000001b8b53bbab0 2693       3       java.util.Hashtable$Enumerator::hasNext (5 bytes)
Event: 4.713 Thread 0x000001b8b53bbab0 nmethod 2693 0x000001b8a4d23b10 code [0x000001b8a4d23cc0, 0x000001b8a4d23e08]
Event: 4.714 Thread 0x000001b8b53bbab0 2694       3       java.util.Hashtable$Enumerator::next (27 bytes)
Event: 4.714 Thread 0x000001b8b53bbab0 nmethod 2694 0x000001b8a4d23e90 code [0x000001b8a4d24040, 0x000001b8a4d24298]
Event: 4.715 Thread 0x000001b8b8bcbaf0 nmethod 2682 0x000001b8abdd5e90 code [0x000001b8abdd6060, 0x000001b8abdd6688]
Event: 4.715 Thread 0x000001b8b8bcbaf0 2686       4       org.eclipse.core.internal.preferences.EclipsePreferences::checkRemoved (26 bytes)
Event: 4.715 Thread 0x000001b8b53bbab0 2695  s    3       org.eclipse.core.internal.resources.ProjectDescription::getFilter (21 bytes)
Event: 4.715 Thread 0x000001b8b53bbab0 nmethod 2695 0x000001b8a4d24410 code [0x000001b8a4d245e0, 0x000001b8a4d24a08]
Event: 4.715 Thread 0x000001b8b8bcbaf0 nmethod 2686 0x000001b8abdd6b90 code [0x000001b8abdd6d00, 0x000001b8abdd6d98]
Event: 4.715 Thread 0x000001b8b8bcbaf0 2696       4       java.util.HashMap::containsKey (14 bytes)
Event: 4.717 Thread 0x000001b8b53bbab0 2698       3       java.util.HashMap::putVal (300 bytes)
Event: 4.719 Thread 0x000001b8b53bbab0 nmethod 2698 0x000001b8a4d24b10 code [0x000001b8a4d24dc0, 0x000001b8a4d25f58]
Event: 4.719 Thread 0x000001b8b53bbab0 2699       3       org.eclipse.jdt.internal.core.JavaModelManager::getOptionLevel (30 bytes)
Event: 4.719 Thread 0x000001b8b53bbab0 nmethod 2699 0x000001b8a4d26410 code [0x000001b8a4d265e0, 0x000001b8a4d26a58]
Event: 4.719 Thread 0x000001b8b53bbab0 2700       3       org.eclipse.jdt.internal.core.JavaModelManager::storePreference (168 bytes)
Event: 4.720 Thread 0x000001b8b53bbab0 nmethod 2700 0x000001b8a4d26b90 code [0x000001b8a4d26e20, 0x000001b8a4d27d68]
Event: 4.720 Thread 0x000001b8b53bbab0 2701   !   3       org.eclipse.core.internal.preferences.EclipsePreferences::remove (59 bytes)

GC Heap History (8 events):
Event: 2.224 GC heap before
{Heap before GC invocations=1 (full 0):
 PSYoungGen      total 29696K, used 25600K [0x00000000eab00000, 0x00000000ecc00000, 0x0000000100000000)
  eden space 25600K, 100% used [0x00000000eab00000,0x00000000ec400000,0x00000000ec400000)
  from space 4096K, 0% used [0x00000000ec800000,0x00000000ec800000,0x00000000ecc00000)
  to   space 4096K, 0% used [0x00000000ec400000,0x00000000ec400000,0x00000000ec800000)
 ParOldGen       total 68608K, used 0K [0x00000000c0000000, 0x00000000c4300000, 0x00000000eab00000)
  object space 68608K, 0% used [0x00000000c0000000,0x00000000c0000000,0x00000000c4300000)
 Metaspace       used 6882K, committed 7040K, reserved 1056768K
  class space    used 673K, committed 768K, reserved 1048576K
}
Event: 2.239 GC heap after
{Heap after GC invocations=1 (full 0):
 PSYoungGen      total 29696K, used 4087K [0x00000000eab00000, 0x00000000ecc00000, 0x0000000100000000)
  eden space 25600K, 0% used [0x00000000eab00000,0x00000000eab00000,0x00000000ec400000)
  from space 4096K, 99% used [0x00000000ec400000,0x00000000ec7fdf98,0x00000000ec800000)
  to   space 4096K, 0% used [0x00000000ec800000,0x00000000ec800000,0x00000000ecc00000)
 ParOldGen       total 68608K, used 758K [0x00000000c0000000, 0x00000000c4300000, 0x00000000eab00000)
  object space 68608K, 1% used [0x00000000c0000000,0x00000000c00bdb70,0x00000000c4300000)
 Metaspace       used 6882K, committed 7040K, reserved 1056768K
  class space    used 673K, committed 768K, reserved 1048576K
}
Event: 3.416 GC heap before
{Heap before GC invocations=2 (full 0):
 PSYoungGen      total 29696K, used 29687K [0x00000000eab00000, 0x00000000ecc00000, 0x0000000100000000)
  eden space 25600K, 100% used [0x00000000eab00000,0x00000000ec400000,0x00000000ec400000)
  from space 4096K, 99% used [0x00000000ec400000,0x00000000ec7fdf98,0x00000000ec800000)
  to   space 4096K, 0% used [0x00000000ec800000,0x00000000ec800000,0x00000000ecc00000)
 ParOldGen       total 68608K, used 758K [0x00000000c0000000, 0x00000000c4300000, 0x00000000eab00000)
  object space 68608K, 1% used [0x00000000c0000000,0x00000000c00bdb70,0x00000000c4300000)
 Metaspace       used 12753K, committed 13120K, reserved 1064960K
  class space    used 1251K, committed 1408K, reserved 1048576K
}
Event: 3.429 GC heap after
{Heap after GC invocations=2 (full 0):
 PSYoungGen      total 29696K, used 4075K [0x00000000eab00000, 0x00000000ecc00000, 0x0000000100000000)
  eden space 25600K, 0% used [0x00000000eab00000,0x00000000eab00000,0x00000000ec400000)
  from space 4096K, 99% used [0x00000000ec800000,0x00000000ecbfadb8,0x00000000ecc00000)
  to   space 4096K, 0% used [0x00000000ec400000,0x00000000ec400000,0x00000000ec800000)
 ParOldGen       total 68608K, used 6418K [0x00000000c0000000, 0x00000000c4300000, 0x00000000eab00000)
  object space 68608K, 9% used [0x00000000c0000000,0x00000000c06448a0,0x00000000c4300000)
 Metaspace       used 12753K, committed 13120K, reserved 1064960K
  class space    used 1251K, committed 1408K, reserved 1048576K
}
Event: 3.521 GC heap before
{Heap before GC invocations=3 (full 0):
 PSYoungGen      total 29696K, used 29675K [0x00000000eab00000, 0x00000000ecc00000, 0x0000000100000000)
  eden space 25600K, 100% used [0x00000000eab00000,0x00000000ec400000,0x00000000ec400000)
  from space 4096K, 99% used [0x00000000ec800000,0x00000000ecbfadb8,0x00000000ecc00000)
  to   space 4096K, 0% used [0x00000000ec400000,0x00000000ec400000,0x00000000ec800000)
 ParOldGen       total 68608K, used 6418K [0x00000000c0000000, 0x00000000c4300000, 0x00000000eab00000)
  object space 68608K, 9% used [0x00000000c0000000,0x00000000c06448a0,0x00000000c4300000)
 Metaspace       used 12755K, committed 13120K, reserved 1064960K
  class space    used 1251K, committed 1408K, reserved 1048576K
}
Event: 3.532 GC heap after
{Heap after GC invocations=3 (full 0):
 PSYoungGen      total 29696K, used 4092K [0x00000000eab00000, 0x00000000ecc00000, 0x0000000100000000)
  eden space 25600K, 0% used [0x00000000eab00000,0x00000000eab00000,0x00000000ec400000)
  from space 4096K, 99% used [0x00000000ec400000,0x00000000ec7ff2c0,0x00000000ec800000)
  to   space 4096K, 0% used [0x00000000ec800000,0x00000000ec800000,0x00000000ecc00000)
 ParOldGen       total 68608K, used 12057K [0x00000000c0000000, 0x00000000c4300000, 0x00000000eab00000)
  object space 68608K, 17% used [0x00000000c0000000,0x00000000c0bc6578,0x00000000c4300000)
 Metaspace       used 12755K, committed 13120K, reserved 1064960K
  class space    used 1251K, committed 1408K, reserved 1048576K
}
Event: 4.272 GC heap before
{Heap before GC invocations=4 (full 0):
 PSYoungGen      total 29696K, used 29692K [0x00000000eab00000, 0x00000000ecc00000, 0x0000000100000000)
  eden space 25600K, 100% used [0x00000000eab00000,0x00000000ec400000,0x00000000ec400000)
  from space 4096K, 99% used [0x00000000ec400000,0x00000000ec7ff2c0,0x00000000ec800000)
  to   space 4096K, 0% used [0x00000000ec800000,0x00000000ec800000,0x00000000ecc00000)
 ParOldGen       total 68608K, used 12057K [0x00000000c0000000, 0x00000000c4300000, 0x00000000eab00000)
  object space 68608K, 17% used [0x00000000c0000000,0x00000000c0bc6578,0x00000000c4300000)
 Metaspace       used 17720K, committed 18176K, reserved 1073152K
  class space    used 1659K, committed 1856K, reserved 1048576K
}
Event: 4.280 GC heap after
{Heap after GC invocations=4 (full 0):
 PSYoungGen      total 29696K, used 4093K [0x00000000eab00000, 0x00000000ecc00000, 0x0000000100000000)
  eden space 25600K, 0% used [0x00000000eab00000,0x00000000eab00000,0x00000000ec400000)
  from space 4096K, 99% used [0x00000000ec800000,0x00000000ecbff7a0,0x00000000ecc00000)
  to   space 4096K, 0% used [0x00000000ec400000,0x00000000ec400000,0x00000000ec800000)
 ParOldGen       total 68608K, used 14937K [0x00000000c0000000, 0x00000000c4300000, 0x00000000eab00000)
  object space 68608K, 21% used [0x00000000c0000000,0x00000000c0e96578,0x00000000c4300000)
 Metaspace       used 17720K, committed 18176K, reserved 1073152K
  class space    used 1659K, committed 1856K, reserved 1048576K
}

Deoptimization events (20 events):
Event: 4.497 Thread 0x000001b8b738d020 DEOPT PACKING pc=0x000001b8abdad85c sp=0x000000ac26ef9a70
Event: 4.497 Thread 0x000001b8b738d020 DEOPT UNPACKING pc=0x000001b8a42620a3 sp=0x000000ac26ef9a40 mode 2
Event: 4.627 Thread 0x000001b8b738d020 DEOPT PACKING pc=0x000001b8a4cacb9d sp=0x000000ac26efe670
Event: 4.627 Thread 0x000001b8b738d020 DEOPT UNPACKING pc=0x000001b8a4262843 sp=0x000000ac26efdbc8 mode 3
Event: 4.663 Thread 0x000001b8b738d020 Uncommon trap: trap_request=0xffffffc6 fr.pc=0x000001b8abd7065c relative=0x0000000000000a1c
Event: 4.663 Thread 0x000001b8b738d020 Uncommon trap: reason=bimorphic_or_optimized_type_check action=maybe_recompile pc=0x000001b8abd7065c method=java.util.HashMap.putVal(ILjava/lang/Object;Ljava/lang/Object;ZZ)Ljava/lang/Object; @ 56 c2
Event: 4.663 Thread 0x000001b8b738d020 DEOPT PACKING pc=0x000001b8abd7065c sp=0x000000ac26efdbb0
Event: 4.663 Thread 0x000001b8b738d020 DEOPT UNPACKING pc=0x000001b8a42620a3 sp=0x000000ac26efdb08 mode 2
Event: 4.663 Thread 0x000001b8b738d020 Uncommon trap: trap_request=0xffffffc6 fr.pc=0x000001b8abd7065c relative=0x0000000000000a1c
Event: 4.663 Thread 0x000001b8b738d020 Uncommon trap: reason=bimorphic_or_optimized_type_check action=maybe_recompile pc=0x000001b8abd7065c method=java.util.HashMap.putVal(ILjava/lang/Object;Ljava/lang/Object;ZZ)Ljava/lang/Object; @ 56 c2
Event: 4.663 Thread 0x000001b8b738d020 DEOPT PACKING pc=0x000001b8abd7065c sp=0x000000ac26efdbb0
Event: 4.663 Thread 0x000001b8b738d020 DEOPT UNPACKING pc=0x000001b8a42620a3 sp=0x000000ac26efdb08 mode 2
Event: 4.663 Thread 0x000001b8b738d020 Uncommon trap: trap_request=0xffffffc6 fr.pc=0x000001b8abd7065c relative=0x0000000000000a1c
Event: 4.663 Thread 0x000001b8b738d020 Uncommon trap: reason=bimorphic_or_optimized_type_check action=maybe_recompile pc=0x000001b8abd7065c method=java.util.HashMap.putVal(ILjava/lang/Object;Ljava/lang/Object;ZZ)Ljava/lang/Object; @ 56 c2
Event: 4.663 Thread 0x000001b8b738d020 DEOPT PACKING pc=0x000001b8abd7065c sp=0x000000ac26efdbb0
Event: 4.663 Thread 0x000001b8b738d020 DEOPT UNPACKING pc=0x000001b8a42620a3 sp=0x000000ac26efdb08 mode 2
Event: 4.663 Thread 0x000001b8b738d020 Uncommon trap: trap_request=0xffffffc6 fr.pc=0x000001b8abd7065c relative=0x0000000000000a1c
Event: 4.663 Thread 0x000001b8b738d020 Uncommon trap: reason=bimorphic_or_optimized_type_check action=maybe_recompile pc=0x000001b8abd7065c method=java.util.HashMap.putVal(ILjava/lang/Object;Ljava/lang/Object;ZZ)Ljava/lang/Object; @ 56 c2
Event: 4.663 Thread 0x000001b8b738d020 DEOPT PACKING pc=0x000001b8abd7065c sp=0x000000ac26efdbb0
Event: 4.663 Thread 0x000001b8b738d020 DEOPT UNPACKING pc=0x000001b8a42620a3 sp=0x000000ac26efdb08 mode 2

Classes unloaded (0 events):
No events

Classes redefined (0 events):
No events

Internal exceptions (20 events):
Event: 1.210 Thread 0x000001b89a7ce9f0 Exception <a 'java/lang/NoSuchMethodError'{0x00000000eb7f72e0}: 'int java.lang.invoke.DirectMethodHandle$Holder.invokeStaticInit(java.lang.Object, java.lang.Object)'> (0x00000000eb7f72e0) 
thrown [t:\workspace\open\src\hotspot\share\interpreter\linkResolver.cpp, line 766]
Event: 1.251 Thread 0x000001b89a7ce9f0 Exception <a 'java/lang/NoSuchMethodError'{0x00000000eb849100}: 'java.lang.Object java.lang.invoke.DirectMethodHandle$Holder.invokeStaticInit(java.lang.Object, int, int, int, int)'> (0x00000000eb849100) 
thrown [t:\workspace\open\src\hotspot\share\interpreter\linkResolver.cpp, line 766]
Event: 1.368 Thread 0x000001b89a7ce9f0 Exception <a 'java/lang/NoSuchMethodError'{0x00000000eb880fd8}: 'java.lang.Object java.lang.invoke.DirectMethodHandle$Holder.invokeStaticInit(java.lang.Object, java.lang.Object, int, int, int, int)'> (0x00000000eb880fd8) 
thrown [t:\workspace\open\src\hotspot\share\interpreter\linkResolver.cpp, line 766]
Event: 1.412 Thread 0x000001b89a7ce9f0 Exception <a 'java/lang/NoSuchMethodError'{0x00000000eb913fb0}: 'void java.lang.invoke.DirectMethodHandle$Holder.invokeSpecial(java.lang.Object, java.lang.Object, java.lang.Object)'> (0x00000000eb913fb0) 
thrown [t:\workspace\open\src\hotspot\share\interpreter\linkResolver.cpp, line 766]
Event: 1.850 Thread 0x000001b89a7ce9f0 Exception <a 'java/lang/NoSuchMethodError'{0x00000000ebfdda70}: 'java.lang.Object java.lang.invoke.DirectMethodHandle$Holder.newInvokeSpecial(java.lang.Object, int, java.lang.Object)'> (0x00000000ebfdda70) 
thrown [t:\workspace\open\src\hotspot\share\interpreter\linkResolver.cpp, line 766]
Event: 2.210 Thread 0x000001b89a7ce9f0 Exception <a 'java/lang/UnsatisfiedLinkError'{0x00000000ec32bd28}: 'void org.eclipse.equinox.launcher.JNIBridge._update_splash()'> (0x00000000ec32bd28) 
thrown [t:\workspace\open\src\hotspot\share\prims\nativeLookup.cpp, line 543]
Event: 2.289 Thread 0x000001b8b738d020 Exception <a 'java/lang/NoSuchMethodError'{0x00000000eac180b8}: 'java.lang.Object java.lang.invoke.DirectMethodHandle$Holder.invokeStaticInit(java.lang.Object)'> (0x00000000eac180b8) 
thrown [t:\workspace\open\src\hotspot\share\interpreter\linkResolver.cpp, line 766]
Event: 2.520 Thread 0x000001b8b738d020 Exception <a 'java/io/FileNotFoundException'{0x00000000eafb06c8}> (0x00000000eafb06c8) 
thrown [t:\workspace\open\src\hotspot\share\prims\jni.cpp, line 516]
Event: 3.214 Thread 0x000001b8b738d020 Exception <a 'java/lang/NoSuchMethodError'{0x00000000ebe1bc90}: 'void java.lang.invoke.DirectMethodHandle$Holder.invokeInterface(java.lang.Object, java.lang.Object, java.lang.Object)'> (0x00000000ebe1bc90) 
thrown [t:\workspace\open\src\hotspot\share\interpreter\linkResolver.cpp, line 766]
Event: 3.296 Thread 0x000001b8b738d020 Exception <a 'java/lang/NoSuchMethodError'{0x00000000ebfa3058}: 'java.lang.Object java.lang.invoke.Invokers$Holder.invokeExact_MT(java.lang.Object, java.lang.Object, java.lang.Object, java.lang.Object, java.lang.Object, java.lang.Object)'> (0x00000000ebfa3058) 
thrown [t:\workspace\open\src\hotspot\share\interpreter\linkResolver.cpp, line 766]
Event: 3.318 Thread 0x000001b8b738d020 Exception <a 'java/io/FileNotFoundException'{0x00000000ebfe80d8}> (0x00000000ebfe80d8) 
thrown [t:\workspace\open\src\hotspot\share\prims\jni.cpp, line 516]
Event: 3.899 Thread 0x000001b8b738d020 Exception <a 'java/lang/NoSuchMethodError'{0x00000000ebb2df28}: 'int java.lang.invoke.DirectMethodHandle$Holder.invokeStaticInit(java.lang.Object, java.lang.Object, java.lang.Object)'> (0x00000000ebb2df28) 
thrown [t:\workspace\open\src\hotspot\share\interpreter\linkResolver.cpp, line 766]
Event: 3.920 Thread 0x000001b8b738d020 Exception <a 'java/lang/IncompatibleClassChangeError'{0x00000000ebb72110}: Found class java.lang.Object, but interface was expected> (0x00000000ebb72110) 
thrown [t:\workspace\open\src\hotspot\share\interpreter\linkResolver.cpp, line 833]
Event: 4.060 Thread 0x000001b8b738d020 Exception <a 'java/io/FileNotFoundException'{0x00000000ebe2d0e0}> (0x00000000ebe2d0e0) 
thrown [t:\workspace\open\src\hotspot\share\prims\jni.cpp, line 516]
Event: 4.061 Thread 0x000001b8b738d020 Exception <a 'java/io/FileNotFoundException'{0x00000000ebe2e218}> (0x00000000ebe2e218) 
thrown [t:\workspace\open\src\hotspot\share\prims\jni.cpp, line 516]
Event: 4.061 Thread 0x000001b8b738d020 Exception <a 'java/io/FileNotFoundException'{0x00000000ebe2f358}> (0x00000000ebe2f358) 
thrown [t:\workspace\open\src\hotspot\share\prims\jni.cpp, line 516]
Event: 4.453 Thread 0x000001b8b738d020 Exception <a 'java/lang/ClassNotFoundException'{0x00000000eb7df378}: com/sun/org/apache/xerces/internal/impl/msg/spi/DOMMessagesProvider> (0x00000000eb7df378) 
thrown [t:\workspace\open\src\hotspot\share\classfile\systemDictionary.cpp, line 256]
Event: 4.457 Thread 0x000001b8b738d020 Exception <a 'java/lang/ClassNotFoundException'{0x00000000eb83b338}: com/sun/org/apache/xerces/internal/impl/msg/spi/XMLSerializerMessagesProvider> (0x00000000eb83b338) 
thrown [t:\workspace\open\src\hotspot\share\classfile\systemDictionary.cpp, line 256]
Event: 4.459 Thread 0x000001b8b738d020 Exception <a 'java/lang/ClassNotFoundException'{0x00000000eb846330}: com/sun/org/apache/xerces/internal/impl/msg/spi/XMLMessagesProvider> (0x00000000eb846330) 
thrown [t:\workspace\open\src\hotspot\share\classfile\systemDictionary.cpp, line 256]
Event: 4.651 Thread 0x000001b8b738d020 Exception <a 'sun/nio/fs/WindowsException'{0x00000000ebb3a440}> (0x00000000ebb3a440) 
thrown [t:\workspace\open\src\hotspot\share\prims\jni.cpp, line 516]

VM Operations (20 events):
Event: 3.040 Executing VM operation: ICBufferFull
Event: 3.040 Executing VM operation: ICBufferFull done
Event: 3.115 Executing VM operation: HandshakeAllThreads
Event: 3.116 Executing VM operation: HandshakeAllThreads done
Event: 3.189 Executing VM operation: HandshakeAllThreads
Event: 3.189 Executing VM operation: HandshakeAllThreads done
Event: 3.192 Executing VM operation: HandshakeAllThreads
Event: 3.192 Executing VM operation: HandshakeAllThreads done
Event: 3.416 Executing VM operation: ParallelGCFailedAllocation
Event: 3.430 Executing VM operation: ParallelGCFailedAllocation done
Event: 3.521 Executing VM operation: ParallelGCFailedAllocation
Event: 3.532 Executing VM operation: ParallelGCFailedAllocation done
Event: 4.272 Executing VM operation: ParallelGCFailedAllocation
Event: 4.280 Executing VM operation: ParallelGCFailedAllocation done
Event: 4.435 Executing VM operation: HandshakeAllThreads
Event: 4.435 Executing VM operation: HandshakeAllThreads done
Event: 4.626 Executing VM operation: HandshakeAllThreads
Event: 4.627 Executing VM operation: HandshakeAllThreads done
Event: 4.662 Executing VM operation: HandshakeAllThreads
Event: 4.662 Executing VM operation: HandshakeAllThreads done

Events (20 events):
Event: 4.662 loading class java/lang/ProcessEnvironment done
Event: 4.663 loading class java/lang/ProcessEnvironment$NameComparator
Event: 4.663 loading class java/lang/ProcessEnvironment$NameComparator done
Event: 4.663 loading class java/lang/ProcessEnvironment$EntryComparator
Event: 4.663 loading class java/lang/ProcessEnvironment$EntryComparator done
Event: 4.664 loading class java/lang/ProcessEnvironment$CheckedEntrySet
Event: 4.664 loading class java/lang/ProcessEnvironment$CheckedEntrySet done
Event: 4.664 loading class java/lang/ProcessEnvironment$CheckedEntrySet$1
Event: 4.664 loading class java/lang/ProcessEnvironment$CheckedEntrySet$1 done
Event: 4.664 loading class java/lang/ProcessEnvironment$CheckedEntry
Event: 4.664 loading class java/lang/ProcessEnvironment$CheckedEntry done
Event: 4.673 loading class java/util/UUID$Holder
Event: 4.673 loading class java/util/UUID$Holder done
Event: 4.677 Loaded shared library o:\Java\jdk-17.0.2\bin\verify.dll
Event: 4.682 loading class java/util/DualPivotQuicksort
Event: 4.683 loading class java/util/DualPivotQuicksort done
Event: 4.695 loading class java/lang/StringIndexOutOfBoundsException
Event: 4.695 loading class java/lang/StringIndexOutOfBoundsException done
Event: 4.703 loading class java/util/Hashtable$EntrySet
Event: 4.704 loading class java/util/Hashtable$EntrySet done


Dynamic libraries:
0x00007ff602210000 - 0x00007ff602220000 	o:\Java\jdk-17.0.2\bin\java.exe
0x00007ffb3b010000 - 0x00007ffb3b205000 	C:\WINDOWS\SYSTEM32\ntdll.dll
0x00007ffb1bf20000 - 0x00007ffb1bf36000 	C:\Program Files\Avast Software\Avast\aswhook.dll
0x00007ffb3ae60000 - 0x00007ffb3af1e000 	C:\WINDOWS\System32\KERNEL32.DLL
0x00007ffb38b00000 - 0x00007ffb38dc8000 	C:\WINDOWS\System32\KERNELBASE.dll
0x00007ffb38720000 - 0x00007ffb38820000 	C:\WINDOWS\System32\ucrtbase.dll
0x00007ffb33fc0000 - 0x00007ffb33fd8000 	o:\Java\jdk-17.0.2\bin\jli.dll
0x00007ffb39970000 - 0x00007ffb39a1e000 	C:\WINDOWS\System32\ADVAPI32.dll
0x00007ffb3a5c0000 - 0x00007ffb3a65e000 	C:\WINDOWS\System32\msvcrt.dll
0x00007ffb39650000 - 0x00007ffb396ec000 	C:\WINDOWS\System32\sechost.dll
0x00007ffb39160000 - 0x00007ffb39285000 	C:\WINDOWS\System32\RPCRT4.dll
0x00007ffb39380000 - 0x00007ffb39520000 	C:\WINDOWS\System32\USER32.dll
0x00007ffb389e0000 - 0x00007ffb38a02000 	C:\WINDOWS\System32\win32u.dll
0x00007ffb39a50000 - 0x00007ffb39a7b000 	C:\WINDOWS\System32\GDI32.dll
0x00007ffb388d0000 - 0x00007ffb389dd000 	C:\WINDOWS\System32\gdi32full.dll
0x00007ffb38a10000 - 0x00007ffb38aad000 	C:\WINDOWS\System32\msvcp_win.dll
0x00007ffb32a60000 - 0x00007ffb32a7a000 	o:\Java\jdk-17.0.2\bin\VCRUNTIME140.dll
0x00007ffb2a3a0000 - 0x00007ffb2a63a000 	C:\WINDOWS\WinSxS\amd64_microsoft.windows.common-controls_6595b64144ccf1df_6.0.19041.1110_none_60b5254171f9507e\COMCTL32.dll
0x00007ffb31820000 - 0x00007ffb3182a000 	C:\WINDOWS\SYSTEM32\VERSION.dll
0x00007ffb392f0000 - 0x00007ffb39320000 	C:\WINDOWS\System32\IMM32.DLL
0x00007ffb32f20000 - 0x00007ffb32f2c000 	o:\Java\jdk-17.0.2\bin\vcruntime140_1.dll
0x00007ffb31e00000 - 0x00007ffb31e8d000 	o:\Java\jdk-17.0.2\bin\msvcp140.dll
0x00007ffaf9240000 - 0x00007ffaf9e01000 	o:\Java\jdk-17.0.2\bin\server\jvm.dll
0x00007ffb39960000 - 0x00007ffb39968000 	C:\WINDOWS\System32\PSAPI.DLL
0x00007ffb2a7a0000 - 0x00007ffb2a7a9000 	C:\WINDOWS\SYSTEM32\WSOCK32.dll
0x00007ffb39890000 - 0x00007ffb398fb000 	C:\WINDOWS\System32\WS2_32.dll
0x00007ffb32b00000 - 0x00007ffb32b27000 	C:\WINDOWS\SYSTEM32\WINMM.dll
0x00007ffb36610000 - 0x00007ffb36622000 	C:\WINDOWS\SYSTEM32\kernel.appcore.dll
0x00007ffb32e50000 - 0x00007ffb32e5a000 	o:\Java\jdk-17.0.2\bin\jimage.dll
0x00007ffb323a0000 - 0x00007ffb32584000 	C:\WINDOWS\SYSTEM32\DBGHELP.DLL
0x00007ffb30ca0000 - 0x00007ffb30ccc000 	C:\WINDOWS\SYSTEM32\dbgcore.DLL
0x00007ffb38dd0000 - 0x00007ffb38e52000 	C:\WINDOWS\System32\bcryptPrimitives.dll
0x00007ffb2b7a0000 - 0x00007ffb2b7c5000 	o:\Java\jdk-17.0.2\bin\java.dll
0x00007ffb12b40000 - 0x00007ffb12c16000 	o:\Java\jdk-17.0.2\bin\jsvml.dll
0x00007ffb3a710000 - 0x00007ffb3ae54000 	C:\WINDOWS\System32\SHELL32.dll
0x00007ffb36810000 - 0x00007ffb36fa4000 	C:\WINDOWS\SYSTEM32\windows.storage.dll
0x00007ffb39c30000 - 0x00007ffb39f85000 	C:\WINDOWS\System32\combase.dll
0x00007ffb38170000 - 0x00007ffb3819e000 	C:\WINDOWS\SYSTEM32\Wldp.dll
0x00007ffb3af20000 - 0x00007ffb3afcd000 	C:\WINDOWS\System32\SHCORE.dll
0x00007ffb39290000 - 0x00007ffb392e5000 	C:\WINDOWS\System32\shlwapi.dll
0x00007ffb38660000 - 0x00007ffb3867f000 	C:\WINDOWS\SYSTEM32\profapi.dll
0x00007ffb32a10000 - 0x00007ffb32a29000 	O:\Java\jdk-17.0.2\bin\net.dll
0x00007ffb29f40000 - 0x00007ffb2a04c000 	C:\WINDOWS\SYSTEM32\WINHTTP.dll
0x00007ffb37ed0000 - 0x00007ffb37f3a000 	C:\WINDOWS\system32\mswsock.dll
0x00007ffb2ee40000 - 0x00007ffb2ee56000 	O:\Java\jdk-17.0.2\bin\nio.dll
0x00007ffb2b5e0000 - 0x00007ffb2b5f8000 	O:\Java\jdk-17.0.2\bin\zip.dll
0x00007ffb380c0000 - 0x00007ffb380d8000 	C:\WINDOWS\SYSTEM32\CRYPTSP.dll
0x00007ffb377e0000 - 0x00007ffb37814000 	C:\WINDOWS\system32\rsaenh.dll
0x00007ffb39030000 - 0x00007ffb39057000 	C:\WINDOWS\System32\bcrypt.dll
0x00007ffb38620000 - 0x00007ffb3864e000 	C:\WINDOWS\SYSTEM32\USERENV.dll
0x00007ffb380e0000 - 0x00007ffb380ec000 	C:\WINDOWS\SYSTEM32\CRYPTBASE.dll
0x00007ffb37b70000 - 0x00007ffb37bab000 	C:\WINDOWS\SYSTEM32\IPHLPAPI.DLL
0x00007ffb39150000 - 0x00007ffb39158000 	C:\WINDOWS\System32\NSI.dll
0x00007ffb2f590000 - 0x00007ffb2f5a7000 	C:\WINDOWS\SYSTEM32\dhcpcsvc6.DLL
0x00007ffb30620000 - 0x00007ffb3063d000 	C:\WINDOWS\SYSTEM32\dhcpcsvc.DLL
0x00007ffb37bc0000 - 0x00007ffb37c8b000 	C:\WINDOWS\SYSTEM32\DNSAPI.dll
0x00007ffb249e0000 - 0x00007ffb24a1e000 	C:\Users\Woyi\AppData\Roaming\Code\User\globalStorage\redhat.java\1.4.0\config_win\org.eclipse.equinox.launcher\org.eclipse.equinox.launcher.win32.win32.x86_64_1.2.400.v20211117-0650\eclipse_11602.dll
0x00007ffb39520000 - 0x00007ffb3964a000 	C:\WINDOWS\System32\ole32.dll
0x00007ffb32d90000 - 0x00007ffb32da0000 	o:\Java\jdk-17.0.2\bin\verify.dll

dbghelp: loaded successfully - version: 4.0.5 - missing functions: none
symbol engine: initialized successfully - sym options: 0x614 - pdb path: .;o:\Java\jdk-17.0.2\bin;C:\WINDOWS\SYSTEM32;C:\Program Files\Avast Software\Avast;C:\WINDOWS\WinSxS\amd64_microsoft.windows.common-controls_6595b64144ccf1df_6.0.19041.1110_none_60b5254171f9507e;o:\Java\jdk-17.0.2\bin\server;C:\Users\Woyi\AppData\Roaming\Code\User\globalStorage\redhat.java\1.4.0\config_win\org.eclipse.equinox.launcher\org.eclipse.equinox.launcher.win32.win32.x86_64_1.2.400.v20211117-0650

VM Arguments:
jvm_args: --add-modules=ALL-SYSTEM --add-opens=java.base/java.util=ALL-UNNAMED --add-opens=java.base/java.lang=ALL-UNNAMED --add-opens=java.base/sun.nio.fs=ALL-UNNAMED -Declipse.application=org.eclipse.jdt.ls.core.id1 -Dosgi.bundles.defaultStartLevel=4 -Declipse.product=org.eclipse.jdt.ls.core.product -Djava.import.generatesMetadataFilesAtProjectRoot=false -Dfile.encoding=utf8 -DwatchParentProcess=false -XX:+UseParallelGC -XX:GCTimeRatio=4 -XX:AdaptiveSizePolicyWeight=90 -Dsun.zip.disableMemoryMapping=true -Xmx1G -Xms100m -XX:+HeapDumpOnOutOfMemoryError -XX:HeapDumpPath=c:\Users\Woyi\AppData\Roaming\Code\User\workspaceStorage\72a52f48ab5fef7502c5d8c379e6b950\redhat.java 
java_command: c:\Users\Woyi\.vscode\extensions\redhat.java-1.4.0\server\plugins\org.eclipse.equinox.launcher_1.6.400.v20210924-0641.jar -configuration c:\Users\Woyi\AppData\Roaming\Code\User\globalStorage\redhat.java\1.4.0\config_win -data c:\Users\Woyi\AppData\Roaming\Code\User\workspaceStorage\72a52f48ab5fef7502c5d8c379e6b950\redhat.java\jdt_ws
java_class_path (initial): c:\Users\Woyi\.vscode\extensions\redhat.java-1.4.0\server\plugins\org.eclipse.equinox.launcher_1.6.400.v20210924-0641.jar
Launcher Type: SUN_STANDARD

[Global flags]
    uintx AdaptiveSizePolicyWeight                 = 90                                        {product} {command line}
     intx CICompilerCount                          = 3                                         {product} {ergonomic}
    uintx GCTimeRatio                              = 4                                         {product} {command line}
     bool HeapDumpOnOutOfMemoryError               = true                                   {manageable} {command line}
    ccstr HeapDumpPath                             = c:\Users\Woyi\AppData\Roaming\Code\User\workspaceStorage\72a52f48ab5fef7502c5d8c379e6b950\redhat.java         {manageable} {command line}
   size_t InitialHeapSize                          = 104857600                                 {product} {command line}
   size_t MaxHeapSize                              = 1073741824                                {product} {command line}
   size_t MaxNewSize                               = 357564416                                 {product} {ergonomic}
   size_t MinHeapDeltaBytes                        = 524288                                    {product} {ergonomic}
   size_t MinHeapSize                              = 104857600                                 {product} {command line}
   size_t NewSize                                  = 34603008                                  {product} {ergonomic}
    uintx NonNMethodCodeHeapSize                   = 5832780                                {pd product} {ergonomic}
    uintx NonProfiledCodeHeapSize                  = 122912730                              {pd product} {ergonomic}
   size_t OldSize                                  = 70254592                                  {product} {ergonomic}
    uintx ProfiledCodeHeapSize                     = 122912730                              {pd product} {ergonomic}
    uintx ReservedCodeCacheSize                    = 251658240                              {pd product} {ergonomic}
     bool SegmentedCodeCache                       = true                                      {product} {ergonomic}
   size_t SoftMaxHeapSize                          = 1073741824                             {manageable} {ergonomic}
     bool UseCompressedClassPointers               = true                           {product lp64_product} {ergonomic}
     bool UseCompressedOops                        = true                           {product lp64_product} {ergonomic}
     bool UseLargePagesIndividualAllocation        = false                                  {pd product} {ergonomic}
     bool UseParallelGC                            = true                                      {product} {command line}

Logging:
Log output configuration:
 #0: stdout all=warning uptime,level,tags
 #1: stderr all=off uptime,level,tags

Environment Variables:
JAVA_HOME=O:\Java\jdk-17.0.2
PATH=C:\Program Files\Common Files\Oracle\Java\javapath;C:\Program Files (x86)\Common Files\Oracle\Java\javapath;C:\Program Files (x86)\AdoptOpenJDK\jdk-8.0.232.09-hotspot\bin;C:\WINDOWS\system32;C:\WINDOWS;C:\WINDOWS\System32\Wbem;C:\WINDOWS\System32\WindowsPowerShell\v1.0\;C:\WINDOWS\System32\OpenSSH\;C:\Program Files (x86)\QuickTime Alternative\QTSystem;C:\Program Files\PuTTY\;C:\xampp\php;C:\ProgramData\ComposerSetup\bin;O:\nodejs\;O:\Git\Git\cmd;O:\Git\Git\mingw64\bin;O:\Git\Git\usr\bin;C:\Program Files (x86)\QuickTime Alternative\QTSystem\;C:\Program Files\Go\bin;C:\Program Files\apache-maven-3.8.4\bin;O:\Java\jdk-17.0.2;C:\Users\Woyi\AppData\Local\Programs\Python\Python39\Scripts\;C:\Users\Woyi\AppData\Local\Programs\Python\Python39\;C:\Users\Woyi\AppData\Local\Programs\Python\Python37-32\Scripts\;C:\Users\Woyi\AppData\Local\Programs\Python\Python37-32\;C:\Users\Woyi\AppData\Local\Microsoft\WindowsApps;C:\Users\Woyi\AppData\Local\Programs\Microsoft VS Code\bin;C:\Users\Woyi\AppData\Roaming\Composer\vendor\bin;C:\Users\Woyi\AppData\Roaming\npm;C:\Users\Woyi\Downloads\Compressed\sqlite3;C:\Users\Woyi\go\bin;O:\Java\jdk-17.0.2\bin;D:\New\Downloads\Programs\IntelliJ IDEA Community Edition 2019.2.4\bin;;
USERNAME=Woyi
OS=Windows_NT
PROCESSOR_IDENTIFIER=Intel64 Family 6 Model 58 Stepping 9, GenuineIntel



---------------  S Y S T E M  ---------------

OS:
 Windows 10 , 64 bit Build 19041 (10.0.19041.1503)
OS uptime: 0 days 6:49 hours

CPU: total 4 (initial active 4) (2 cores per cpu, 2 threads per core) family 6 model 58 stepping 9 microcode 0x21, cx8, cmov, fxsr, ht, mmx, sse, sse2, sse3, ssse3, sse4.1, sse4.2, popcnt, tsc, tscinvbit, avx, aes, erms, clmul, vzeroupper, clflush

Memory: 4k page, system-wide physical 3959M (466M free)
TotalPageFile size 5179M (AvailPageFile size 1M)
current process WorkingSet (physical memory assigned to process): 131M, peak: 131M
current process commit charge ("private bytes"): 224M, peak: 224M

vm_info: Java HotSpot(TM) 64-Bit Server VM (17.0.2+8-LTS-86) for windows-amd64 JRE (17.0.2+8-LTS-86), built on Dec  7 2021 21:51:03 by "mach5one" with MS VC++ 16.8 / 16.9 (VS2019)

END.
