#
# There is insufficient memory for the Java Runtime Environment to continue.
# Native memory allocation (malloc) failed to allocate 821408 bytes for Chunk::new
# Possible reasons:
#   The system is out of physical RAM or swap space
#   The process is running with CompressedOops enabled, and the Java Heap may be blocking the growth of the native heap
# Possible solutions:
#   Reduce memory load on the system
#   Increase physical memory or swap space
#   Check if swap backing store is full
#   Decrease Java heap size (-Xmx/-Xms)
#   Decrease number of Java threads
#   Decrease Java thread stack sizes (-Xss)
#   Set larger code cache with -XX:ReservedCodeCacheSize=
#   JVM is running with Unscaled Compressed Oops mode in which the Java heap is
#     placed in the first 4GB address space. The Java Heap base address is the
#     maximum limit for the native heap growth. Please use -XX:HeapBaseMinAddress
#     to set the Java Heap base and to place the Java Heap above 4GB virtual address.
# This output file may be truncated or incomplete.
#
#  Out of Memory Error (arena.cpp:189), pid=11980, tid=11032
#
# JRE version: Java(TM) SE Runtime Environment (17.0.2+8) (build 17.0.2+8-LTS-86)
# Java VM: Java HotSpot(TM) 64-Bit Server VM (17.0.2+8-LTS-86, mixed mode, sharing, tiered, compressed oops, compressed class ptrs, parallel gc, windows-amd64)
# No core dump will be written. Minidumps are not enabled by default on client versions of Windows
#

---------------  S U M M A R Y ------------

Command Line: --add-modules=ALL-SYSTEM --add-opens=java.base/java.util=ALL-UNNAMED --add-opens=java.base/java.lang=ALL-UNNAMED --add-opens=java.base/sun.nio.fs=ALL-UNNAMED -Declipse.application=org.eclipse.jdt.ls.core.id1 -Dosgi.bundles.defaultStartLevel=4 -Declipse.product=org.eclipse.jdt.ls.core.product -Djava.import.generatesMetadataFilesAtProjectRoot=false -Dfile.encoding=utf8 -DwatchParentProcess=false -XX:+UseParallelGC -XX:GCTimeRatio=4 -XX:AdaptiveSizePolicyWeight=90 -Dsun.zip.disableMemoryMapping=true -Xmx1G -Xms100m -XX:+HeapDumpOnOutOfMemoryError -XX:HeapDumpPath=c:\Users\Woyi\AppData\Roaming\Code\User\workspaceStorage\72a52f48ab5fef7502c5d8c379e6b950\redhat.java c:\Users\Woyi\.vscode\extensions\redhat.java-1.4.0\server\plugins\org.eclipse.equinox.launcher_1.6.400.v20210924-0641.jar -configuration c:\Users\Woyi\AppData\Roaming\Code\User\globalStorage\redhat.java\1.4.0\config_win -data c:\Users\Woyi\AppData\Roaming\Code\User\workspaceStorage\72a52f48ab5fef7502c5d8c379e6b950\redhat.java\jdt_ws

Host: Intel(R) Core(TM) i5-3427U CPU @ 1.80GHz, 4 cores, 3G,  Windows 10 , 64 bit Build 19041 (10.0.19041.1503)
Time: Thu Mar 10 23:18:06 2022 Malay Peninsula Standard Time elapsed time: 34.840177 seconds (0d 0h 0m 34s)

---------------  T H R E A D  ---------------

Current thread (0x00000232d55bfa80):  JavaThread "C2 CompilerThread0" daemon [_thread_in_native, id=11032, stack(0x000000f9cb700000,0x000000f9cb800000)]


Current CompileTask:
C2:  34840 6553   !   4       org.eclipse.jdt.internal.core.builder.ClasspathMultiReleaseJar::findClass (255 bytes)

Stack: [0x000000f9cb700000,0x000000f9cb800000]
Native frames: (J=compiled Java code, j=interpreted, Vv=VM code, C=native code)
V  [jvm.dll+0x670baa]
V  [jvm.dll+0x7cfcb4]
V  [jvm.dll+0x7d145e]
V  [jvm.dll+0x7d1ac3]
V  [jvm.dll+0x242bc5]
V  [jvm.dll+0xaa57b]
V  [jvm.dll+0xaab0c]
V  [jvm.dll+0x35fd07]
V  [jvm.dll+0x1b9b68]
V  [jvm.dll+0x215de9]
V  [jvm.dll+0x2150b1]
V  [jvm.dll+0x1a1bbd]
V  [jvm.dll+0x224908]
V  [jvm.dll+0x222a6c]
V  [jvm.dll+0x7859bb]
V  [jvm.dll+0x77ff7a]
V  [jvm.dll+0x66fa35]
C  [ucrtbase.dll+0x21bb2]
C  [KERNEL32.DLL+0x17034]
C  [ntdll.dll+0x52651]


---------------  P R O C E S S  ---------------

Threads class SMR info:
_java_thread_list=0x00000232dd33bf60, length=28, elements={
0x00000232bcc2b160, 0x00000232d55ab890, 0x00000232d55ad520, 0x00000232d55ba9d0,
0x00000232d55bb580, 0x00000232d55bc130, 0x00000232d55bcce0, 0x00000232d55bfa80,
0x00000232d55c2600, 0x00000232d562a230, 0x00000232d5500ac0, 0x00000232d709ee70,
0x00000232d7715a80, 0x00000232d76091f0, 0x00000232d760a340, 0x00000232d7606250,
0x00000232d8c78dc0, 0x00000232d8db46f0, 0x00000232d92a91e0, 0x00000232d92a7500,
0x00000232d92a79d0, 0x00000232d92a6690, 0x00000232d92a7ea0, 0x00000232d92a8370,
0x00000232d92a96b0, 0x00000232dc1f15b0, 0x00000232d73f7110, 0x00000232dc1ef8d0
}

Java Threads: ( => current thread )
  0x00000232bcc2b160 JavaThread "main" [_thread_blocked, id=6168, stack(0x000000f9cad00000,0x000000f9cae00000)]
  0x00000232d55ab890 JavaThread "Reference Handler" daemon [_thread_blocked, id=6568, stack(0x000000f9cb100000,0x000000f9cb200000)]
  0x00000232d55ad520 JavaThread "Finalizer" daemon [_thread_blocked, id=9556, stack(0x000000f9cb200000,0x000000f9cb300000)]
  0x00000232d55ba9d0 JavaThread "Signal Dispatcher" daemon [_thread_blocked, id=10028, stack(0x000000f9cb300000,0x000000f9cb400000)]
  0x00000232d55bb580 JavaThread "Attach Listener" daemon [_thread_blocked, id=10324, stack(0x000000f9cb400000,0x000000f9cb500000)]
  0x00000232d55bc130 JavaThread "Service Thread" daemon [_thread_blocked, id=960, stack(0x000000f9cb500000,0x000000f9cb600000)]
  0x00000232d55bcce0 JavaThread "Monitor Deflation Thread" daemon [_thread_blocked, id=6728, stack(0x000000f9cb600000,0x000000f9cb700000)]
=>0x00000232d55bfa80 JavaThread "C2 CompilerThread0" daemon [_thread_in_native, id=11032, stack(0x000000f9cb700000,0x000000f9cb800000)]
  0x00000232d55c2600 JavaThread "C1 CompilerThread0" daemon [_thread_in_native, id=4764, stack(0x000000f9cb800000,0x000000f9cb900000)]
  0x00000232d562a230 JavaThread "Sweeper thread" daemon [_thread_blocked, id=11612, stack(0x000000f9cb900000,0x000000f9cba00000)]
  0x00000232d5500ac0 JavaThread "Common-Cleaner" daemon [_thread_blocked, id=11496, stack(0x000000f9cba00000,0x000000f9cbb00000)]
  0x00000232d709ee70 JavaThread "Notification Thread" daemon [_thread_blocked, id=8720, stack(0x000000f9cbb00000,0x000000f9cbc00000)]
  0x00000232d7715a80 JavaThread "Active Thread: Equinox Container: aa5ad6cc-211f-4755-b746-6ca40914a553" [_thread_blocked, id=7996, stack(0x000000f9cbd00000,0x000000f9cbe00000)]
  0x00000232d76091f0 JavaThread "Framework Event Dispatcher: Equinox Container: aa5ad6cc-211f-4755-b746-6ca40914a553" daemon [_thread_blocked, id=3140, stack(0x000000f9cbe00000,0x000000f9cbf00000)]
  0x00000232d760a340 JavaThread "Start Level: Equinox Container: aa5ad6cc-211f-4755-b746-6ca40914a553" daemon [_thread_blocked, id=11448, stack(0x000000f9cbf00000,0x000000f9cc000000)]
  0x00000232d7606250 JavaThread "SCR Component Actor" daemon [_thread_blocked, id=11884, stack(0x000000f9cc300000,0x000000f9cc400000)]
  0x00000232d8c78dc0 JavaThread "Bundle File Closer" daemon [_thread_blocked, id=8696, stack(0x000000f9cc500000,0x000000f9cc600000)]
  0x00000232d8db46f0 JavaThread "Worker-JM" [_thread_blocked, id=2544, stack(0x000000f9cc600000,0x000000f9cc700000)]
  0x00000232d92a91e0 JavaThread "Worker-0: Initialize workspace" [_thread_blocked, id=2324, stack(0x000000f9cc800000,0x000000f9cc900000)]
  0x00000232d92a7500 JavaThread "Worker-1: Building" [_thread_blocked, id=11552, stack(0x000000f9cc700000,0x000000f9cc800000)]
  0x00000232d92a79d0 JavaThread "Worker-2" [_thread_blocked, id=3240, stack(0x000000f9cc900000,0x000000f9cca00000)]
  0x00000232d92a6690 JavaThread "Java indexing" daemon [_thread_blocked, id=3320, stack(0x000000f9ccb00000,0x000000f9ccc00000)]
  0x00000232d92a7ea0 JavaThread "pool-2-thread-1" [_thread_in_native, id=10984, stack(0x000000f9cc400000,0x000000f9cc500000)]
  0x00000232d92a8370 JavaThread "Worker-3" [_thread_blocked, id=1844, stack(0x000000f9ccc00000,0x000000f9ccd00000)]
  0x00000232d92a96b0 JavaThread "Worker-4" [_thread_blocked, id=11236, stack(0x000000f9ccd00000,0x000000f9cce00000)]
  0x00000232dc1f15b0 JavaThread "ForkJoinPool.commonPool-worker-1" daemon [_thread_blocked, id=1828, stack(0x000000f9cab00000,0x000000f9cac00000)]
  0x00000232d73f7110 JavaThread "C2 CompilerThread1" daemon [_thread_in_native, id=10860, stack(0x000000f9ccf00000,0x000000f9cd000000)]
  0x00000232dc1ef8d0 JavaThread "Compiler Processing Task" daemon [_thread_in_vm, id=2036, stack(0x000000f9cd000000,0x000000f9cd100000)]

Other Threads:
  0x00000232bccf8e50 VMThread "VM Thread" [stack: 0x000000f9cb000000,0x000000f9cb100000] [id=11928]
  0x00000232d70a0350 WatcherThread [stack: 0x000000f9cbc00000,0x000000f9cbd00000] [id=7440]
  0x00000232bcc40080 GCTaskThread "GC Thread#0" [stack: 0x000000f9caf00000,0x000000f9cb000000] [id=10840]
  0x00000232d7411a70 GCTaskThread "GC Thread#1" [stack: 0x000000f9cc000000,0x000000f9cc100000] [id=9700]
  0x00000232d74f9510 GCTaskThread "GC Thread#2" [stack: 0x000000f9cc100000,0x000000f9cc200000] [id=9364]
  0x00000232d75032a0 GCTaskThread "GC Thread#3" [stack: 0x000000f9cc200000,0x000000f9cc300000] [id=120]

Threads with active compile tasks:
C2 CompilerThread0    34926 6553   !   4       org.eclipse.jdt.internal.core.builder.ClasspathMultiReleaseJar::findClass (255 bytes)
C1 CompilerThread0    34926 6710       3       org.eclipse.jdt.internal.compiler.lookup.Scope$Substitutor::substitute (850 bytes)
C2 CompilerThread1    34926 6611       4       org.eclipse.jdt.internal.compiler.lookup.BinaryTypeBinding::createMethod (1687 bytes)

VM state: not at safepoint (normal execution)

VM Mutex/Monitor currently owned by a thread: None

Heap address: 0x00000000c0000000, size: 1024 MB, Compressed Oops mode: 32-bit

CDS archive(s) mapped at: [0x0000000800000000-0x0000000800bc0000-0x0000000800bc0000), size 12320768, SharedBaseAddress: 0x0000000800000000, ArchiveRelocationMode: 0.
Compressed class space mapped at: 0x0000000800c00000-0x0000000840c00000, reserved size: 1073741824
Narrow klass base: 0x0000000800000000, Narrow klass shift: 0, Narrow klass range: 0x100000000

GC Precious Log:
 CPUs: 4 total, 4 available
 Memory: 3959M
 Large Page Support: Disabled
 NUMA Support: Disabled
 Compressed Oops: Enabled (32-bit)
 Alignments: Space 512K, Generation 512K, Heap 2M
 Heap Min Capacity: 100M
 Heap Initial Capacity: 100M
 Heap Max Capacity: 1G
 Pre-touch: Disabled
 Parallel Workers: 4

Heap:
 PSYoungGen      total 20480K, used 4714K [0x00000000eab00000, 0x00000000ec300000, 0x0000000100000000)
  eden space 17408K, 10% used [0x00000000eab00000,0x00000000eacd0de0,0x00000000ebc00000)
  from space 3072K, 92% used [0x00000000ebc00000,0x00000000ebec9dd0,0x00000000ebf00000)
  to   space 3584K, 0% used [0x00000000ebf80000,0x00000000ebf80000,0x00000000ec300000)
 ParOldGen       total 68608K, used 37514K [0x00000000c0000000, 0x00000000c4300000, 0x00000000eab00000)
  object space 68608K, 54% used [0x00000000c0000000,0x00000000c24a2b18,0x00000000c4300000)
 Metaspace       used 49843K, committed 50624K, reserved 1097728K
  class space    used 5313K, committed 5632K, reserved 1048576K

Card table byte_map: [0x00000232bc5f0000,0x00000232bc800000] _byte_map_base: 0x00000232bbff0000

Marking Bits: (ParMarkBitMap*) 0x00007ff8a18a43c0
 Begin Bits: [0x00000232d3480000, 0x00000232d4480000)
 End Bits:   [0x00000232d4480000, 0x00000232d5480000)

Polling page: 0x00000232bac30000

Metaspace:

Usage:
  Non-class:     43.49 MB used.
      Class:      5.19 MB used.
       Both:     48.67 MB used.

Virtual space:
  Non-class space:       48.00 MB reserved,      43.94 MB ( 92%) committed,  6 nodes.
      Class space:        1.00 GB reserved,       5.50 MB ( <1%) committed,  1 nodes.
             Both:        1.05 GB reserved,      49.44 MB (  5%) committed. 

Chunk freelists:
   Non-Class:  3.78 MB
       Class:  2.50 MB
        Both:  6.28 MB

MaxMetaspaceSize: unlimited
CompressedClassSpaceSize: 1.00 GB
Initial GC threshold: 21.00 MB
Current GC threshold: 58.38 MB
CDS: on
MetaspaceReclaimPolicy: balanced
 - commit_granule_bytes: 65536.
 - commit_granule_words: 8192.
 - virtual_space_node_default_size: 1048576.
 - enlarge_chunks_in_place: 1.
 - new_chunks_are_fully_committed: 0.
 - uncommit_free_chunks: 1.
 - use_allocation_guard: 0.
 - handle_deallocations: 1.


Internal statistics:

num_allocs_failed_limit: 6.
num_arena_births: 370.
num_arena_deaths: 0.
num_vsnodes_births: 7.
num_vsnodes_deaths: 0.
num_space_committed: 791.
num_space_uncommitted: 0.
num_chunks_returned_to_freelist: 6.
num_chunks_taken_from_freelist: 2453.
num_chunk_merges: 3.
num_chunk_splits: 1586.
num_chunks_enlarged: 1005.
num_purges: 0.
num_inconsistent_stats: 0.

CodeHeap 'non-profiled nmethods': size=120000Kb used=3449Kb max_used=3449Kb free=116550Kb
 bounds [0x00000232cbf50000, 0x00000232cc2b0000, 0x00000232d3480000]
CodeHeap 'profiled nmethods': size=120000Kb used=12454Kb max_used=12454Kb free=107545Kb
 bounds [0x00000232c4a20000, 0x00000232c5650000, 0x00000232cbf50000]
CodeHeap 'non-nmethods': size=5760Kb used=1312Kb max_used=1371Kb free=4447Kb
 bounds [0x00000232c4480000, 0x00000232c46f0000, 0x00000232c4a20000]
 total_blobs=6527 nmethods=5877 adapters=562
 compilation: enabled
              stopped_count=0, restarted_count=0
 full_count=0

Compilation events (20 events):
Event: 34.827 Thread 0x00000232d55c2600 6634       3       org.eclipse.jdt.internal.compiler.parser.Scanner::getNextToken (179 bytes)
Event: 34.828 Thread 0x00000232d55c2600 nmethod 6634 0x00000232c5626010 code [0x00000232c5626260, 0x00000232c5626e78]
Event: 34.828 Thread 0x00000232d55c2600 6635       3       org.eclipse.jdt.internal.compiler.parser.Parser::pushOnExpressionStack (106 bytes)
Event: 34.829 Thread 0x00000232d55c2600 nmethod 6635 0x00000232c5627110 code [0x00000232c56272e0, 0x00000232c56278f8]
Event: 34.829 Thread 0x00000232d55c2600 6636       3       org.eclipse.jdt.core.compiler.CharOperation::arrayConcat (47 bytes)
Event: 34.829 Thread 0x00000232d55c2600 nmethod 6636 0x00000232c5627b10 code [0x00000232c5627ce0, 0x00000232c5628098]
Event: 34.829 Thread 0x00000232d55c2600 6637       3       org.eclipse.jdt.internal.compiler.lookup.SplitPackageBinding::combine (73 bytes)
Event: 34.830 Thread 0x00000232d55c2600 nmethod 6637 0x00000232c5628210 code [0x00000232c5628460, 0x00000232c5628f78]
Event: 34.830 Thread 0x00000232d55c2600 6638       3       org.eclipse.jdt.internal.compiler.lookup.PackageBinding::addType (234 bytes)
Event: 34.832 Thread 0x00000232d55c2600 nmethod 6638 0x00000232c5629290 code [0x00000232c56295a0, 0x00000232c562ac98]
Event: 34.832 Thread 0x00000232d55c2600 6639       3       org.eclipse.jdt.internal.compiler.lookup.ImportBinding::<init> (26 bytes)
Event: 34.832 Thread 0x00000232d55c2600 nmethod 6639 0x00000232c562b290 code [0x00000232c562b440, 0x00000232c562b658]
Event: 34.834 Thread 0x00000232d55c2600 6640       3       org.eclipse.jdt.internal.compiler.lookup.TypeSystem::getArrayType (7 bytes)
Event: 34.834 Thread 0x00000232d55c2600 nmethod 6640 0x00000232c562b790 code [0x00000232c562b940, 0x00000232c562bb08]
Event: 34.834 Thread 0x00000232d55c2600 6641       3       org.eclipse.jdt.internal.compiler.lookup.AnnotatableTypeSystem::flattenedAnnotations (146 bytes)
Event: 34.835 Thread 0x00000232d55c2600 nmethod 6641 0x00000232c562bc10 code [0x00000232c562be20, 0x00000232c562c6f8]
Event: 34.835 Thread 0x00000232d55c2600 6642       1       org.eclipse.jdt.internal.compiler.classfmt.ClassFileReader::getAnnotations (5 bytes)
Event: 34.835 Thread 0x00000232d55c2600 nmethod 6642 0x00000232cc2ab190 code [0x00000232cc2ab320, 0x00000232cc2ab3f8]
Event: 34.835 Thread 0x00000232d55c2600 6643       3       org.eclipse.jdt.internal.compiler.classfmt.AnnotationInfo::<init> (18 bytes)
Event: 34.835 Thread 0x00000232d55c2600 nmethod 6643 0x00000232c562c990 code [0x00000232c562cb40, 0x00000232c562cd58]

GC Heap History (20 events):
Event: 22.082 GC heap before
{Heap before GC invocations=19 (full 2):
 PSYoungGen      total 22016K, used 21984K [0x00000000eab00000, 0x00000000ecb80000, 0x0000000100000000)
  eden space 19456K, 100% used [0x00000000eab00000,0x00000000ebe00000,0x00000000ebe00000)
  from space 2560K, 98% used [0x00000000ec380000,0x00000000ec5f8020,0x00000000ec600000)
  to   space 5632K, 0% used [0x00000000ebe00000,0x00000000ebe00000,0x00000000ec380000)
 ParOldGen       total 68608K, used 22773K [0x00000000c0000000, 0x00000000c4300000, 0x00000000eab00000)
  object space 68608K, 33% used [0x00000000c0000000,0x00000000c163d610,0x00000000c4300000)
 Metaspace       used 43852K, committed 44608K, reserved 1089536K
  class space    used 4771K, committed 5120K, reserved 1048576K
}
Event: 22.088 GC heap after
{Heap after GC invocations=19 (full 2):
 PSYoungGen      total 22016K, used 2144K [0x00000000eab00000, 0x00000000ec500000, 0x0000000100000000)
  eden space 19456K, 0% used [0x00000000eab00000,0x00000000eab00000,0x00000000ebe00000)
  from space 2560K, 83% used [0x00000000ebe00000,0x00000000ec018000,0x00000000ec080000)
  to   space 3584K, 0% used [0x00000000ec180000,0x00000000ec180000,0x00000000ec500000)
 ParOldGen       total 68608K, used 25321K [0x00000000c0000000, 0x00000000c4300000, 0x00000000eab00000)
  object space 68608K, 36% used [0x00000000c0000000,0x00000000c18ba540,0x00000000c4300000)
 Metaspace       used 43852K, committed 44608K, reserved 1089536K
  class space    used 4771K, committed 5120K, reserved 1048576K
}
Event: 22.195 GC heap before
{Heap before GC invocations=20 (full 2):
 PSYoungGen      total 22016K, used 21600K [0x00000000eab00000, 0x00000000ec500000, 0x0000000100000000)
  eden space 19456K, 100% used [0x00000000eab00000,0x00000000ebe00000,0x00000000ebe00000)
  from space 2560K, 83% used [0x00000000ebe00000,0x00000000ec018000,0x00000000ec080000)
  to   space 3584K, 0% used [0x00000000ec180000,0x00000000ec180000,0x00000000ec500000)
 ParOldGen       total 68608K, used 25321K [0x00000000c0000000, 0x00000000c4300000, 0x00000000eab00000)
  object space 68608K, 36% used [0x00000000c0000000,0x00000000c18ba540,0x00000000c4300000)
 Metaspace       used 43852K, committed 44608K, reserved 1089536K
  class space    used 4771K, committed 5120K, reserved 1048576K
}
Event: 22.200 GC heap after
{Heap after GC invocations=20 (full 2):
 PSYoungGen      total 22016K, used 2336K [0x00000000eab00000, 0x00000000ec400000, 0x0000000100000000)
  eden space 19456K, 0% used [0x00000000eab00000,0x00000000eab00000,0x00000000ebe00000)
  from space 2560K, 91% used [0x00000000ec180000,0x00000000ec3c8010,0x00000000ec400000)
  to   space 2560K, 0% used [0x00000000ebe00000,0x00000000ebe00000,0x00000000ec080000)
 ParOldGen       total 68608K, used 27433K [0x00000000c0000000, 0x00000000c4300000, 0x00000000eab00000)
  object space 68608K, 39% used [0x00000000c0000000,0x00000000c1aca540,0x00000000c4300000)
 Metaspace       used 43852K, committed 44608K, reserved 1089536K
  class space    used 4771K, committed 5120K, reserved 1048576K
}
Event: 23.019 GC heap before
{Heap before GC invocations=21 (full 2):
 PSYoungGen      total 22016K, used 21760K [0x00000000eab00000, 0x00000000ec400000, 0x0000000100000000)
  eden space 19456K, 99% used [0x00000000eab00000,0x00000000ebdf8240,0x00000000ebe00000)
  from space 2560K, 91% used [0x00000000ec180000,0x00000000ec3c8010,0x00000000ec400000)
  to   space 2560K, 0% used [0x00000000ebe00000,0x00000000ebe00000,0x00000000ec080000)
 ParOldGen       total 68608K, used 27433K [0x00000000c0000000, 0x00000000c4300000, 0x00000000eab00000)
  object space 68608K, 39% used [0x00000000c0000000,0x00000000c1aca540,0x00000000c4300000)
 Metaspace       used 44373K, committed 45120K, reserved 1089536K
  class space    used 4819K, committed 5120K, reserved 1048576K
}
Event: 23.025 GC heap after
{Heap after GC invocations=21 (full 2):
 PSYoungGen      total 22016K, used 2351K [0x00000000eab00000, 0x00000000ec300000, 0x0000000100000000)
  eden space 19456K, 0% used [0x00000000eab00000,0x00000000eab00000,0x00000000ebe00000)
  from space 2560K, 91% used [0x00000000ebe00000,0x00000000ec04bf60,0x00000000ec080000)
  to   space 2560K, 0% used [0x00000000ec080000,0x00000000ec080000,0x00000000ec300000)
 ParOldGen       total 68608K, used 29689K [0x00000000c0000000, 0x00000000c4300000, 0x00000000eab00000)
  object space 68608K, 43% used [0x00000000c0000000,0x00000000c1cfe550,0x00000000c4300000)
 Metaspace       used 44373K, committed 45120K, reserved 1089536K
  class space    used 4819K, committed 5120K, reserved 1048576K
}
Event: 23.640 GC heap before
{Heap before GC invocations=22 (full 2):
 PSYoungGen      total 22016K, used 21787K [0x00000000eab00000, 0x00000000ec300000, 0x0000000100000000)
  eden space 19456K, 99% used [0x00000000eab00000,0x00000000ebdfb008,0x00000000ebe00000)
  from space 2560K, 91% used [0x00000000ebe00000,0x00000000ec04bf60,0x00000000ec080000)
  to   space 2560K, 0% used [0x00000000ec080000,0x00000000ec080000,0x00000000ec300000)
 ParOldGen       total 68608K, used 29689K [0x00000000c0000000, 0x00000000c4300000, 0x00000000eab00000)
  object space 68608K, 43% used [0x00000000c0000000,0x00000000c1cfe550,0x00000000c4300000)
 Metaspace       used 45491K, committed 46336K, reserved 1097728K
  class space    used 4911K, committed 5248K, reserved 1048576K
}
Event: 23.644 GC heap after
{Heap after GC invocations=22 (full 2):
 PSYoungGen      total 20480K, used 787K [0x00000000eab00000, 0x00000000ec180000, 0x0000000100000000)
  eden space 19456K, 0% used [0x00000000eab00000,0x00000000eab00000,0x00000000ebe00000)
  from space 1024K, 76% used [0x00000000ec080000,0x00000000ec144d78,0x00000000ec180000)
  to   space 1536K, 0% used [0x00000000ebe80000,0x00000000ebe80000,0x00000000ec000000)
 ParOldGen       total 68608K, used 31901K [0x00000000c0000000, 0x00000000c4300000, 0x00000000eab00000)
  object space 68608K, 46% used [0x00000000c0000000,0x00000000c1f27700,0x00000000c4300000)
 Metaspace       used 45491K, committed 46336K, reserved 1097728K
  class space    used 4911K, committed 5248K, reserved 1048576K
}
Event: 26.058 GC heap before
{Heap before GC invocations=23 (full 2):
 PSYoungGen      total 20480K, used 20243K [0x00000000eab00000, 0x00000000ec180000, 0x0000000100000000)
  eden space 19456K, 100% used [0x00000000eab00000,0x00000000ebe00000,0x00000000ebe00000)
  from space 1024K, 76% used [0x00000000ec080000,0x00000000ec144d78,0x00000000ec180000)
  to   space 1536K, 0% used [0x00000000ebe80000,0x00000000ebe80000,0x00000000ec000000)
 ParOldGen       total 68608K, used 31901K [0x00000000c0000000, 0x00000000c4300000, 0x00000000eab00000)
  object space 68608K, 46% used [0x00000000c0000000,0x00000000c1f27700,0x00000000c4300000)
 Metaspace       used 46749K, committed 47488K, reserved 1097728K
  class space    used 5052K, committed 5376K, reserved 1048576K
}
Event: 26.060 GC heap after
{Heap after GC invocations=23 (full 2):
 PSYoungGen      total 20992K, used 758K [0x00000000eab00000, 0x00000000ec100000, 0x0000000100000000)
  eden space 19456K, 0% used [0x00000000eab00000,0x00000000eab00000,0x00000000ebe00000)
  from space 1536K, 49% used [0x00000000ebe80000,0x00000000ebf3dba0,0x00000000ec000000)
  to   space 1024K, 0% used [0x00000000ec000000,0x00000000ec000000,0x00000000ec100000)
 ParOldGen       total 68608K, used 32583K [0x00000000c0000000, 0x00000000c4300000, 0x00000000eab00000)
  object space 68608K, 47% used [0x00000000c0000000,0x00000000c1fd1e80,0x00000000c4300000)
 Metaspace       used 46749K, committed 47488K, reserved 1097728K
  class space    used 5052K, committed 5376K, reserved 1048576K
}
Event: 28.689 GC heap before
{Heap before GC invocations=24 (full 2):
 PSYoungGen      total 20992K, used 20214K [0x00000000eab00000, 0x00000000ec100000, 0x0000000100000000)
  eden space 19456K, 100% used [0x00000000eab00000,0x00000000ebe00000,0x00000000ebe00000)
  from space 1536K, 49% used [0x00000000ebe80000,0x00000000ebf3dba0,0x00000000ec000000)
  to   space 1024K, 0% used [0x00000000ec000000,0x00000000ec000000,0x00000000ec100000)
 ParOldGen       total 68608K, used 32583K [0x00000000c0000000, 0x00000000c4300000, 0x00000000eab00000)
  object space 68608K, 47% used [0x00000000c0000000,0x00000000c1fd1e80,0x00000000c4300000)
 Metaspace       used 46760K, committed 47488K, reserved 1097728K
  class space    used 5052K, committed 5376K, reserved 1048576K
}
Event: 28.690 GC heap after
{Heap after GC invocations=24 (full 2):
 PSYoungGen      total 19968K, used 448K [0x00000000eab00000, 0x00000000ec080000, 0x0000000100000000)
  eden space 19456K, 0% used [0x00000000eab00000,0x00000000eab00000,0x00000000ebe00000)
  from space 512K, 87% used [0x00000000ec000000,0x00000000ec070000,0x00000000ec080000)
  to   space 1024K, 0% used [0x00000000ebe80000,0x00000000ebe80000,0x00000000ebf80000)
 ParOldGen       total 68608K, used 32854K [0x00000000c0000000, 0x00000000c4300000, 0x00000000eab00000)
  object space 68608K, 47% used [0x00000000c0000000,0x00000000c2015800,0x00000000c4300000)
 Metaspace       used 46760K, committed 47488K, reserved 1097728K
  class space    used 5052K, committed 5376K, reserved 1048576K
}
Event: 30.660 GC heap before
{Heap before GC invocations=25 (full 2):
 PSYoungGen      total 19968K, used 19904K [0x00000000eab00000, 0x00000000ec080000, 0x0000000100000000)
  eden space 19456K, 100% used [0x00000000eab00000,0x00000000ebe00000,0x00000000ebe00000)
  from space 512K, 87% used [0x00000000ec000000,0x00000000ec070000,0x00000000ec080000)
  to   space 1024K, 0% used [0x00000000ebe80000,0x00000000ebe80000,0x00000000ebf80000)
 ParOldGen       total 68608K, used 32854K [0x00000000c0000000, 0x00000000c4300000, 0x00000000eab00000)
  object space 68608K, 47% used [0x00000000c0000000,0x00000000c2015800,0x00000000c4300000)
 Metaspace       used 46765K, committed 47488K, reserved 1097728K
  class space    used 5052K, committed 5376K, reserved 1048576K
}
Event: 30.660 GC heap after
{Heap after GC invocations=25 (full 2):
 PSYoungGen      total 20480K, used 352K [0x00000000eab00000, 0x00000000ec080000, 0x0000000100000000)
  eden space 19456K, 0% used [0x00000000eab00000,0x00000000eab00000,0x00000000ebe00000)
  from space 1024K, 34% used [0x00000000ebe80000,0x00000000ebed8000,0x00000000ebf80000)
  to   space 512K, 0% used [0x00000000ec000000,0x00000000ec000000,0x00000000ec080000)
 ParOldGen       total 68608K, used 32966K [0x00000000c0000000, 0x00000000c4300000, 0x00000000eab00000)
  object space 68608K, 48% used [0x00000000c0000000,0x00000000c2031800,0x00000000c4300000)
 Metaspace       used 46765K, committed 47488K, reserved 1097728K
  class space    used 5052K, committed 5376K, reserved 1048576K
}
Event: 32.813 GC heap before
{Heap before GC invocations=26 (full 2):
 PSYoungGen      total 20480K, used 19808K [0x00000000eab00000, 0x00000000ec080000, 0x0000000100000000)
  eden space 19456K, 100% used [0x00000000eab00000,0x00000000ebe00000,0x00000000ebe00000)
  from space 1024K, 34% used [0x00000000ebe80000,0x00000000ebed8000,0x00000000ebf80000)
  to   space 512K, 0% used [0x00000000ec000000,0x00000000ec000000,0x00000000ec080000)
 ParOldGen       total 68608K, used 32966K [0x00000000c0000000, 0x00000000c4300000, 0x00000000eab00000)
  object space 68608K, 48% used [0x00000000c0000000,0x00000000c2031800,0x00000000c4300000)
 Metaspace       used 46911K, committed 47744K, reserved 1097728K
  class space    used 5073K, committed 5376K, reserved 1048576K
}
Event: 32.815 GC heap after
{Heap after GC invocations=26 (full 2):
 PSYoungGen      total 19968K, used 352K [0x00000000eab00000, 0x00000000ec080000, 0x0000000100000000)
  eden space 19456K, 0% used [0x00000000eab00000,0x00000000eab00000,0x00000000ebe00000)
  from space 512K, 68% used [0x00000000ec000000,0x00000000ec058000,0x00000000ec080000)
  to   space 512K, 0% used [0x00000000ebf80000,0x00000000ebf80000,0x00000000ec000000)
 ParOldGen       total 68608K, used 33078K [0x00000000c0000000, 0x00000000c4300000, 0x00000000eab00000)
  object space 68608K, 48% used [0x00000000c0000000,0x00000000c204d800,0x00000000c4300000)
 Metaspace       used 46911K, committed 47744K, reserved 1097728K
  class space    used 5073K, committed 5376K, reserved 1048576K
}
Event: 33.068 GC heap before
{Heap before GC invocations=27 (full 2):
 PSYoungGen      total 19968K, used 19808K [0x00000000eab00000, 0x00000000ec080000, 0x0000000100000000)
  eden space 19456K, 100% used [0x00000000eab00000,0x00000000ebe00000,0x00000000ebe00000)
  from space 512K, 68% used [0x00000000ec000000,0x00000000ec058000,0x00000000ec080000)
  to   space 512K, 0% used [0x00000000ebf80000,0x00000000ebf80000,0x00000000ec000000)
 ParOldGen       total 68608K, used 33078K [0x00000000c0000000, 0x00000000c4300000, 0x00000000eab00000)
  object space 68608K, 48% used [0x00000000c0000000,0x00000000c204d800,0x00000000c4300000)
 Metaspace       used 47080K, committed 47936K, reserved 1097728K
  class space    used 5080K, committed 5440K, reserved 1048576K
}
Event: 33.071 GC heap after
{Heap after GC invocations=27 (full 2):
 PSYoungGen      total 19968K, used 512K [0x00000000eab00000, 0x00000000ec200000, 0x0000000100000000)
  eden space 19456K, 0% used [0x00000000eab00000,0x00000000eab00000,0x00000000ebe00000)
  from space 512K, 100% used [0x00000000ebf80000,0x00000000ec000000,0x00000000ec000000)
  to   space 2048K, 0% used [0x00000000ec000000,0x00000000ec000000,0x00000000ec200000)
 ParOldGen       total 68608K, used 34001K [0x00000000c0000000, 0x00000000c4300000, 0x00000000eab00000)
  object space 68608K, 49% used [0x00000000c0000000,0x00000000c2134430,0x00000000c4300000)
 Metaspace       used 47080K, committed 47936K, reserved 1097728K
  class space    used 5080K, committed 5440K, reserved 1048576K
}
Event: 34.110 GC heap before
{Heap before GC invocations=28 (full 2):
 PSYoungGen      total 19968K, used 19938K [0x00000000eab00000, 0x00000000ec200000, 0x0000000100000000)
  eden space 19456K, 99% used [0x00000000eab00000,0x00000000ebdf88f0,0x00000000ebe00000)
  from space 512K, 100% used [0x00000000ebf80000,0x00000000ec000000,0x00000000ec000000)
  to   space 2048K, 0% used [0x00000000ec000000,0x00000000ec000000,0x00000000ec200000)
 ParOldGen       total 68608K, used 34001K [0x00000000c0000000, 0x00000000c4300000, 0x00000000eab00000)
  object space 68608K, 49% used [0x00000000c0000000,0x00000000c2134430,0x00000000c4300000)
 Metaspace       used 47552K, committed 48384K, reserved 1097728K
  class space    used 5146K, committed 5504K, reserved 1048576K
}
Event: 34.112 GC heap after
{Heap after GC invocations=28 (full 2):
 PSYoungGen      total 19456K, used 2045K [0x00000000eab00000, 0x00000000ec600000, 0x0000000100000000)
  eden space 17408K, 0% used [0x00000000eab00000,0x00000000eab00000,0x00000000ebc00000)
  from space 2048K, 99% used [0x00000000ec000000,0x00000000ec1ff5f0,0x00000000ec200000)
  to   space 4096K, 0% used [0x00000000ebc00000,0x00000000ebc00000,0x00000000ec000000)
 ParOldGen       total 68608K, used 35493K [0x00000000c0000000, 0x00000000c4300000, 0x00000000eab00000)
  object space 68608K, 51% used [0x00000000c0000000,0x00000000c22a9440,0x00000000c4300000)
 Metaspace       used 47552K, committed 48384K, reserved 1097728K
  class space    used 5146K, committed 5504K, reserved 1048576K
}

Deoptimization events (20 events):
Event: 34.764 Thread 0x00000232dc1ef8d0 Uncommon trap: trap_request=0xffffff45 fr.pc=0x00000232cc072924 relative=0x0000000000000244
Event: 34.764 Thread 0x00000232dc1ef8d0 Uncommon trap: reason=unstable_if action=reinterpret pc=0x00000232cc072924 method=java.util.HashMap.getNode(Ljava/lang/Object;)Ljava/util/HashMap$Node; @ 66 c2
Event: 34.764 Thread 0x00000232dc1ef8d0 DEOPT PACKING pc=0x00000232cc072924 sp=0x000000f9cd0fdf80
Event: 34.764 Thread 0x00000232dc1ef8d0 DEOPT UNPACKING pc=0x00000232c44d20a3 sp=0x000000f9cd0fde40 mode 2
Event: 34.774 Thread 0x00000232d92a7500 Uncommon trap: trap_request=0xffffff76 fr.pc=0x00000232cc2aa510 relative=0x00000000000004f0
Event: 34.774 Thread 0x00000232d92a7500 Uncommon trap: reason=predicate action=maybe_recompile pc=0x00000232cc2aa510 method=java.util.TimSort.reverseRange([Ljava/lang/Object;II)V @ 5 c2
Event: 34.774 Thread 0x00000232d92a7500 DEOPT PACKING pc=0x00000232cc2aa510 sp=0x000000f9cc7fe290
Event: 34.774 Thread 0x00000232d92a7500 DEOPT UNPACKING pc=0x00000232c44d20a3 sp=0x000000f9cc7fe1a8 mode 2
Event: 34.824 Thread 0x00000232dc1ef8d0 Uncommon trap: trap_request=0xffffffdc fr.pc=0x00000232cc2a1428 relative=0x0000000000000288
Event: 34.824 Thread 0x00000232dc1ef8d0 Uncommon trap: reason=class_check action=make_not_entrant pc=0x00000232cc2a1428 method=java.util.ArrayList.toArray([Ljava/lang/Object;)[Ljava/lang/Object; @ 21 c2
Event: 34.824 Thread 0x00000232dc1ef8d0 DEOPT PACKING pc=0x00000232cc2a1428 sp=0x000000f9cd0fe2f0
Event: 34.824 Thread 0x00000232dc1ef8d0 DEOPT UNPACKING pc=0x00000232c44d20a3 sp=0x000000f9cd0fe2c0 mode 2
Event: 34.836 Thread 0x00000232dc1ef8d0 Uncommon trap: trap_request=0xffffff45 fr.pc=0x00000232cc28980c relative=0x000000000000026c
Event: 34.836 Thread 0x00000232dc1ef8d0 Uncommon trap: reason=unstable_if action=reinterpret pc=0x00000232cc28980c method=org.eclipse.jdt.internal.compiler.classfmt.ClassFileStruct.utf8At(II)[C @ 46 c2
Event: 34.836 Thread 0x00000232dc1ef8d0 DEOPT PACKING pc=0x00000232cc28980c sp=0x000000f9cd0fe160
Event: 34.836 Thread 0x00000232dc1ef8d0 DEOPT UNPACKING pc=0x00000232c44d20a3 sp=0x000000f9cd0fe0f8 mode 2
Event: 34.836 Thread 0x00000232dc1ef8d0 Uncommon trap: trap_request=0xffffff45 fr.pc=0x00000232cc066fa8 relative=0x0000000000000208
Event: 34.836 Thread 0x00000232dc1ef8d0 Uncommon trap: reason=unstable_if action=reinterpret pc=0x00000232cc066fa8 method=java.lang.StringUTF16.compress([CII)[B @ 13 c2
Event: 34.836 Thread 0x00000232dc1ef8d0 DEOPT PACKING pc=0x00000232cc066fa8 sp=0x000000f9cd0fe140
Event: 34.836 Thread 0x00000232dc1ef8d0 DEOPT UNPACKING pc=0x00000232c44d20a3 sp=0x000000f9cd0fdfd8 mode 2

Classes unloaded (0 events):
No events

Classes redefined (0 events):
No events

Internal exceptions (20 events):
Event: 33.835 Thread 0x00000232d92a7500 Exception <a 'sun/nio/fs/WindowsException'{0x00000000eb238588}> (0x00000000eb238588) 
thrown [t:\workspace\open\src\hotspot\share\prims\jni.cpp, line 516]
Event: 33.836 Thread 0x00000232d92a7500 Exception <a 'sun/nio/fs/WindowsException'{0x00000000eb2398e0}> (0x00000000eb2398e0) 
thrown [t:\workspace\open\src\hotspot\share\prims\jni.cpp, line 516]
Event: 33.844 Thread 0x00000232d92a7500 Exception <a 'sun/nio/fs/WindowsException'{0x00000000eb23c548}> (0x00000000eb23c548) 
thrown [t:\workspace\open\src\hotspot\share\prims\jni.cpp, line 516]
Event: 33.848 Thread 0x00000232d92a7500 Exception <a 'sun/nio/fs/WindowsException'{0x00000000eb23ded8}> (0x00000000eb23ded8) 
thrown [t:\workspace\open\src\hotspot\share\prims\jni.cpp, line 516]
Event: 33.849 Thread 0x00000232d92a7500 Exception <a 'sun/nio/fs/WindowsException'{0x00000000eb23ee90}> (0x00000000eb23ee90) 
thrown [t:\workspace\open\src\hotspot\share\prims\jni.cpp, line 516]
Event: 33.857 Thread 0x00000232d92a7500 Exception <a 'sun/nio/fs/WindowsException'{0x00000000eb24e018}> (0x00000000eb24e018) 
thrown [t:\workspace\open\src\hotspot\share\prims\jni.cpp, line 516]
Event: 33.860 Thread 0x00000232d92a7500 Exception <a 'sun/nio/fs/WindowsException'{0x00000000eb252a30}> (0x00000000eb252a30) 
thrown [t:\workspace\open\src\hotspot\share\prims\jni.cpp, line 516]
Event: 33.863 Thread 0x00000232d92a7500 Exception <a 'sun/nio/fs/WindowsException'{0x00000000eb257b30}> (0x00000000eb257b30) 
thrown [t:\workspace\open\src\hotspot\share\prims\jni.cpp, line 516]
Event: 33.868 Thread 0x00000232d92a7500 Exception <a 'sun/nio/fs/WindowsException'{0x00000000eb261218}> (0x00000000eb261218) 
thrown [t:\workspace\open\src\hotspot\share\prims\jni.cpp, line 516]
Event: 33.873 Thread 0x00000232d92a7500 Exception <a 'sun/nio/fs/WindowsException'{0x00000000eb268f30}> (0x00000000eb268f30) 
thrown [t:\workspace\open\src\hotspot\share\prims\jni.cpp, line 516]
Event: 33.876 Thread 0x00000232d92a7500 Exception <a 'sun/nio/fs/WindowsException'{0x00000000eb26f3a0}> (0x00000000eb26f3a0) 
thrown [t:\workspace\open\src\hotspot\share\prims\jni.cpp, line 516]
Event: 33.880 Thread 0x00000232d92a7500 Exception <a 'sun/nio/fs/WindowsException'{0x00000000eb277518}> (0x00000000eb277518) 
thrown [t:\workspace\open\src\hotspot\share\prims\jni.cpp, line 516]
Event: 33.884 Thread 0x00000232d92a7500 Exception <a 'sun/nio/fs/WindowsException'{0x00000000eb27eaa0}> (0x00000000eb27eaa0) 
thrown [t:\workspace\open\src\hotspot\share\prims\jni.cpp, line 516]
Event: 33.887 Thread 0x00000232d92a7500 Exception <a 'sun/nio/fs/WindowsException'{0x00000000eb286718}> (0x00000000eb286718) 
thrown [t:\workspace\open\src\hotspot\share\prims\jni.cpp, line 516]
Event: 33.891 Thread 0x00000232d92a7500 Exception <a 'sun/nio/fs/WindowsException'{0x00000000eb28e148}> (0x00000000eb28e148) 
thrown [t:\workspace\open\src\hotspot\share\prims\jni.cpp, line 516]
Event: 33.986 Thread 0x00000232d92a7500 Exception <a 'java/lang/NoSuchMethodError'{0x00000000eb3d1a80}: 'int java.lang.invoke.DirectMethodHandle$Holder.invokeVirtual(java.lang.Object, java.lang.Object)'> (0x00000000eb3d1a80) 
thrown [t:\workspace\open\src\hotspot\share\interpreter\linkResolver.cpp, line 766]
Event: 34.305 Thread 0x00000232d92a7500 Exception <a 'java/lang/NoSuchMethodError'{0x00000000eb02c8f8}: 'int java.lang.invoke.DirectMethodHandle$Holder.invokeVirtual(java.lang.Object, java.lang.Object, java.lang.Object)'> (0x00000000eb02c8f8) 
thrown [t:\workspace\open\src\hotspot\share\interpreter\linkResolver.cpp, line 766]
Event: 34.639 Thread 0x00000232d92a7500 Exception <a 'sun/nio/fs/WindowsException'{0x00000000eb4fef40}> (0x00000000eb4fef40) 
thrown [t:\workspace\open\src\hotspot\share\prims\jni.cpp, line 516]
Event: 34.684 Thread 0x00000232d92a7500 Exception <a 'sun/nio/fs/WindowsException'{0x00000000eb50ef68}> (0x00000000eb50ef68) 
thrown [t:\workspace\open\src\hotspot\share\prims\jni.cpp, line 516]
Event: 34.780 Thread 0x00000232d92a7500 Exception <a 'sun/nio/fs/WindowsException'{0x00000000eb5201c8}> (0x00000000eb5201c8) 
thrown [t:\workspace\open\src\hotspot\share\prims\jni.cpp, line 516]

VM Operations (20 events):
Event: 32.795 Executing VM operation: HandshakeAllThreads
Event: 32.795 Executing VM operation: HandshakeAllThreads done
Event: 32.813 Executing VM operation: ParallelGCFailedAllocation
Event: 32.815 Executing VM operation: ParallelGCFailedAllocation done
Event: 32.933 Executing VM operation: HandshakeAllThreads
Event: 32.933 Executing VM operation: HandshakeAllThreads done
Event: 33.068 Executing VM operation: ParallelGCFailedAllocation
Event: 33.071 Executing VM operation: ParallelGCFailedAllocation done
Event: 33.939 Executing VM operation: HandshakeAllThreads
Event: 33.947 Executing VM operation: HandshakeAllThreads done
Event: 34.110 Executing VM operation: ParallelGCFailedAllocation
Event: 34.112 Executing VM operation: ParallelGCFailedAllocation done
Event: 34.313 Executing VM operation: HandshakeAllThreads
Event: 34.352 Executing VM operation: HandshakeAllThreads done
Event: 34.564 Executing VM operation: HandshakeAllThreads
Event: 34.564 Executing VM operation: HandshakeAllThreads done
Event: 34.641 Executing VM operation: ICBufferFull
Event: 34.641 Executing VM operation: ICBufferFull done
Event: 34.816 Executing VM operation: HandshakeAllThreads
Event: 34.816 Executing VM operation: HandshakeAllThreads done

Events (20 events):
Event: 34.306 loading class java/util/stream/ReduceOps$4
Event: 34.306 loading class java/util/stream/ReduceOps$4 done
Event: 34.306 loading class java/util/stream/ReduceOps$4ReducingSink
Event: 34.306 loading class java/util/stream/ReduceOps$4ReducingSink done
Event: 34.309 loading class java/nio/file/Files$2
Event: 34.309 loading class java/nio/file/Files$2 done
Event: 34.362 Thread 0x00000232d562a230 flushing nmethod 0x00000232c5161d10
Event: 34.499 Thread 0x00000232dc1ef8d0 Thread added: 0x00000232dc1ef8d0
Event: 34.637 loading class java/util/Hashtable$ValueCollection
Event: 34.637 loading class java/util/Hashtable$ValueCollection done
Event: 34.799 loading class java/util/stream/ReferencePipeline$4
Event: 34.804 loading class java/util/stream/ReferencePipeline$4 done
Event: 34.805 loading class java/util/stream/Nodes$IntFixedNodeBuilder
Event: 34.805 loading class java/util/stream/Node$Builder$OfInt
Event: 34.806 loading class java/util/stream/Node$Builder$OfInt done
Event: 34.806 loading class java/util/stream/Nodes$IntArrayNode
Event: 34.806 loading class java/util/stream/Nodes$IntArrayNode done
Event: 34.806 loading class java/util/stream/Nodes$IntFixedNodeBuilder done
Event: 34.806 loading class java/util/stream/ReferencePipeline$4$1
Event: 34.806 loading class java/util/stream/ReferencePipeline$4$1 done


Dynamic libraries:
0x00007ff7e88f0000 - 0x00007ff7e8900000 	o:\Java\jdk-17.0.2\bin\java.exe
0x00007ff8f0b70000 - 0x00007ff8f0d65000 	C:\WINDOWS\SYSTEM32\ntdll.dll
0x00007ff8c3b50000 - 0x00007ff8c3b66000 	C:\Program Files\Avast Software\Avast\aswhook.dll
0x00007ff8eebc0000 - 0x00007ff8eec7e000 	C:\WINDOWS\System32\KERNEL32.DLL
0x00007ff8ee280000 - 0x00007ff8ee548000 	C:\WINDOWS\System32\KERNELBASE.dll
0x00007ff8ee6b0000 - 0x00007ff8ee7b0000 	C:\WINDOWS\System32\ucrtbase.dll
0x00007ff8ced40000 - 0x00007ff8ced58000 	o:\Java\jdk-17.0.2\bin\jli.dll
0x00007ff8f0880000 - 0x00007ff8f092e000 	C:\WINDOWS\System32\ADVAPI32.dll
0x00007ff8f06b0000 - 0x00007ff8f074e000 	C:\WINDOWS\System32\msvcrt.dll
0x00007ff8ef900000 - 0x00007ff8ef99c000 	C:\WINDOWS\System32\sechost.dll
0x00007ff8f0580000 - 0x00007ff8f06a5000 	C:\WINDOWS\System32\RPCRT4.dll
0x00007ff8ef760000 - 0x00007ff8ef900000 	C:\WINDOWS\System32\USER32.dll
0x00007ff8ee600000 - 0x00007ff8ee622000 	C:\WINDOWS\System32\win32u.dll
0x00007ff8e8d30000 - 0x00007ff8e8d4a000 	o:\Java\jdk-17.0.2\bin\VCRUNTIME140.dll
0x00007ff8f0850000 - 0x00007ff8f087b000 	C:\WINDOWS\System32\GDI32.dll
0x00007ff8ee7b0000 - 0x00007ff8ee8bd000 	C:\WINDOWS\System32\gdi32full.dll
0x00007ff8ee950000 - 0x00007ff8ee9ed000 	C:\WINDOWS\System32\msvcp_win.dll
0x00007ff8d4de0000 - 0x00007ff8d507a000 	C:\WINDOWS\WinSxS\amd64_microsoft.windows.common-controls_6595b64144ccf1df_6.0.19041.1110_none_60b5254171f9507e\COMCTL32.dll
0x00007ff8e6750000 - 0x00007ff8e675a000 	C:\WINDOWS\SYSTEM32\VERSION.dll
0x00007ff8ef4a0000 - 0x00007ff8ef4d0000 	C:\WINDOWS\System32\IMM32.DLL
0x00007ff8d5420000 - 0x00007ff8d542c000 	o:\Java\jdk-17.0.2\bin\vcruntime140_1.dll
0x00007ff8b4950000 - 0x00007ff8b49dd000 	o:\Java\jdk-17.0.2\bin\msvcp140.dll
0x00007ff8a0da0000 - 0x00007ff8a1961000 	o:\Java\jdk-17.0.2\bin\server\jvm.dll
0x00007ff8f0930000 - 0x00007ff8f0938000 	C:\WINDOWS\System32\PSAPI.DLL
0x00007ff8db580000 - 0x00007ff8db589000 	C:\WINDOWS\SYSTEM32\WSOCK32.dll
0x00007ff8f07e0000 - 0x00007ff8f084b000 	C:\WINDOWS\System32\WS2_32.dll
0x00007ff8d6da0000 - 0x00007ff8d6dc7000 	C:\WINDOWS\SYSTEM32\WINMM.dll
0x00007ff8ecb30000 - 0x00007ff8ecb42000 	C:\WINDOWS\SYSTEM32\kernel.appcore.dll
0x00007ff8ced30000 - 0x00007ff8ced3a000 	o:\Java\jdk-17.0.2\bin\jimage.dll
0x00007ff8ec8e0000 - 0x00007ff8ecac4000 	C:\WINDOWS\SYSTEM32\DBGHELP.DLL
0x00007ff8e5460000 - 0x00007ff8e548c000 	C:\WINDOWS\SYSTEM32\dbgcore.DLL
0x00007ff8ee8c0000 - 0x00007ff8ee942000 	C:\WINDOWS\System32\bcryptPrimitives.dll
0x00007ff8c2f00000 - 0x00007ff8c2f25000 	o:\Java\jdk-17.0.2\bin\java.dll
0x00007ff8b4870000 - 0x00007ff8b4946000 	o:\Java\jdk-17.0.2\bin\jsvml.dll
0x00007ff8efe30000 - 0x00007ff8f0574000 	C:\WINDOWS\System32\SHELL32.dll
0x00007ff8ec080000 - 0x00007ff8ec814000 	C:\WINDOWS\SYSTEM32\windows.storage.dll
0x00007ff8eef10000 - 0x00007ff8ef265000 	C:\WINDOWS\System32\combase.dll
0x00007ff8edcd0000 - 0x00007ff8edcfe000 	C:\WINDOWS\SYSTEM32\Wldp.dll
0x00007ff8ef540000 - 0x00007ff8ef5ed000 	C:\WINDOWS\System32\SHCORE.dll
0x00007ff8ef5f0000 - 0x00007ff8ef645000 	C:\WINDOWS\System32\shlwapi.dll
0x00007ff8ee1c0000 - 0x00007ff8ee1df000 	C:\WINDOWS\SYSTEM32\profapi.dll
0x00007ff8c2cd0000 - 0x00007ff8c2ce9000 	O:\Java\jdk-17.0.2\bin\net.dll
0x00007ff8e1d80000 - 0x00007ff8e1e8c000 	C:\WINDOWS\SYSTEM32\WINHTTP.dll
0x00007ff8eda30000 - 0x00007ff8eda9a000 	C:\WINDOWS\system32\mswsock.dll
0x00007ff8c2cb0000 - 0x00007ff8c2cc6000 	O:\Java\jdk-17.0.2\bin\nio.dll
0x00007ff8c2c90000 - 0x00007ff8c2ca8000 	O:\Java\jdk-17.0.2\bin\zip.dll
0x00007ff8edc20000 - 0x00007ff8edc38000 	C:\WINDOWS\SYSTEM32\CRYPTSP.dll
0x00007ff8ed340000 - 0x00007ff8ed374000 	C:\WINDOWS\system32\rsaenh.dll
0x00007ff8ee630000 - 0x00007ff8ee657000 	C:\WINDOWS\System32\bcrypt.dll
0x00007ff8ee140000 - 0x00007ff8ee16e000 	C:\WINDOWS\SYSTEM32\USERENV.dll
0x00007ff8edc40000 - 0x00007ff8edc4c000 	C:\WINDOWS\SYSTEM32\CRYPTBASE.dll
0x00007ff8ed6d0000 - 0x00007ff8ed70b000 	C:\WINDOWS\SYSTEM32\IPHLPAPI.DLL
0x00007ff8efe20000 - 0x00007ff8efe28000 	C:\WINDOWS\System32\NSI.dll
0x00007ff8e36b0000 - 0x00007ff8e36c7000 	C:\WINDOWS\SYSTEM32\dhcpcsvc6.DLL
0x00007ff8e38d0000 - 0x00007ff8e38ed000 	C:\WINDOWS\SYSTEM32\dhcpcsvc.DLL
0x00007ff8ed720000 - 0x00007ff8ed7eb000 	C:\WINDOWS\SYSTEM32\DNSAPI.dll
0x00007ff8dcf10000 - 0x00007ff8dcf4e000 	C:\Users\Woyi\AppData\Roaming\Code\User\globalStorage\redhat.java\1.4.0\config_win\org.eclipse.equinox.launcher\org.eclipse.equinox.launcher.win32.win32.x86_64_1.2.400.v20211117-0650\eclipse_11602.dll
0x00007ff8ef370000 - 0x00007ff8ef49a000 	C:\WINDOWS\System32\ole32.dll
0x00007ff8e17e0000 - 0x00007ff8e17f0000 	o:\Java\jdk-17.0.2\bin\verify.dll
0x00007ff8dcef0000 - 0x00007ff8dcf01000 	C:\Users\Woyi\AppData\Roaming\Code\User\globalStorage\redhat.java\1.4.0\config_win\org.eclipse.osgi\22\0\.cp\jWinHttp-1.0.0.dll
0x00007ff8cc0b0000 - 0x00007ff8cc0b9000 	O:\Java\jdk-17.0.2\bin\management.dll
0x00007ff8c2ef0000 - 0x00007ff8c2efb000 	O:\Java\jdk-17.0.2\bin\management_ext.dll

dbghelp: loaded successfully - version: 4.0.5 - missing functions: none
symbol engine: initialized successfully - sym options: 0x614 - pdb path: .;o:\Java\jdk-17.0.2\bin;C:\WINDOWS\SYSTEM32;C:\Program Files\Avast Software\Avast;C:\WINDOWS\WinSxS\amd64_microsoft.windows.common-controls_6595b64144ccf1df_6.0.19041.1110_none_60b5254171f9507e;o:\Java\jdk-17.0.2\bin\server;C:\Users\Woyi\AppData\Roaming\Code\User\globalStorage\redhat.java\1.4.0\config_win\org.eclipse.equinox.launcher\org.eclipse.equinox.launcher.win32.win32.x86_64_1.2.400.v20211117-0650;C:\Users\Woyi\AppData\Roaming\Code\User\globalStorage\redhat.java\1.4.0\config_win\org.eclipse.osgi\22\0\.cp

VM Arguments:
jvm_args: --add-modules=ALL-SYSTEM --add-opens=java.base/java.util=ALL-UNNAMED --add-opens=java.base/java.lang=ALL-UNNAMED --add-opens=java.base/sun.nio.fs=ALL-UNNAMED -Declipse.application=org.eclipse.jdt.ls.core.id1 -Dosgi.bundles.defaultStartLevel=4 -Declipse.product=org.eclipse.jdt.ls.core.product -Djava.import.generatesMetadataFilesAtProjectRoot=false -Dfile.encoding=utf8 -DwatchParentProcess=false -XX:+UseParallelGC -XX:GCTimeRatio=4 -XX:AdaptiveSizePolicyWeight=90 -Dsun.zip.disableMemoryMapping=true -Xmx1G -Xms100m -XX:+HeapDumpOnOutOfMemoryError -XX:HeapDumpPath=c:\Users\Woyi\AppData\Roaming\Code\User\workspaceStorage\72a52f48ab5fef7502c5d8c379e6b950\redhat.java 
java_command: c:\Users\Woyi\.vscode\extensions\redhat.java-1.4.0\server\plugins\org.eclipse.equinox.launcher_1.6.400.v20210924-0641.jar -configuration c:\Users\Woyi\AppData\Roaming\Code\User\globalStorage\redhat.java\1.4.0\config_win -data c:\Users\Woyi\AppData\Roaming\Code\User\workspaceStorage\72a52f48ab5fef7502c5d8c379e6b950\redhat.java\jdt_ws
java_class_path (initial): c:\Users\Woyi\.vscode\extensions\redhat.java-1.4.0\server\plugins\org.eclipse.equinox.launcher_1.6.400.v20210924-0641.jar
Launcher Type: SUN_STANDARD

[Global flags]
    uintx AdaptiveSizePolicyWeight                 = 90                                        {product} {command line}
     intx CICompilerCount                          = 3                                         {product} {ergonomic}
    uintx GCTimeRatio                              = 4                                         {product} {command line}
     bool HeapDumpOnOutOfMemoryError               = true                                   {manageable} {command line}
    ccstr HeapDumpPath                             = c:\Users\Woyi\AppData\Roaming\Code\User\workspaceStorage\72a52f48ab5fef7502c5d8c379e6b950\redhat.java         {manageable} {command line}
   size_t InitialHeapSize                          = 104857600                                 {product} {command line}
   size_t MaxHeapSize                              = 1073741824                                {product} {command line}
   size_t MaxNewSize                               = 357564416                                 {product} {ergonomic}
   size_t MinHeapDeltaBytes                        = 524288                                    {product} {ergonomic}
   size_t MinHeapSize                              = 104857600                                 {product} {command line}
   size_t NewSize                                  = 34603008                                  {product} {ergonomic}
    uintx NonNMethodCodeHeapSize                   = 5832780                                {pd product} {ergonomic}
    uintx NonProfiledCodeHeapSize                  = 122912730                              {pd product} {ergonomic}
   size_t OldSize                                  = 70254592                                  {product} {ergonomic}
    uintx ProfiledCodeHeapSize                     = 122912730                              {pd product} {ergonomic}
    uintx ReservedCodeCacheSize                    = 251658240                              {pd product} {ergonomic}
     bool SegmentedCodeCache                       = true                                      {product} {ergonomic}
   size_t SoftMaxHeapSize                          = 1073741824                             {manageable} {ergonomic}
     bool UseCompressedClassPointers               = true                           {product lp64_product} {ergonomic}
     bool UseCompressedOops                        = true                           {product lp64_product} {ergonomic}
     bool UseLargePagesIndividualAllocation        = false                                  {pd product} {ergonomic}
     bool UseParallelGC                            = true                                      {product} {command line}

Logging:
Log output configuration:
 #0: stdout all=warning uptime,level,tags
 #1: stderr all=off uptime,level,tags

Environment Variables:
JAVA_HOME=O:\Java\jdk-17.0.2
PATH=C:\Program Files\Common Files\Oracle\Java\javapath;C:\Program Files (x86)\Common Files\Oracle\Java\javapath;C:\Program Files (x86)\AdoptOpenJDK\jdk-8.0.232.09-hotspot\bin;C:\WINDOWS\system32;C:\WINDOWS;C:\WINDOWS\System32\Wbem;C:\WINDOWS\System32\WindowsPowerShell\v1.0\;C:\WINDOWS\System32\OpenSSH\;C:\Program Files (x86)\QuickTime Alternative\QTSystem;C:\Program Files\PuTTY\;C:\xampp\php;C:\ProgramData\ComposerSetup\bin;O:\nodejs\;O:\Git\Git\cmd;O:\Git\Git\mingw64\bin;O:\Git\Git\usr\bin;C:\Program Files (x86)\QuickTime Alternative\QTSystem\;C:\Program Files\Go\bin;C:\Program Files\apache-maven-3.8.4\bin;O:\Java\jdk-17.0.2;C:\Users\Woyi\AppData\Local\Programs\Python\Python39\Scripts\;C:\Users\Woyi\AppData\Local\Programs\Python\Python39\;C:\Users\Woyi\AppData\Local\Programs\Python\Python37-32\Scripts\;C:\Users\Woyi\AppData\Local\Programs\Python\Python37-32\;C:\Users\Woyi\AppData\Local\Microsoft\WindowsApps;C:\Users\Woyi\AppData\Local\Programs\Microsoft VS Code\bin;C:\Users\Woyi\AppData\Roaming\Composer\vendor\bin;C:\Users\Woyi\AppData\Roaming\npm;C:\Users\Woyi\Downloads\Compressed\sqlite3;C:\Users\Woyi\go\bin;O:\Java\jdk-17.0.2\bin;D:\New\Downloads\Programs\IntelliJ IDEA Community Edition 2019.2.4\bin;;
USERNAME=Woyi
OS=Windows_NT
PROCESSOR_IDENTIFIER=Intel64 Family 6 Model 58 Stepping 9, GenuineIntel



---------------  S Y S T E M  ---------------

OS:
 Windows 10 , 64 bit Build 19041 (10.0.19041.1503)
OS uptime: 0 days 0:22 hours

CPU: total 4 (initial active 4) (2 cores per cpu, 2 threads per core) family 6 model 58 stepping 9 microcode 0x21, cx8, cmov, fxsr, ht, mmx, sse, sse2, sse3, ssse3, sse4.1, sse4.2, popcnt, tsc, tscinvbit, avx, aes, erms, clmul, vzeroupper, clflush

Memory: 4k page, system-wide physical 3959M (419M free)
TotalPageFile size 5327M (AvailPageFile size 7M)
current process WorkingSet (physical memory assigned to process): 212M, peak: 224M
current process commit charge ("private bytes"): 281M, peak: 313M

vm_info: Java HotSpot(TM) 64-Bit Server VM (17.0.2+8-LTS-86) for windows-amd64 JRE (17.0.2+8-LTS-86), built on Dec  7 2021 21:51:03 by "mach5one" with MS VC++ 16.8 / 16.9 (VS2019)

END.
